[0.000000] (-) TimerEvent: {}
[0.000227] (ssd_detection) JobQueued: {'identifier': 'ssd_detection', 'dependencies': OrderedDict()}
[0.000290] (topic_helloworld) JobQueued: {'identifier': 'topic_helloworld', 'dependencies': OrderedDict()}
[0.000633] (ssd_detection) JobStarted: {'identifier': 'ssd_detection'}
[0.099940] (-) TimerEvent: {}
[0.200557] (-) TimerEvent: {}
[0.301587] (-) TimerEvent: {}
[0.403017] (-) TimerEvent: {}
[0.504804] (-) TimerEvent: {}
[0.556290] (topic_helloworld) JobStarted: {'identifier': 'topic_helloworld'}
[0.605428] (-) TimerEvent: {}
[0.706766] (-) TimerEvent: {}
[0.807881] (-) TimerEvent: {}
[0.908815] (-) TimerEvent: {}
[1.010272] (-) TimerEvent: {}
[1.111748] (-) TimerEvent: {}
[1.214427] (-) TimerEvent: {}
[1.314783] (-) TimerEvent: {}
[1.415157] (-) TimerEvent: {}
[1.517010] (-) TimerEvent: {}
[1.617244] (-) TimerEvent: {}
[1.717668] (-) TimerEvent: {}
[1.818734] (-) TimerEvent: {}
[1.919068] (-) TimerEvent: {}
[2.019611] (-) TimerEvent: {}
[2.121088] (-) TimerEvent: {}
[2.221850] (-) TimerEvent: {}
[2.322315] (-) TimerEvent: {}
[2.424094] (-) TimerEvent: {}
[2.525629] (-) TimerEvent: {}
[2.625984] (-) TimerEvent: {}
[2.726247] (-) TimerEvent: {}
[2.826522] (-) TimerEvent: {}
[2.926817] (-) TimerEvent: {}
[3.027066] (-) TimerEvent: {}
[3.127354] (-) TimerEvent: {}
[3.144615] (ssd_detection) Command: {'cmd': ['/usr/bin/python3', 'setup.py', 'egg_info', '--egg-base', '../../build/ssd_detection', 'build', '--build-base', '/home/kimjunsuk/ros2_ws/build/ssd_detection/build', 'install', '--record', '/home/kimjunsuk/ros2_ws/build/ssd_detection/install.log', '--install-scripts', '$base/lib/ssd_detection', '--single-version-externally-managed'], 'cwd': '/home/kimjunsuk/ros2_ws/src/ssd_detection', 'env': {'GJS_DEBUG_TOPICS': 'JS ERROR;JS LOG', 'LANGUAGE': 'en_US:en', 'USER': 'kimjunsuk', 'LC_TIME': 'ko_KR.UTF-8', 'SSH_AGENT_PID': '1322', 'XDG_SESSION_TYPE': 'x11', 'SHLVL': '1', 'LD_LIBRARY_PATH': '/opt/ros/foxy/opt/yaml_cpp_vendor/lib:/opt/ros/foxy/opt/rviz_ogre_vendor/lib:/opt/ros/foxy/lib/x86_64-linux-gnu:/opt/ros/foxy/lib', 'HOME': '/home/kimjunsuk', 'DESKTOP_SESSION': 'ubuntu', 'GIO_LAUNCHED_DESKTOP_FILE': '/usr/share/applications/terminator.desktop', 'ROS_PYTHON_VERSION': '3', 'GNOME_SHELL_SESSION_MODE': 'ubuntu', 'GTK_MODULES': 'gail:atk-bridge', 'LC_MONETARY': 'ko_KR.UTF-8', 'MANAGERPID': '905', 'DBUS_SESSION_BUS_ADDRESS': 'unix:path=/run/user/1000/bus', 'COLORTERM': 'truecolor', 'TERMINATOR_DBUS_NAME': 'net.tenshu.Terminator21a9d5db22c73a993ff0b42f64b396873', 'GIO_LAUNCHED_DESKTOP_FILE_PID': '77445', 'IM_CONFIG_PHASE': '1', 'COLCON_PREFIX_PATH': '/home/kimjunsuk/ros2_ws/install', 'ROS_DISTRO': 'foxy', 'LOGNAME': 'kimjunsuk', 'JOURNAL_STREAM': '8:40209', '_': '/usr/bin/colcon', 'ROS_VERSION': '2', 'XDG_SESSION_CLASS': 'user', 'USERNAME': 'kimjunsuk', 'TERM': 'xterm-256color', 'GNOME_DESKTOP_SESSION_ID': 'this-is-deprecated', 'ROS_LOCALHOST_ONLY': '0', 'WINDOWPATH': '2', 'PATH': '/opt/ros/foxy/bin:/home/kimjunsuk/.local/bin:/usr/local/sbin:/usr/local/bin:/usr/sbin:/usr/bin:/sbin:/bin:/usr/games:/usr/local/games:/snap/bin', 'SESSION_MANAGER': 'local/kimjunsuk-950XCJ-951XCJ-950XCR:@/tmp/.ICE-unix/1352,unix/kimjunsuk-950XCJ-951XCJ-950XCR:/tmp/.ICE-unix/1352', 'INVOCATION_ID': '6be6f5a59a0a4b84b9b55f187ffc9295', 'PAPERSIZE': 'a4', 'XDG_MENU_PREFIX': 'gnome-', 'LC_ADDRESS': 'ko_KR.UTF-8', 'XDG_RUNTIME_DIR': '/run/user/1000', 'DISPLAY': ':0', 'TERMINATOR_DBUS_PATH': '/net/tenshu/Terminator2', 'LANG': 'en_US.UTF-8', 'XDG_CURRENT_DESKTOP': 'ubuntu:GNOME', 'LC_TELEPHONE': 'ko_KR.UTF-8', 'XMODIFIERS': '@im=ibus', 'XDG_SESSION_DESKTOP': 'ubuntu', 'XAUTHORITY': '/run/user/1000/gdm/Xauthority', 'SSH_AUTH_SOCK': '/run/user/1000/keyring/ssh', 'AMENT_PREFIX_PATH': '/home/kimjunsuk/ros2_ws/install/topic_helloworld:/home/kimjunsuk/ros2_ws/install/ssd_detection:/opt/ros/foxy', 'LC_MESSAGES': 'POSIX', 'SHELL': '/bin/bash', 'LC_NAME': 'ko_KR.UTF-8', 'TERMINATOR_UUID': 'urn:uuid:42de4782-2fb7-40c0-b8ab-002f9acf5b47', 'QT_ACCESSIBILITY': '1', 'GDMSESSION': 'ubuntu', 'LC_MEASUREMENT': 'ko_KR.UTF-8', 'GPG_AGENT_INFO': '/run/user/1000/gnupg/S.gpg-agent:0:1', 'GJS_DEBUG_OUTPUT': 'stderr', 'LC_IDENTIFICATION': 'ko_KR.UTF-8', 'QT_IM_MODULE': 'ibus', 'PWD': '/home/kimjunsuk/ros2_ws/build/ssd_detection', 'XDG_CONFIG_DIRS': '/etc/xdg/xdg-ubuntu:/etc/xdg', 'XDG_DATA_DIRS': '/usr/share/ubuntu:/usr/local/share/:/usr/share/:/var/lib/snapd/desktop', 'PYTHONPATH': '/home/kimjunsuk/ros2_ws/build/ssd_detection/prefix_override:/home/kimjunsuk/ros2_ws/install/ssd_detection/lib/python3.8/site-packages:/home/kimjunsuk/ros2_ws/install/topic_helloworld/lib/python3.8/site-packages:/home/kimjunsuk/ros2_ws/install/ssd_detection/lib/python3.8/site-packages:/opt/ros/foxy/lib/python3.8/site-packages', 'LC_NUMERIC': 'ko_KR.UTF-8', 'LC_PAPER': 'ko_KR.UTF-8', 'COLCON': '1', 'VTE_VERSION': '6003'}, 'shell': False}
[3.150115] (topic_helloworld) Command: {'cmd': ['/usr/bin/python3', 'setup.py', 'egg_info', '--egg-base', '../../build/topic_helloworld', 'build', '--build-base', '/home/kimjunsuk/ros2_ws/build/topic_helloworld/build', 'install', '--record', '/home/kimjunsuk/ros2_ws/build/topic_helloworld/install.log', '--install-scripts', '$base/lib/topic_helloworld', '--single-version-externally-managed'], 'cwd': '/home/kimjunsuk/ros2_ws/src/topic_helloworld', 'env': {'GJS_DEBUG_TOPICS': 'JS ERROR;JS LOG', 'LANGUAGE': 'en_US:en', 'USER': 'kimjunsuk', 'LC_TIME': 'ko_KR.UTF-8', 'SSH_AGENT_PID': '1322', 'XDG_SESSION_TYPE': 'x11', 'SHLVL': '1', 'LD_LIBRARY_PATH': '/opt/ros/foxy/opt/yaml_cpp_vendor/lib:/opt/ros/foxy/opt/rviz_ogre_vendor/lib:/opt/ros/foxy/lib/x86_64-linux-gnu:/opt/ros/foxy/lib', 'HOME': '/home/kimjunsuk', 'DESKTOP_SESSION': 'ubuntu', 'GIO_LAUNCHED_DESKTOP_FILE': '/usr/share/applications/terminator.desktop', 'ROS_PYTHON_VERSION': '3', 'GNOME_SHELL_SESSION_MODE': 'ubuntu', 'GTK_MODULES': 'gail:atk-bridge', 'LC_MONETARY': 'ko_KR.UTF-8', 'MANAGERPID': '905', 'DBUS_SESSION_BUS_ADDRESS': 'unix:path=/run/user/1000/bus', 'COLORTERM': 'truecolor', 'TERMINATOR_DBUS_NAME': 'net.tenshu.Terminator21a9d5db22c73a993ff0b42f64b396873', 'GIO_LAUNCHED_DESKTOP_FILE_PID': '77445', 'IM_CONFIG_PHASE': '1', 'COLCON_PREFIX_PATH': '/home/kimjunsuk/ros2_ws/install', 'ROS_DISTRO': 'foxy', 'LOGNAME': 'kimjunsuk', 'JOURNAL_STREAM': '8:40209', '_': '/usr/bin/colcon', 'ROS_VERSION': '2', 'XDG_SESSION_CLASS': 'user', 'USERNAME': 'kimjunsuk', 'TERM': 'xterm-256color', 'GNOME_DESKTOP_SESSION_ID': 'this-is-deprecated', 'ROS_LOCALHOST_ONLY': '0', 'WINDOWPATH': '2', 'PATH': '/opt/ros/foxy/bin:/home/kimjunsuk/.local/bin:/usr/local/sbin:/usr/local/bin:/usr/sbin:/usr/bin:/sbin:/bin:/usr/games:/usr/local/games:/snap/bin', 'SESSION_MANAGER': 'local/kimjunsuk-950XCJ-951XCJ-950XCR:@/tmp/.ICE-unix/1352,unix/kimjunsuk-950XCJ-951XCJ-950XCR:/tmp/.ICE-unix/1352', 'INVOCATION_ID': '6be6f5a59a0a4b84b9b55f187ffc9295', 'PAPERSIZE': 'a4', 'XDG_MENU_PREFIX': 'gnome-', 'LC_ADDRESS': 'ko_KR.UTF-8', 'XDG_RUNTIME_DIR': '/run/user/1000', 'DISPLAY': ':0', 'TERMINATOR_DBUS_PATH': '/net/tenshu/Terminator2', 'LANG': 'en_US.UTF-8', 'XDG_CURRENT_DESKTOP': 'ubuntu:GNOME', 'LC_TELEPHONE': 'ko_KR.UTF-8', 'XMODIFIERS': '@im=ibus', 'XDG_SESSION_DESKTOP': 'ubuntu', 'XAUTHORITY': '/run/user/1000/gdm/Xauthority', 'SSH_AUTH_SOCK': '/run/user/1000/keyring/ssh', 'AMENT_PREFIX_PATH': '/home/kimjunsuk/ros2_ws/install/topic_helloworld:/home/kimjunsuk/ros2_ws/install/ssd_detection:/opt/ros/foxy', 'LC_MESSAGES': 'POSIX', 'SHELL': '/bin/bash', 'LC_NAME': 'ko_KR.UTF-8', 'TERMINATOR_UUID': 'urn:uuid:42de4782-2fb7-40c0-b8ab-002f9acf5b47', 'QT_ACCESSIBILITY': '1', 'GDMSESSION': 'ubuntu', 'LC_MEASUREMENT': 'ko_KR.UTF-8', 'GPG_AGENT_INFO': '/run/user/1000/gnupg/S.gpg-agent:0:1', 'GJS_DEBUG_OUTPUT': 'stderr', 'LC_IDENTIFICATION': 'ko_KR.UTF-8', 'QT_IM_MODULE': 'ibus', 'PWD': '/home/kimjunsuk/ros2_ws/build/topic_helloworld', 'XDG_CONFIG_DIRS': '/etc/xdg/xdg-ubuntu:/etc/xdg', 'XDG_DATA_DIRS': '/usr/share/ubuntu:/usr/local/share/:/usr/share/:/var/lib/snapd/desktop', 'PYTHONPATH': '/home/kimjunsuk/ros2_ws/build/topic_helloworld/prefix_override:/home/kimjunsuk/ros2_ws/install/topic_helloworld/lib/python3.8/site-packages:/home/kimjunsuk/ros2_ws/install/topic_helloworld/lib/python3.8/site-packages:/home/kimjunsuk/ros2_ws/install/ssd_detection/lib/python3.8/site-packages:/opt/ros/foxy/lib/python3.8/site-packages', 'LC_NUMERIC': 'ko_KR.UTF-8', 'LC_PAPER': 'ko_KR.UTF-8', 'COLCON': '1', 'VTE_VERSION': '6003'}, 'shell': False}
[3.227483] (-) TimerEvent: {}
[3.273823] (ssd_detection) StderrLine: {'line': b'/usr/local/lib/python3.8/dist-packages/setuptools/dist.py:472: SetuptoolsDeprecationWarning: Invalid dash-separated options\n'}
[3.273998] (ssd_detection) StderrLine: {'line': b'!!\n'}
[3.274071] (ssd_detection) StderrLine: {'line': b'\n'}
[3.274133] (ssd_detection) StderrLine: {'line': b'        ********************************************************************************\n'}
[3.274196] (ssd_detection) StderrLine: {'line': b"        Usage of dash-separated 'script-dir' will not be supported in future\n"}
[3.274255] (ssd_detection) StderrLine: {'line': b"        versions. Please use the underscore name 'script_dir' instead.\n"}
[3.274324] (ssd_detection) StderrLine: {'line': b'\n'}
[3.274385] (ssd_detection) StderrLine: {'line': b'        By 2024-Sep-26, you need to update your project and remove deprecated calls\n'}
[3.274444] (ssd_detection) StderrLine: {'line': b'        or your builds will no longer be supported.\n'}
[3.274502] (ssd_detection) StderrLine: {'line': b'\n'}
[3.274561] (ssd_detection) StderrLine: {'line': b'        See https://setuptools.pypa.io/en/latest/userguide/declarative_config.html for details.\n'}
[3.274619] (ssd_detection) StderrLine: {'line': b'        ********************************************************************************\n'}
[3.274677] (ssd_detection) StderrLine: {'line': b'\n'}
[3.274734] (ssd_detection) StderrLine: {'line': b'!!\n'}
[3.274791] (ssd_detection) StderrLine: {'line': b'  opt = self.warn_dash_deprecation(opt, section)\n'}
[3.277985] (topic_helloworld) StderrLine: {'line': b'/usr/local/lib/python3.8/dist-packages/setuptools/dist.py:472: SetuptoolsDeprecationWarning: Invalid dash-separated options\n'}
[3.278121] (topic_helloworld) StderrLine: {'line': b'!!\n'}
[3.278191] (topic_helloworld) StderrLine: {'line': b'\n'}
[3.278252] (topic_helloworld) StderrLine: {'line': b'        ********************************************************************************\n'}
[3.278323] (topic_helloworld) StderrLine: {'line': b"        Usage of dash-separated 'script-dir' will not be supported in future\n"}
[3.278383] (topic_helloworld) StderrLine: {'line': b"        versions. Please use the underscore name 'script_dir' instead.\n"}
[3.278441] (topic_helloworld) StderrLine: {'line': b'\n'}
[3.278499] (topic_helloworld) StderrLine: {'line': b'        By 2024-Sep-26, you need to update your project and remove deprecated calls\n'}
[3.278556] (topic_helloworld) StderrLine: {'line': b'        or your builds will no longer be supported.\n'}
[3.278614] (topic_helloworld) StderrLine: {'line': b'\n'}
[3.278672] (topic_helloworld) StderrLine: {'line': b'        See https://setuptools.pypa.io/en/latest/userguide/declarative_config.html for details.\n'}
[3.278730] (topic_helloworld) StderrLine: {'line': b'        ********************************************************************************\n'}
[3.278787] (topic_helloworld) StderrLine: {'line': b'\n'}
[3.278844] (topic_helloworld) StderrLine: {'line': b'!!\n'}
[3.278900] (topic_helloworld) StderrLine: {'line': b'  opt = self.warn_dash_deprecation(opt, section)\n'}
[3.327591] (-) TimerEvent: {}
[3.378960] (ssd_detection) StdoutLine: {'line': b'running egg_info\n'}
[3.385843] (topic_helloworld) StdoutLine: {'line': b'running egg_info\n'}
[3.427712] (-) TimerEvent: {}
[3.498961] (ssd_detection) StdoutLine: {'line': b'writing ../../build/ssd_detection/ssd_detection.egg-info/PKG-INFO\n'}
[3.499349] (ssd_detection) StdoutLine: {'line': b'writing dependency_links to ../../build/ssd_detection/ssd_detection.egg-info/dependency_links.txt\n'}
[3.499536] (ssd_detection) StdoutLine: {'line': b'writing entry points to ../../build/ssd_detection/ssd_detection.egg-info/entry_points.txt\n'}
[3.499727] (ssd_detection) StdoutLine: {'line': b'writing requirements to ../../build/ssd_detection/ssd_detection.egg-info/requires.txt\n'}
[3.499905] (ssd_detection) StdoutLine: {'line': b'writing top-level names to ../../build/ssd_detection/ssd_detection.egg-info/top_level.txt\n'}
[3.507337] (topic_helloworld) StdoutLine: {'line': b'writing ../../build/topic_helloworld/topic_helloworld.egg-info/PKG-INFO\n'}
[3.507747] (topic_helloworld) StdoutLine: {'line': b'writing dependency_links to ../../build/topic_helloworld/topic_helloworld.egg-info/dependency_links.txt\n'}
[3.508004] (topic_helloworld) StdoutLine: {'line': b'writing requirements to ../../build/topic_helloworld/topic_helloworld.egg-info/requires.txt\n'}
[3.508191] (topic_helloworld) StdoutLine: {'line': b'writing top-level names to ../../build/topic_helloworld/topic_helloworld.egg-info/top_level.txt\n'}
[3.527824] (-) TimerEvent: {}
[3.534154] (ssd_detection) StdoutLine: {'line': b"reading manifest file '../../build/ssd_detection/ssd_detection.egg-info/SOURCES.txt'\n"}
[3.535034] (ssd_detection) StdoutLine: {'line': b"writing manifest file '../../build/ssd_detection/ssd_detection.egg-info/SOURCES.txt'\n"}
[3.535398] (ssd_detection) StdoutLine: {'line': b'running build\n'}
[3.535488] (ssd_detection) StdoutLine: {'line': b'running build_py\n'}
[3.535562] (ssd_detection) StdoutLine: {'line': b'copying ssd_detection/video_publisher.py -> /home/kimjunsuk/ros2_ws/build/ssd_detection/build/lib/ssd_detection\n'}
[3.535707] (ssd_detection) StdoutLine: {'line': b'copying ssd_detection/__init__.py -> /home/kimjunsuk/ros2_ws/build/ssd_detection/build/lib/ssd_detection\n'}
[3.535807] (ssd_detection) StdoutLine: {'line': b'copying ssd_detection/ssd_detection.py -> /home/kimjunsuk/ros2_ws/build/ssd_detection/build/lib/ssd_detection\n'}
[3.535960] (ssd_detection) StdoutLine: {'line': b'running install\n'}
[3.536147] (ssd_detection) StderrLine: {'line': b'/usr/local/lib/python3.8/dist-packages/setuptools/_distutils/cmd.py:66: SetuptoolsDeprecationWarning: setup.py install is deprecated.\n'}
[3.536220] (ssd_detection) StderrLine: {'line': b'!!\n'}
[3.536283] (ssd_detection) StderrLine: {'line': b'\n'}
[3.536344] (ssd_detection) StderrLine: {'line': b'        ********************************************************************************\n'}
[3.536403] (ssd_detection) StderrLine: {'line': b'        Please avoid running ``setup.py`` directly.\n'}
[3.536460] (ssd_detection) StderrLine: {'line': b'        Instead, use pypa/build, pypa/installer or other\n'}
[3.536518] (ssd_detection) StderrLine: {'line': b'        standards-based tools.\n'}
[3.536576] (ssd_detection) StderrLine: {'line': b'\n'}
[3.536634] (ssd_detection) StderrLine: {'line': b'        See https://blog.ganssle.io/articles/2021/10/setup-py-deprecated.html for details.\n'}
[3.536693] (ssd_detection) StderrLine: {'line': b'        ********************************************************************************\n'}
[3.536751] (ssd_detection) StderrLine: {'line': b'\n'}
[3.536809] (ssd_detection) StderrLine: {'line': b'!!\n'}
[3.536866] (ssd_detection) StderrLine: {'line': b'  self.initialize_options()\n'}
[3.541503] (ssd_detection) StdoutLine: {'line': b'running install_lib\n'}
[3.542873] (topic_helloworld) StdoutLine: {'line': b"reading manifest file '../../build/topic_helloworld/topic_helloworld.egg-info/SOURCES.txt'\n"}
[3.543730] (topic_helloworld) StdoutLine: {'line': b"writing manifest file '../../build/topic_helloworld/topic_helloworld.egg-info/SOURCES.txt'\n"}
[3.543919] (topic_helloworld) StdoutLine: {'line': b'running build\n'}
[3.544109] (topic_helloworld) StdoutLine: {'line': b'running build_py\n'}
[3.544187] (topic_helloworld) StdoutLine: {'line': b'copying topic_helloworld/__init__.py -> /home/kimjunsuk/ros2_ws/build/topic_helloworld/build/lib/topic_helloworld\n'}
[3.544338] (topic_helloworld) StdoutLine: {'line': b'running install\n'}
[3.544542] (topic_helloworld) StderrLine: {'line': b'/usr/local/lib/python3.8/dist-packages/setuptools/_distutils/cmd.py:66: SetuptoolsDeprecationWarning: setup.py install is deprecated.\n'}
[3.544640] (topic_helloworld) StderrLine: {'line': b'!!\n'}
[3.544714] (topic_helloworld) StderrLine: {'line': b'\n'}
[3.544775] (topic_helloworld) StderrLine: {'line': b'        ********************************************************************************\n'}
[3.544836] (topic_helloworld) StderrLine: {'line': b'        Please avoid running ``setup.py`` directly.\n'}
[3.544894] (topic_helloworld) StderrLine: {'line': b'        Instead, use pypa/build, pypa/installer or other\n'}
[3.544951] (topic_helloworld) StderrLine: {'line': b'        standards-based tools.\n'}
[3.545008] (topic_helloworld) StderrLine: {'line': b'\n'}
[3.545065] (topic_helloworld) StderrLine: {'line': b'        See https://blog.ganssle.io/articles/2021/10/setup-py-deprecated.html for details.\n'}
[3.545122] (topic_helloworld) StderrLine: {'line': b'        ********************************************************************************\n'}
[3.545179] (topic_helloworld) StderrLine: {'line': b'\n'}
[3.545236] (topic_helloworld) StderrLine: {'line': b'!!\n'}
[3.545292] (topic_helloworld) StderrLine: {'line': b'  self.initialize_options()\n'}
[3.550133] (topic_helloworld) StdoutLine: {'line': b'running install_lib\n'}
[3.558856] (ssd_detection) StdoutLine: {'line': b'running install_data\n'}
[3.567827] (topic_helloworld) StdoutLine: {'line': b'running install_data\n'}
[3.575691] (ssd_detection) StdoutLine: {'line': b'copying resource/ssd_detection -> /home/kimjunsuk/ros2_ws/install/ssd_detection/share/ament_index/resource_index/packages\n'}
[3.575924] (ssd_detection) StdoutLine: {'line': b'copying package.xml -> /home/kimjunsuk/ros2_ws/install/ssd_detection/share/ssd_detection\n'}
[3.576102] (ssd_detection) StdoutLine: {'line': b'running install_egg_info\n'}
[3.584827] (topic_helloworld) StdoutLine: {'line': b'copying resource/topic_helloworld -> /home/kimjunsuk/ros2_ws/install/topic_helloworld/share/ament_index/resource_index/packages\n'}
[3.585038] (topic_helloworld) StdoutLine: {'line': b'copying package.xml -> /home/kimjunsuk/ros2_ws/install/topic_helloworld/share/topic_helloworld\n'}
[3.585222] (topic_helloworld) StdoutLine: {'line': b'running install_egg_info\n'}
[3.593735] (ssd_detection) StdoutLine: {'line': b"removing '/home/kimjunsuk/ros2_ws/install/ssd_detection/lib/python3.8/site-packages/ssd_detection-0.0.0-py3.8.egg-info' (and everything under it)\n"}
[3.593952] (ssd_detection) StdoutLine: {'line': b'Copying ../../build/ssd_detection/ssd_detection.egg-info to /home/kimjunsuk/ros2_ws/install/ssd_detection/lib/python3.8/site-packages/ssd_detection-0.0.0-py3.8.egg-info\n'}
[3.594693] (ssd_detection) StdoutLine: {'line': b'running install_scripts\n'}
[3.602841] (topic_helloworld) StdoutLine: {'line': b"removing '/home/kimjunsuk/ros2_ws/install/topic_helloworld/lib/python3.8/site-packages/topic_helloworld-0.0.0-py3.8.egg-info' (and everything under it)\n"}
[3.603064] (topic_helloworld) StdoutLine: {'line': b'Copying ../../build/topic_helloworld/topic_helloworld.egg-info to /home/kimjunsuk/ros2_ws/install/topic_helloworld/lib/python3.8/site-packages/topic_helloworld-0.0.0-py3.8.egg-info\n'}
[3.603743] (topic_helloworld) StdoutLine: {'line': b'running install_scripts\n'}
[3.627942] (-) TimerEvent: {}
[3.643746] (ssd_detection) StdoutLine: {'line': b'Installing detection_example script to /home/kimjunsuk/ros2_ws/install/ssd_detection/lib/ssd_detection\n'}
[3.643983] (ssd_detection) StdoutLine: {'line': b'Installing video_publisher script to /home/kimjunsuk/ros2_ws/install/ssd_detection/lib/ssd_detection\n'}
[3.644194] (ssd_detection) StdoutLine: {'line': b"writing list of installed files to '/home/kimjunsuk/ros2_ws/build/ssd_detection/install.log'\n"}
[3.654125] (topic_helloworld) StdoutLine: {'line': b"writing list of installed files to '/home/kimjunsuk/ros2_ws/build/topic_helloworld/install.log'\n"}
[3.672415] (ssd_detection) CommandEnded: {'returncode': 0}
[3.729510] (-) TimerEvent: {}
[3.832208] (-) TimerEvent: {}
[3.932877] (-) TimerEvent: {}
[4.033824] (-) TimerEvent: {}
[4.063240] (ssd_detection) JobEnded: {'identifier': 'ssd_detection', 'rc': 0}
[4.064069] (topic_helloworld) CommandEnded: {'returncode': 0}
[4.134839] (-) TimerEvent: {}
[4.236857] (-) TimerEvent: {}
[4.337797] (-) TimerEvent: {}
[4.439475] (-) TimerEvent: {}
[4.459153] (topic_helloworld) JobEnded: {'identifier': 'topic_helloworld', 'rc': 0}
[4.459867] (-) EventReactorShutdown: {}
