running egg_info
writing ../../build/ssd_detection/ssd_detection.egg-info/PKG-INFO
writing dependency_links to ../../build/ssd_detection/ssd_detection.egg-info/dependency_links.txt
writing entry points to ../../build/ssd_detection/ssd_detection.egg-info/entry_points.txt
writing requirements to ../../build/ssd_detection/ssd_detection.egg-info/requires.txt
writing top-level names to ../../build/ssd_detection/ssd_detection.egg-info/top_level.txt
reading manifest file '../../build/ssd_detection/ssd_detection.egg-info/SOURCES.txt'
writing manifest file '../../build/ssd_detection/ssd_detection.egg-info/SOURCES.txt'
running build
running build_py
running install
running install_lib
running install_data
running install_egg_info
removing '/home/kimjunsuk/ros2_ws/install/ssd_detection/lib/python3.8/site-packages/ssd_detection-0.0.0-py3.8.egg-info' (and everything under it)
Copying ../../build/ssd_detection/ssd_detection.egg-info to /home/kimjunsuk/ros2_ws/install/ssd_detection/lib/python3.8/site-packages/ssd_detection-0.0.0-py3.8.egg-info
running install_scripts
Installing detection_example script to /home/kimjunsuk/ros2_ws/install/ssd_detection/lib/ssd_detection
Installing gui_display script to /home/kimjunsuk/ros2_ws/install/ssd_detection/lib/ssd_detection
Installing video_publisher script to /home/kimjunsuk/ros2_ws/install/ssd_detection/lib/ssd_detection
writing list of installed files to '/home/kimjunsuk/ros2_ws/build/ssd_detection/install.log'
