[0.145s] DEBUG:colcon:Command line arguments: ['/usr/bin/colcon', 'build']
[0.145s] DEBUG:colcon:Parsed command line arguments: Namespace(allow_overriding=[], ament_cmake_args=None, base_paths=['.'], build_base='build', catkin_cmake_args=None, catkin_skip_building_tests=False, cmake_args=None, cmake_clean_cache=False, cmake_clean_first=False, cmake_force_configure=False, cmake_target=None, cmake_target_skip_unavailable=False, continue_on_error=False, event_handlers=None, executor='parallel', ignore_user_meta=False, install_base='install', log_base=None, log_level=None, main=<bound method BuildVerb.main of <colcon_core.verb.build.BuildVerb object at 0x7fdabdf5f910>>, merge_install=False, metas=['./colcon.meta'], mixin=None, mixin_files=None, mixin_verb=('build',), packages_above=None, packages_above_and_dependencies=None, packages_above_depth=None, packages_end=None, packages_ignore=None, packages_ignore_regex=None, packages_select=None, packages_select_build_failed=False, packages_select_by_dep=None, packages_select_regex=None, packages_select_test_failures=False, packages_skip=None, packages_skip_build_finished=False, packages_skip_by_dep=None, packages_skip_regex=None, packages_skip_test_passed=False, packages_skip_up_to=None, packages_start=None, packages_up_to=None, packages_up_to_regex=None, parallel_workers=22, paths=None, symlink_install=False, test_result_base=None, verb_extension=<colcon_core.verb.build.BuildVerb object at 0x7fdabdf5f910>, verb_name='build', verb_parser=<colcon_mixin.mixin.mixin_argument.MixinArgumentDecorator object at 0x7fdabde44b50>)
[0.226s] Level 1:colcon.colcon_core.package_discovery:discover_packages(colcon_meta) check parameters
[0.226s] Level 1:colcon.colcon_core.package_discovery:discover_packages(recursive) check parameters
[0.226s] Level 1:colcon.colcon_core.package_discovery:discover_packages(ignore) check parameters
[0.226s] Level 1:colcon.colcon_core.package_discovery:discover_packages(path) check parameters
[0.226s] Level 1:colcon.colcon_core.package_discovery:discover_packages(colcon_meta) discover
[0.226s] Level 1:colcon.colcon_core.package_discovery:discover_packages(recursive) discover
[0.226s] INFO:colcon.colcon_core.package_discovery:Crawling recursively for packages in '/home/kimjunsuk/ros2_ws'
[0.226s] Level 1:colcon.colcon_core.package_identification:_identify(.) by extensions ['ignore', 'ignore_ament_install']
[0.226s] Level 1:colcon.colcon_core.package_identification:_identify(.) by extension 'ignore'
[0.226s] Level 1:colcon.colcon_core.package_identification:_identify(.) by extension 'ignore_ament_install'
[0.226s] Level 1:colcon.colcon_core.package_identification:_identify(.) by extensions ['colcon_pkg']
[0.226s] Level 1:colcon.colcon_core.package_identification:_identify(.) by extension 'colcon_pkg'
[0.226s] Level 1:colcon.colcon_core.package_identification:_identify(.) by extensions ['colcon_meta']
[0.226s] Level 1:colcon.colcon_core.package_identification:_identify(.) by extension 'colcon_meta'
[0.226s] Level 1:colcon.colcon_core.package_identification:_identify(.) by extensions ['ros']
[0.226s] Level 1:colcon.colcon_core.package_identification:_identify(.) by extension 'ros'
[0.232s] Level 1:colcon.colcon_core.package_identification:_identify(.) by extensions ['cmake', 'python']
[0.232s] Level 1:colcon.colcon_core.package_identification:_identify(.) by extension 'cmake'
[0.232s] Level 1:colcon.colcon_core.package_identification:_identify(.) by extension 'python'
[0.232s] Level 1:colcon.colcon_core.package_identification:_identify(.) by extensions ['python_setup_py']
[0.233s] Level 1:colcon.colcon_core.package_identification:_identify(.) by extension 'python_setup_py'
[0.233s] Level 1:colcon.colcon_core.package_identification:_identify(build) by extensions ['ignore', 'ignore_ament_install']
[0.233s] Level 1:colcon.colcon_core.package_identification:_identify(build) by extension 'ignore'
[0.233s] Level 1:colcon.colcon_core.package_identification:_identify(build) ignored
[0.233s] Level 1:colcon.colcon_core.package_identification:_identify(install) by extensions ['ignore', 'ignore_ament_install']
[0.233s] Level 1:colcon.colcon_core.package_identification:_identify(install) by extension 'ignore'
[0.233s] Level 1:colcon.colcon_core.package_identification:_identify(install) ignored
[0.233s] Level 1:colcon.colcon_core.package_identification:_identify(log) by extensions ['ignore', 'ignore_ament_install']
[0.233s] Level 1:colcon.colcon_core.package_identification:_identify(log) by extension 'ignore'
[0.233s] Level 1:colcon.colcon_core.package_identification:_identify(log) ignored
[0.233s] Level 1:colcon.colcon_core.package_identification:_identify(src) by extensions ['ignore', 'ignore_ament_install']
[0.233s] Level 1:colcon.colcon_core.package_identification:_identify(src) by extension 'ignore'
[0.233s] Level 1:colcon.colcon_core.package_identification:_identify(src) by extension 'ignore_ament_install'
[0.233s] Level 1:colcon.colcon_core.package_identification:_identify(src) by extensions ['colcon_pkg']
[0.233s] Level 1:colcon.colcon_core.package_identification:_identify(src) by extension 'colcon_pkg'
[0.233s] Level 1:colcon.colcon_core.package_identification:_identify(src) by extensions ['colcon_meta']
[0.233s] Level 1:colcon.colcon_core.package_identification:_identify(src) by extension 'colcon_meta'
[0.233s] Level 1:colcon.colcon_core.package_identification:_identify(src) by extensions ['ros']
[0.233s] Level 1:colcon.colcon_core.package_identification:_identify(src) by extension 'ros'
[0.233s] Level 1:colcon.colcon_core.package_identification:_identify(src) by extensions ['cmake', 'python']
[0.233s] Level 1:colcon.colcon_core.package_identification:_identify(src) by extension 'cmake'
[0.233s] Level 1:colcon.colcon_core.package_identification:_identify(src) by extension 'python'
[0.233s] Level 1:colcon.colcon_core.package_identification:_identify(src) by extensions ['python_setup_py']
[0.233s] Level 1:colcon.colcon_core.package_identification:_identify(src) by extension 'python_setup_py'
[0.233s] Level 1:colcon.colcon_core.package_identification:_identify(src/ssd_detection) by extensions ['ignore', 'ignore_ament_install']
[0.233s] Level 1:colcon.colcon_core.package_identification:_identify(src/ssd_detection) by extension 'ignore'
[0.233s] Level 1:colcon.colcon_core.package_identification:_identify(src/ssd_detection) by extension 'ignore_ament_install'
[0.233s] Level 1:colcon.colcon_core.package_identification:_identify(src/ssd_detection) by extensions ['colcon_pkg']
[0.233s] Level 1:colcon.colcon_core.package_identification:_identify(src/ssd_detection) by extension 'colcon_pkg'
[0.233s] Level 1:colcon.colcon_core.package_identification:_identify(src/ssd_detection) by extensions ['colcon_meta']
[0.233s] Level 1:colcon.colcon_core.package_identification:_identify(src/ssd_detection) by extension 'colcon_meta'
[0.233s] Level 1:colcon.colcon_core.package_identification:_identify(src/ssd_detection) by extensions ['ros']
[0.233s] Level 1:colcon.colcon_core.package_identification:_identify(src/ssd_detection) by extension 'ros'
[0.235s] DEBUG:colcon.colcon_core.package_identification:Package 'src/ssd_detection' with type 'ros.ament_python' and name 'ssd_detection'
[0.235s] Level 1:colcon.colcon_core.package_identification:_identify(src/topic_helloworld) by extensions ['ignore', 'ignore_ament_install']
[0.235s] Level 1:colcon.colcon_core.package_identification:_identify(src/topic_helloworld) by extension 'ignore'
[0.235s] Level 1:colcon.colcon_core.package_identification:_identify(src/topic_helloworld) by extension 'ignore_ament_install'
[0.235s] Level 1:colcon.colcon_core.package_identification:_identify(src/topic_helloworld) by extensions ['colcon_pkg']
[0.235s] Level 1:colcon.colcon_core.package_identification:_identify(src/topic_helloworld) by extension 'colcon_pkg'
[0.235s] Level 1:colcon.colcon_core.package_identification:_identify(src/topic_helloworld) by extensions ['colcon_meta']
[0.235s] Level 1:colcon.colcon_core.package_identification:_identify(src/topic_helloworld) by extension 'colcon_meta'
[0.235s] Level 1:colcon.colcon_core.package_identification:_identify(src/topic_helloworld) by extensions ['ros']
[0.235s] Level 1:colcon.colcon_core.package_identification:_identify(src/topic_helloworld) by extension 'ros'
[0.235s] DEBUG:colcon.colcon_core.package_identification:Package 'src/topic_helloworld' with type 'ros.ament_python' and name 'topic_helloworld'
[0.235s] Level 1:colcon.colcon_core.package_discovery:discover_packages(recursive) using defaults
[0.236s] Level 1:colcon.colcon_core.package_discovery:discover_packages(ignore) discover
[0.236s] Level 1:colcon.colcon_core.package_discovery:discover_packages(ignore) using defaults
[0.236s] Level 1:colcon.colcon_core.package_discovery:discover_packages(path) discover
[0.236s] Level 1:colcon.colcon_core.package_discovery:discover_packages(path) using defaults
[0.250s] Level 1:colcon.colcon_core.package_discovery:discover_packages(prefix_path) check parameters
[0.250s] Level 1:colcon.colcon_core.package_discovery:discover_packages(prefix_path) discover
[0.251s] DEBUG:colcon.colcon_installed_package_information.package_discovery:Found 256 installed packages in /opt/ros/foxy
[0.252s] Level 1:colcon.colcon_core.package_discovery:discover_packages(prefix_path) using defaults
[0.280s] Level 5:colcon.colcon_core.verb:set package 'ssd_detection' build argument 'cmake_args' from command line to 'None'
[0.280s] Level 5:colcon.colcon_core.verb:set package 'ssd_detection' build argument 'cmake_target' from command line to 'None'
[0.280s] Level 5:colcon.colcon_core.verb:set package 'ssd_detection' build argument 'cmake_target_skip_unavailable' from command line to 'False'
[0.280s] Level 5:colcon.colcon_core.verb:set package 'ssd_detection' build argument 'cmake_clean_cache' from command line to 'False'
[0.280s] Level 5:colcon.colcon_core.verb:set package 'ssd_detection' build argument 'cmake_clean_first' from command line to 'False'
[0.280s] Level 5:colcon.colcon_core.verb:set package 'ssd_detection' build argument 'cmake_force_configure' from command line to 'False'
[0.280s] Level 5:colcon.colcon_core.verb:set package 'ssd_detection' build argument 'ament_cmake_args' from command line to 'None'
[0.280s] Level 5:colcon.colcon_core.verb:set package 'ssd_detection' build argument 'catkin_cmake_args' from command line to 'None'
[0.280s] Level 5:colcon.colcon_core.verb:set package 'ssd_detection' build argument 'catkin_skip_building_tests' from command line to 'False'
[0.280s] DEBUG:colcon.colcon_core.verb:Building package 'ssd_detection' with the following arguments: {'ament_cmake_args': None, 'build_base': '/home/kimjunsuk/ros2_ws/build/ssd_detection', 'catkin_cmake_args': None, 'catkin_skip_building_tests': False, 'cmake_args': None, 'cmake_clean_cache': False, 'cmake_clean_first': False, 'cmake_force_configure': False, 'cmake_target': None, 'cmake_target_skip_unavailable': False, 'install_base': '/home/kimjunsuk/ros2_ws/install/ssd_detection', 'merge_install': False, 'path': '/home/kimjunsuk/ros2_ws/src/ssd_detection', 'symlink_install': False, 'test_result_base': None}
[0.280s] Level 5:colcon.colcon_core.verb:set package 'topic_helloworld' build argument 'cmake_args' from command line to 'None'
[0.280s] Level 5:colcon.colcon_core.verb:set package 'topic_helloworld' build argument 'cmake_target' from command line to 'None'
[0.280s] Level 5:colcon.colcon_core.verb:set package 'topic_helloworld' build argument 'cmake_target_skip_unavailable' from command line to 'False'
[0.280s] Level 5:colcon.colcon_core.verb:set package 'topic_helloworld' build argument 'cmake_clean_cache' from command line to 'False'
[0.280s] Level 5:colcon.colcon_core.verb:set package 'topic_helloworld' build argument 'cmake_clean_first' from command line to 'False'
[0.280s] Level 5:colcon.colcon_core.verb:set package 'topic_helloworld' build argument 'cmake_force_configure' from command line to 'False'
[0.280s] Level 5:colcon.colcon_core.verb:set package 'topic_helloworld' build argument 'ament_cmake_args' from command line to 'None'
[0.280s] Level 5:colcon.colcon_core.verb:set package 'topic_helloworld' build argument 'catkin_cmake_args' from command line to 'None'
[0.280s] Level 5:colcon.colcon_core.verb:set package 'topic_helloworld' build argument 'catkin_skip_building_tests' from command line to 'False'
[0.280s] DEBUG:colcon.colcon_core.verb:Building package 'topic_helloworld' with the following arguments: {'ament_cmake_args': None, 'build_base': '/home/kimjunsuk/ros2_ws/build/topic_helloworld', 'catkin_cmake_args': None, 'catkin_skip_building_tests': False, 'cmake_args': None, 'cmake_clean_cache': False, 'cmake_clean_first': False, 'cmake_force_configure': False, 'cmake_target': None, 'cmake_target_skip_unavailable': False, 'install_base': '/home/kimjunsuk/ros2_ws/install/topic_helloworld', 'merge_install': False, 'path': '/home/kimjunsuk/ros2_ws/src/topic_helloworld', 'symlink_install': False, 'test_result_base': None}
[0.280s] INFO:colcon.colcon_core.executor:Executing jobs using 'parallel' executor
[0.281s] DEBUG:colcon.colcon_parallel_executor.executor.parallel:run_until_complete
[0.281s] INFO:colcon.colcon_ros.task.ament_python.build:Building ROS package in '/home/kimjunsuk/ros2_ws/src/ssd_detection' with build type 'ament_python'
[0.281s] Level 1:colcon.colcon_core.shell:create_environment_hook('ssd_detection', 'ament_prefix_path')
[0.283s] INFO:colcon.colcon_core.plugin_system:Skipping extension 'colcon_core.shell.bat': Not used on non-Windows systems
[0.283s] INFO:colcon.colcon_core.shell:Creating environment hook '/home/kimjunsuk/ros2_ws/install/ssd_detection/share/ssd_detection/hook/ament_prefix_path.ps1'
[0.283s] INFO:colcon.colcon_core.shell:Creating environment descriptor '/home/kimjunsuk/ros2_ws/install/ssd_detection/share/ssd_detection/hook/ament_prefix_path.dsv'
[0.283s] INFO:colcon.colcon_core.shell:Creating environment hook '/home/kimjunsuk/ros2_ws/install/ssd_detection/share/ssd_detection/hook/ament_prefix_path.sh'
[0.284s] INFO:colcon.colcon_core.shell:Skip shell extension 'powershell' for command environment: Not usable outside of PowerShell
[0.284s] DEBUG:colcon.colcon_core.shell:Skip shell extension 'dsv' for command environment
[0.287s] INFO:colcon.colcon_ros.task.ament_python.build:Building ROS package in '/home/kimjunsuk/ros2_ws/src/topic_helloworld' with build type 'ament_python'
[0.288s] Level 1:colcon.colcon_core.shell:create_environment_hook('topic_helloworld', 'ament_prefix_path')
[0.288s] INFO:colcon.colcon_core.shell:Creating environment hook '/home/kimjunsuk/ros2_ws/install/topic_helloworld/share/topic_helloworld/hook/ament_prefix_path.ps1'
[0.288s] INFO:colcon.colcon_core.shell:Creating environment descriptor '/home/kimjunsuk/ros2_ws/install/topic_helloworld/share/topic_helloworld/hook/ament_prefix_path.dsv'
[0.289s] INFO:colcon.colcon_core.shell:Creating environment hook '/home/kimjunsuk/ros2_ws/install/topic_helloworld/share/topic_helloworld/hook/ament_prefix_path.sh'
[0.289s] INFO:colcon.colcon_core.shell:Skip shell extension 'powershell' for command environment: Not usable outside of PowerShell
[0.289s] DEBUG:colcon.colcon_core.shell:Skip shell extension 'dsv' for command environment
[0.416s] INFO:colcon.colcon_core.task.python.build:Building Python package in '/home/kimjunsuk/ros2_ws/src/ssd_detection'
[0.416s] INFO:colcon.colcon_core.shell:Skip shell extension 'powershell' for command environment: Not usable outside of PowerShell
[0.416s] DEBUG:colcon.colcon_core.shell:Skip shell extension 'dsv' for command environment
[0.533s] INFO:colcon.colcon_core.task.python.build:Building Python package in '/home/kimjunsuk/ros2_ws/src/topic_helloworld'
[0.534s] INFO:colcon.colcon_core.shell:Skip shell extension 'powershell' for command environment: Not usable outside of PowerShell
[0.534s] DEBUG:colcon.colcon_core.shell:Skip shell extension 'dsv' for command environment
[0.770s] DEBUG:colcon.colcon_core.event_handler.log_command:Invoking command in '/home/kimjunsuk/ros2_ws/src/ssd_detection': PYTHONPATH=/home/kimjunsuk/ros2_ws/build/ssd_detection/prefix_override:/home/kimjunsuk/ros2_ws/install/ssd_detection/lib/python3.8/site-packages:${PYTHONPATH} /usr/bin/python3 -W ignore:setup.py install is deprecated setup.py egg_info --egg-base ../../build/ssd_detection build --build-base /home/kimjunsuk/ros2_ws/build/ssd_detection/build install --record /home/kimjunsuk/ros2_ws/build/ssd_detection/install.log --install-scripts $base/lib/ssd_detection --single-version-externally-managed install_data
[0.776s] DEBUG:colcon.colcon_core.event_handler.log_command:Invoking command in '/home/kimjunsuk/ros2_ws/src/topic_helloworld': PYTHONPATH=/home/kimjunsuk/ros2_ws/build/topic_helloworld/prefix_override:/home/kimjunsuk/ros2_ws/install/topic_helloworld/lib/python3.8/site-packages:${PYTHONPATH} /usr/bin/python3 -W ignore:setup.py install is deprecated setup.py egg_info --egg-base ../../build/topic_helloworld build --build-base /home/kimjunsuk/ros2_ws/build/topic_helloworld/build install --record /home/kimjunsuk/ros2_ws/build/topic_helloworld/install.log --install-scripts $base/lib/topic_helloworld --single-version-externally-managed install_data
[0.936s] DEBUG:colcon.colcon_core.event_handler.log_command:Invoked command in '/home/kimjunsuk/ros2_ws/src/ssd_detection' returned '0': PYTHONPATH=/home/kimjunsuk/ros2_ws/build/ssd_detection/prefix_override:/home/kimjunsuk/ros2_ws/install/ssd_detection/lib/python3.8/site-packages:${PYTHONPATH} /usr/bin/python3 -W ignore:setup.py install is deprecated setup.py egg_info --egg-base ../../build/ssd_detection build --build-base /home/kimjunsuk/ros2_ws/build/ssd_detection/build install --record /home/kimjunsuk/ros2_ws/build/ssd_detection/install.log --install-scripts $base/lib/ssd_detection --single-version-externally-managed install_data
[0.937s] Level 1:colcon.colcon_core.environment:checking '/home/kimjunsuk/ros2_ws/install/ssd_detection' for CMake module files
[0.938s] Level 1:colcon.colcon_core.environment:checking '/home/kimjunsuk/ros2_ws/install/ssd_detection' for CMake config files
[0.938s] Level 1:colcon.colcon_core.environment:checking '/home/kimjunsuk/ros2_ws/install/ssd_detection/lib'
[0.938s] Level 1:colcon.colcon_core.environment:checking '/home/kimjunsuk/ros2_ws/install/ssd_detection/bin'
[0.938s] Level 1:colcon.colcon_core.environment:checking '/home/kimjunsuk/ros2_ws/install/ssd_detection/lib/pkgconfig/ssd_detection.pc'
[0.938s] Level 1:colcon.colcon_core.environment:checking '/home/kimjunsuk/ros2_ws/install/ssd_detection/lib/python3.8/site-packages'
[0.938s] Level 1:colcon.colcon_core.shell:create_environment_hook('ssd_detection', 'pythonpath')
[0.939s] INFO:colcon.colcon_core.shell:Creating environment hook '/home/kimjunsuk/ros2_ws/install/ssd_detection/share/ssd_detection/hook/pythonpath.ps1'
[0.939s] INFO:colcon.colcon_core.shell:Creating environment descriptor '/home/kimjunsuk/ros2_ws/install/ssd_detection/share/ssd_detection/hook/pythonpath.dsv'
[0.939s] INFO:colcon.colcon_core.shell:Creating environment hook '/home/kimjunsuk/ros2_ws/install/ssd_detection/share/ssd_detection/hook/pythonpath.sh'
[0.939s] Level 1:colcon.colcon_core.environment:checking '/home/kimjunsuk/ros2_ws/install/ssd_detection/bin'
[0.940s] Level 1:colcon.colcon_core.environment:create_environment_scripts_only(ssd_detection)
[0.940s] INFO:colcon.colcon_core.shell:Creating package script '/home/kimjunsuk/ros2_ws/install/ssd_detection/share/ssd_detection/package.ps1'
[0.941s] INFO:colcon.colcon_core.shell:Creating package descriptor '/home/kimjunsuk/ros2_ws/install/ssd_detection/share/ssd_detection/package.dsv'
[0.941s] INFO:colcon.colcon_core.shell:Creating package script '/home/kimjunsuk/ros2_ws/install/ssd_detection/share/ssd_detection/package.sh'
[0.941s] INFO:colcon.colcon_core.shell:Creating package script '/home/kimjunsuk/ros2_ws/install/ssd_detection/share/ssd_detection/package.bash'
[0.942s] INFO:colcon.colcon_core.shell:Creating package script '/home/kimjunsuk/ros2_ws/install/ssd_detection/share/ssd_detection/package.zsh'
[0.942s] Level 1:colcon.colcon_core.environment:create_file_with_runtime_dependencies(/home/kimjunsuk/ros2_ws/install/ssd_detection/share/colcon-core/packages/ssd_detection)
[0.943s] Level 1:colcon.colcon_core.environment:checking '/home/kimjunsuk/ros2_ws/install/topic_helloworld' for CMake module files
[0.944s] DEBUG:colcon.colcon_core.event_handler.log_command:Invoked command in '/home/kimjunsuk/ros2_ws/src/topic_helloworld' returned '0': PYTHONPATH=/home/kimjunsuk/ros2_ws/build/topic_helloworld/prefix_override:/home/kimjunsuk/ros2_ws/install/topic_helloworld/lib/python3.8/site-packages:${PYTHONPATH} /usr/bin/python3 -W ignore:setup.py install is deprecated setup.py egg_info --egg-base ../../build/topic_helloworld build --build-base /home/kimjunsuk/ros2_ws/build/topic_helloworld/build install --record /home/kimjunsuk/ros2_ws/build/topic_helloworld/install.log --install-scripts $base/lib/topic_helloworld --single-version-externally-managed install_data
[0.944s] Level 1:colcon.colcon_core.environment:checking '/home/kimjunsuk/ros2_ws/install/topic_helloworld' for CMake config files
[0.944s] Level 1:colcon.colcon_core.environment:checking '/home/kimjunsuk/ros2_ws/install/topic_helloworld/lib'
[0.944s] Level 1:colcon.colcon_core.environment:checking '/home/kimjunsuk/ros2_ws/install/topic_helloworld/bin'
[0.944s] Level 1:colcon.colcon_core.environment:checking '/home/kimjunsuk/ros2_ws/install/topic_helloworld/lib/pkgconfig/topic_helloworld.pc'
[0.944s] Level 1:colcon.colcon_core.environment:checking '/home/kimjunsuk/ros2_ws/install/topic_helloworld/lib/python3.8/site-packages'
[0.944s] Level 1:colcon.colcon_core.shell:create_environment_hook('topic_helloworld', 'pythonpath')
[0.945s] INFO:colcon.colcon_core.shell:Creating environment hook '/home/kimjunsuk/ros2_ws/install/topic_helloworld/share/topic_helloworld/hook/pythonpath.ps1'
[0.945s] INFO:colcon.colcon_core.shell:Creating environment descriptor '/home/kimjunsuk/ros2_ws/install/topic_helloworld/share/topic_helloworld/hook/pythonpath.dsv'
[0.945s] INFO:colcon.colcon_core.shell:Creating environment hook '/home/kimjunsuk/ros2_ws/install/topic_helloworld/share/topic_helloworld/hook/pythonpath.sh'
[0.945s] Level 1:colcon.colcon_core.environment:checking '/home/kimjunsuk/ros2_ws/install/topic_helloworld/bin'
[0.945s] Level 1:colcon.colcon_core.environment:create_environment_scripts_only(topic_helloworld)
[0.945s] INFO:colcon.colcon_core.shell:Creating package script '/home/kimjunsuk/ros2_ws/install/topic_helloworld/share/topic_helloworld/package.ps1'
[0.946s] INFO:colcon.colcon_core.shell:Creating package descriptor '/home/kimjunsuk/ros2_ws/install/topic_helloworld/share/topic_helloworld/package.dsv'
[0.946s] INFO:colcon.colcon_core.shell:Creating package script '/home/kimjunsuk/ros2_ws/install/topic_helloworld/share/topic_helloworld/package.sh'
[0.946s] INFO:colcon.colcon_core.shell:Creating package script '/home/kimjunsuk/ros2_ws/install/topic_helloworld/share/topic_helloworld/package.bash'
[0.946s] INFO:colcon.colcon_core.shell:Creating package script '/home/kimjunsuk/ros2_ws/install/topic_helloworld/share/topic_helloworld/package.zsh'
[0.946s] Level 1:colcon.colcon_core.environment:create_file_with_runtime_dependencies(/home/kimjunsuk/ros2_ws/install/topic_helloworld/share/colcon-core/packages/topic_helloworld)
[0.946s] DEBUG:colcon.colcon_parallel_executor.executor.parallel:closing loop
[0.947s] DEBUG:colcon.colcon_parallel_executor.executor.parallel:loop closed
[0.947s] DEBUG:colcon.colcon_parallel_executor.executor.parallel:run_until_complete finished with '0'
[0.947s] DEBUG:colcon.colcon_core.event_reactor:joining thread
[0.973s] INFO:colcon.colcon_core.plugin_system:Skipping extension 'colcon_notification.desktop_notification.notify_send': Could not find 'notify-send'
[0.973s] INFO:colcon.colcon_core.plugin_system:Skipping extension 'colcon_notification.desktop_notification.terminal_notifier': Not used on non-Darwin systems
[0.973s] INFO:colcon.colcon_core.plugin_system:Skipping extension 'colcon_notification.desktop_notification.win32': Not used on non-Windows systems
[0.973s] INFO:colcon.colcon_notification.desktop_notification:Sending desktop notification using 'notify2'
[0.974s] DEBUG:colcon.colcon_notification.desktop_notification.notify2:Failed to initialize notify2: org.freedesktop.DBus.Error.ServiceUnknown: The name org.freedesktop.Notifications was not provided by any .service files
[0.974s] DEBUG:colcon.colcon_core.event_reactor:joined thread
[0.974s] INFO:colcon.colcon_core.shell:Creating prefix script '/home/kimjunsuk/ros2_ws/install/local_setup.ps1'
[0.975s] INFO:colcon.colcon_core.shell:Creating prefix util module '/home/kimjunsuk/ros2_ws/install/_local_setup_util_ps1.py'
[0.976s] INFO:colcon.colcon_core.shell:Creating prefix chain script '/home/kimjunsuk/ros2_ws/install/setup.ps1'
[0.976s] INFO:colcon.colcon_core.shell:Creating prefix script '/home/kimjunsuk/ros2_ws/install/local_setup.sh'
[0.977s] INFO:colcon.colcon_core.shell:Creating prefix util module '/home/kimjunsuk/ros2_ws/install/_local_setup_util_sh.py'
[0.977s] INFO:colcon.colcon_core.shell:Creating prefix chain script '/home/kimjunsuk/ros2_ws/install/setup.sh'
[0.977s] INFO:colcon.colcon_core.shell:Creating prefix script '/home/kimjunsuk/ros2_ws/install/local_setup.bash'
[0.978s] INFO:colcon.colcon_core.shell:Creating prefix chain script '/home/kimjunsuk/ros2_ws/install/setup.bash'
[0.978s] INFO:colcon.colcon_core.shell:Creating prefix script '/home/kimjunsuk/ros2_ws/install/local_setup.zsh'
[0.978s] INFO:colcon.colcon_core.shell:Creating prefix chain script '/home/kimjunsuk/ros2_ws/install/setup.zsh'
