[6.101s] DEBUG:colcon:Command line arguments: ['/usr/bin/colcon', 'build', '--symlink-install', '--packages-select', 'ssd_detection']
[6.101s] DEBUG:colcon:Parsed command line arguments: Namespace(allow_overriding=[], ament_cmake_args=None, base_paths=['.'], build_base='build', catkin_cmake_args=None, catkin_skip_building_tests=False, cmake_args=None, cmake_clean_cache=False, cmake_clean_first=False, cmake_force_configure=False, cmake_target=None, cmake_target_skip_unavailable=False, continue_on_error=False, event_handlers=None, executor='parallel', ignore_user_meta=False, install_base='install', log_base=None, log_level=None, main=<bound method BuildVerb.main of <colcon_core.verb.build.BuildVerb object at 0x7f0f46a3a280>>, merge_install=False, metas=['./colcon.meta'], packages_above=None, packages_above_and_dependencies=None, packages_above_depth=None, packages_end=None, packages_ignore=None, packages_ignore_regex=None, packages_select=['ssd_detection'], packages_select_build_failed=False, packages_select_by_dep=None, packages_select_regex=None, packages_select_test_failures=False, packages_skip=None, packages_skip_build_finished=False, packages_skip_by_dep=None, packages_skip_regex=None, packages_skip_test_passed=False, packages_skip_up_to=None, packages_start=None, packages_up_to=None, packages_up_to_regex=None, parallel_workers=8, paths=None, symlink_install=True, test_result_base=None, verb_extension=<colcon_core.verb.build.BuildVerb object at 0x7f0f46a3a280>, verb_name='build', verb_parser=<colcon_defaults.argument_parser.defaults.DefaultArgumentsDecorator object at 0x7f0f46a3a760>)
[6.356s] Level 1:colcon.colcon_core.package_discovery:discover_packages(colcon_meta) check parameters
[6.356s] Level 1:colcon.colcon_core.package_discovery:discover_packages(recursive) check parameters
[6.356s] Level 1:colcon.colcon_core.package_discovery:discover_packages(ignore) check parameters
[6.356s] Level 1:colcon.colcon_core.package_discovery:discover_packages(path) check parameters
[6.356s] Level 1:colcon.colcon_core.package_discovery:discover_packages(colcon_meta) discover
[6.356s] Level 1:colcon.colcon_core.package_discovery:discover_packages(recursive) discover
[6.356s] INFO:colcon.colcon_core.package_discovery:Crawling recursively for packages in '/home/kimjunsuk/ros2_ws'
[6.356s] Level 1:colcon.colcon_core.package_identification:_identify(.) by extensions ['ignore', 'ignore_ament_install']
[6.356s] Level 1:colcon.colcon_core.package_identification:_identify(.) by extension 'ignore'
[6.356s] Level 1:colcon.colcon_core.package_identification:_identify(.) by extension 'ignore_ament_install'
[6.356s] Level 1:colcon.colcon_core.package_identification:_identify(.) by extensions ['colcon_pkg']
[6.356s] Level 1:colcon.colcon_core.package_identification:_identify(.) by extension 'colcon_pkg'
[6.356s] Level 1:colcon.colcon_core.package_identification:_identify(.) by extensions ['colcon_meta']
[6.356s] Level 1:colcon.colcon_core.package_identification:_identify(.) by extension 'colcon_meta'
[6.356s] Level 1:colcon.colcon_core.package_identification:_identify(.) by extensions ['ros']
[6.356s] Level 1:colcon.colcon_core.package_identification:_identify(.) by extension 'ros'
[6.369s] Level 1:colcon.colcon_core.package_identification:_identify(.) by extensions ['cmake', 'python']
[6.369s] Level 1:colcon.colcon_core.package_identification:_identify(.) by extension 'cmake'
[6.369s] Level 1:colcon.colcon_core.package_identification:_identify(.) by extension 'python'
[6.369s] Level 1:colcon.colcon_core.package_identification:_identify(.) by extensions ['python_setup_py']
[6.369s] Level 1:colcon.colcon_core.package_identification:_identify(.) by extension 'python_setup_py'
[6.369s] Level 1:colcon.colcon_core.package_identification:_identify(build) by extensions ['ignore', 'ignore_ament_install']
[6.369s] Level 1:colcon.colcon_core.package_identification:_identify(build) by extension 'ignore'
[6.369s] Level 1:colcon.colcon_core.package_identification:_identify(build) ignored
[6.369s] Level 1:colcon.colcon_core.package_identification:_identify(install) by extensions ['ignore', 'ignore_ament_install']
[6.369s] Level 1:colcon.colcon_core.package_identification:_identify(install) by extension 'ignore'
[6.369s] Level 1:colcon.colcon_core.package_identification:_identify(install) ignored
[6.369s] Level 1:colcon.colcon_core.package_identification:_identify(log) by extensions ['ignore', 'ignore_ament_install']
[6.369s] Level 1:colcon.colcon_core.package_identification:_identify(log) by extension 'ignore'
[6.369s] Level 1:colcon.colcon_core.package_identification:_identify(log) ignored
[6.369s] Level 1:colcon.colcon_core.package_identification:_identify(src) by extensions ['ignore', 'ignore_ament_install']
[6.370s] Level 1:colcon.colcon_core.package_identification:_identify(src) by extension 'ignore'
[6.370s] Level 1:colcon.colcon_core.package_identification:_identify(src) by extension 'ignore_ament_install'
[6.370s] Level 1:colcon.colcon_core.package_identification:_identify(src) by extensions ['colcon_pkg']
[6.370s] Level 1:colcon.colcon_core.package_identification:_identify(src) by extension 'colcon_pkg'
[6.370s] Level 1:colcon.colcon_core.package_identification:_identify(src) by extensions ['colcon_meta']
[6.370s] Level 1:colcon.colcon_core.package_identification:_identify(src) by extension 'colcon_meta'
[6.370s] Level 1:colcon.colcon_core.package_identification:_identify(src) by extensions ['ros']
[6.370s] Level 1:colcon.colcon_core.package_identification:_identify(src) by extension 'ros'
[6.370s] Level 1:colcon.colcon_core.package_identification:_identify(src) by extensions ['cmake', 'python']
[6.370s] Level 1:colcon.colcon_core.package_identification:_identify(src) by extension 'cmake'
[6.370s] Level 1:colcon.colcon_core.package_identification:_identify(src) by extension 'python'
[6.370s] Level 1:colcon.colcon_core.package_identification:_identify(src) by extensions ['python_setup_py']
[6.370s] Level 1:colcon.colcon_core.package_identification:_identify(src) by extension 'python_setup_py'
[6.370s] Level 1:colcon.colcon_core.package_identification:_identify(src/ssd_detection) by extensions ['ignore', 'ignore_ament_install']
[6.370s] Level 1:colcon.colcon_core.package_identification:_identify(src/ssd_detection) by extension 'ignore'
[6.370s] Level 1:colcon.colcon_core.package_identification:_identify(src/ssd_detection) by extension 'ignore_ament_install'
[6.370s] Level 1:colcon.colcon_core.package_identification:_identify(src/ssd_detection) by extensions ['colcon_pkg']
[6.370s] Level 1:colcon.colcon_core.package_identification:_identify(src/ssd_detection) by extension 'colcon_pkg'
[6.370s] Level 1:colcon.colcon_core.package_identification:_identify(src/ssd_detection) by extensions ['colcon_meta']
[6.370s] Level 1:colcon.colcon_core.package_identification:_identify(src/ssd_detection) by extension 'colcon_meta'
[6.370s] Level 1:colcon.colcon_core.package_identification:_identify(src/ssd_detection) by extensions ['ros']
[6.370s] Level 1:colcon.colcon_core.package_identification:_identify(src/ssd_detection) by extension 'ros'
[6.373s] DEBUG:colcon.colcon_core.package_identification:Package 'src/ssd_detection' with type 'ros.ament_python' and name 'ssd_detection'
[6.373s] Level 1:colcon.colcon_core.package_identification:_identify(src/topic_helloworld) by extensions ['ignore', 'ignore_ament_install']
[6.373s] Level 1:colcon.colcon_core.package_identification:_identify(src/topic_helloworld) by extension 'ignore'
[6.373s] Level 1:colcon.colcon_core.package_identification:_identify(src/topic_helloworld) by extension 'ignore_ament_install'
[6.373s] Level 1:colcon.colcon_core.package_identification:_identify(src/topic_helloworld) by extensions ['colcon_pkg']
[6.373s] Level 1:colcon.colcon_core.package_identification:_identify(src/topic_helloworld) by extension 'colcon_pkg'
[6.373s] Level 1:colcon.colcon_core.package_identification:_identify(src/topic_helloworld) by extensions ['colcon_meta']
[6.373s] Level 1:colcon.colcon_core.package_identification:_identify(src/topic_helloworld) by extension 'colcon_meta'
[6.373s] Level 1:colcon.colcon_core.package_identification:_identify(src/topic_helloworld) by extensions ['ros']
[6.373s] Level 1:colcon.colcon_core.package_identification:_identify(src/topic_helloworld) by extension 'ros'
[6.374s] DEBUG:colcon.colcon_core.package_identification:Package 'src/topic_helloworld' with type 'ros.ament_python' and name 'topic_helloworld'
[6.374s] Level 1:colcon.colcon_core.package_discovery:discover_packages(recursive) using defaults
[6.374s] Level 1:colcon.colcon_core.package_discovery:discover_packages(ignore) discover
[6.374s] Level 1:colcon.colcon_core.package_discovery:discover_packages(ignore) using defaults
[6.374s] Level 1:colcon.colcon_core.package_discovery:discover_packages(path) discover
[6.374s] Level 1:colcon.colcon_core.package_discovery:discover_packages(path) using defaults
[6.707s] INFO:colcon.colcon_core.package_selection:Skipping not selected package 'topic_helloworld' in 'src/topic_helloworld'
[6.916s] Level 1:colcon.colcon_core.package_discovery:discover_packages(prefix_path) check parameters
[6.916s] Level 1:colcon.colcon_core.package_discovery:discover_packages(prefix_path) discover
[7.127s] DEBUG:colcon.colcon_installed_package_information.package_discovery:Found 2 installed packages in /home/kimjunsuk/ros2_ws/install
[7.234s] DEBUG:colcon.colcon_installed_package_information.package_discovery:Found 256 installed packages in /opt/ros/foxy
[7.235s] Level 1:colcon.colcon_core.package_discovery:discover_packages(prefix_path) using defaults
[7.484s] Level 5:colcon.colcon_core.verb:set package 'ssd_detection' build argument 'cmake_args' from command line to 'None'
[7.484s] Level 5:colcon.colcon_core.verb:set package 'ssd_detection' build argument 'cmake_target' from command line to 'None'
[7.484s] Level 5:colcon.colcon_core.verb:set package 'ssd_detection' build argument 'cmake_target_skip_unavailable' from command line to 'False'
[7.484s] Level 5:colcon.colcon_core.verb:set package 'ssd_detection' build argument 'cmake_clean_cache' from command line to 'False'
[7.484s] Level 5:colcon.colcon_core.verb:set package 'ssd_detection' build argument 'cmake_clean_first' from command line to 'False'
[7.484s] Level 5:colcon.colcon_core.verb:set package 'ssd_detection' build argument 'cmake_force_configure' from command line to 'False'
[7.484s] Level 5:colcon.colcon_core.verb:set package 'ssd_detection' build argument 'ament_cmake_args' from command line to 'None'
[7.485s] Level 5:colcon.colcon_core.verb:set package 'ssd_detection' build argument 'catkin_cmake_args' from command line to 'None'
[7.485s] Level 5:colcon.colcon_core.verb:set package 'ssd_detection' build argument 'catkin_skip_building_tests' from command line to 'False'
[7.485s] DEBUG:colcon.colcon_core.verb:Building package 'ssd_detection' with the following arguments: {'ament_cmake_args': None, 'build_base': '/home/kimjunsuk/ros2_ws/build/ssd_detection', 'catkin_cmake_args': None, 'catkin_skip_building_tests': False, 'cmake_args': None, 'cmake_clean_cache': False, 'cmake_clean_first': False, 'cmake_force_configure': False, 'cmake_target': None, 'cmake_target_skip_unavailable': False, 'install_base': '/home/kimjunsuk/ros2_ws/install/ssd_detection', 'merge_install': False, 'path': '/home/kimjunsuk/ros2_ws/src/ssd_detection', 'symlink_install': True, 'test_result_base': None}
[7.590s] INFO:colcon.colcon_core.executor:Executing jobs using 'parallel' executor
[7.695s] DEBUG:colcon.colcon_parallel_executor.executor.parallel:run_until_complete
[7.695s] INFO:colcon.colcon_ros.task.ament_python.build:Building ROS package in '/home/kimjunsuk/ros2_ws/src/ssd_detection' with build type 'ament_python'
[7.695s] Level 1:colcon.colcon_core.shell:create_environment_hook('ssd_detection', 'ament_prefix_path')
[7.805s] INFO:colcon.colcon_core.plugin_system:Skipping extension 'colcon_core.shell.bat': Not used on non-Windows systems
[7.805s] INFO:colcon.colcon_core.shell:Creating environment hook '/home/kimjunsuk/ros2_ws/install/ssd_detection/share/ssd_detection/hook/ament_prefix_path.ps1'
[7.806s] INFO:colcon.colcon_core.shell:Creating environment descriptor '/home/kimjunsuk/ros2_ws/install/ssd_detection/share/ssd_detection/hook/ament_prefix_path.dsv'
[7.806s] INFO:colcon.colcon_core.shell:Creating environment hook '/home/kimjunsuk/ros2_ws/install/ssd_detection/share/ssd_detection/hook/ament_prefix_path.sh'
[7.917s] INFO:colcon.colcon_core.shell:Skip shell extension 'powershell' for command environment: Not usable outside of PowerShell
[7.917s] DEBUG:colcon.colcon_core.shell:Skip shell extension 'dsv' for command environment
[8.463s] INFO:colcon.colcon_core.task.python.build:Building Python package in '/home/kimjunsuk/ros2_ws/src/ssd_detection'
[8.608s] INFO:colcon.colcon_core.shell:Skip shell extension 'powershell' for command environment: Not usable outside of PowerShell
[8.608s] DEBUG:colcon.colcon_core.shell:Skip shell extension 'dsv' for command environment
[9.657s] DEBUG:colcon.colcon_core.task.python.build:While undoing a previous installation files outside the Python library path are being ignored: /home/kimjunsuk/ros2_ws/install/ssd_detection/share/ament_index/resource_index/packages/ssd_detection
[9.657s] DEBUG:colcon.colcon_core.task.python.build:While undoing a previous installation files outside the Python library path are being ignored: /home/kimjunsuk/ros2_ws/install/ssd_detection/share/ssd_detection/package.xml
[9.657s] DEBUG:colcon.colcon_core.task.python.build:While undoing a previous installation files outside the Python library path are being ignored: /home/kimjunsuk/ros2_ws/install/ssd_detection/lib/ssd_detection/detection_system
[9.658s] DEBUG:colcon.colcon_core.event_handler.log_command:Invoking command in '/home/kimjunsuk/ros2_ws/build/ssd_detection': PYTHONPATH=/home/kimjunsuk/ros2_ws/build/ssd_detection/prefix_override:/home/kimjunsuk/ros2_ws/install/ssd_detection/lib/python3.8/site-packages:${PYTHONPATH} /usr/bin/python3 setup.py develop --editable --build-directory /home/kimjunsuk/ros2_ws/build/ssd_detection/build --no-deps install_data
[10.382s] Level 1:colcon.colcon_core.shell:create_environment_hook('ssd_detection', 'pythonpath_develop')
[10.383s] DEBUG:colcon.colcon_core.event_handler.log_command:Invoked command in '/home/kimjunsuk/ros2_ws/build/ssd_detection' returned '0': PYTHONPATH=/home/kimjunsuk/ros2_ws/build/ssd_detection/prefix_override:/home/kimjunsuk/ros2_ws/install/ssd_detection/lib/python3.8/site-packages:${PYTHONPATH} /usr/bin/python3 setup.py develop --editable --build-directory /home/kimjunsuk/ros2_ws/build/ssd_detection/build --no-deps install_data
[10.506s] INFO:colcon.colcon_core.shell:Creating environment hook '/home/kimjunsuk/ros2_ws/build/ssd_detection/share/ssd_detection/hook/pythonpath_develop.ps1'
[10.506s] INFO:colcon.colcon_core.shell:Creating environment descriptor '/home/kimjunsuk/ros2_ws/build/ssd_detection/share/ssd_detection/hook/pythonpath_develop.dsv'
[10.506s] INFO:colcon.colcon_core.shell:Creating environment hook '/home/kimjunsuk/ros2_ws/build/ssd_detection/share/ssd_detection/hook/pythonpath_develop.sh'
[10.617s] Level 1:colcon.colcon_core.environment:checking '/home/kimjunsuk/ros2_ws/install/ssd_detection' for CMake module files
[10.618s] Level 1:colcon.colcon_core.environment:checking '/home/kimjunsuk/ros2_ws/install/ssd_detection' for CMake config files
[10.618s] Level 1:colcon.colcon_core.environment:checking '/home/kimjunsuk/ros2_ws/install/ssd_detection/lib'
[10.618s] Level 1:colcon.colcon_core.environment:checking '/home/kimjunsuk/ros2_ws/install/ssd_detection/bin'
[10.618s] Level 1:colcon.colcon_core.environment:checking '/home/kimjunsuk/ros2_ws/install/ssd_detection/lib/pkgconfig/ssd_detection.pc'
[10.619s] Level 1:colcon.colcon_core.environment:checking '/home/kimjunsuk/ros2_ws/install/ssd_detection/lib/python3.8/site-packages'
[10.619s] Level 1:colcon.colcon_core.shell:create_environment_hook('ssd_detection', 'pythonpath')
[10.734s] INFO:colcon.colcon_core.shell:Creating environment hook '/home/kimjunsuk/ros2_ws/install/ssd_detection/share/ssd_detection/hook/pythonpath.ps1'
[10.735s] INFO:colcon.colcon_core.shell:Creating environment descriptor '/home/kimjunsuk/ros2_ws/install/ssd_detection/share/ssd_detection/hook/pythonpath.dsv'
[10.735s] INFO:colcon.colcon_core.shell:Creating environment hook '/home/kimjunsuk/ros2_ws/install/ssd_detection/share/ssd_detection/hook/pythonpath.sh'
[10.735s] Level 1:colcon.colcon_core.environment:checking '/home/kimjunsuk/ros2_ws/install/ssd_detection/bin'
[10.735s] Level 1:colcon.colcon_core.environment:create_environment_scripts_only(ssd_detection)
[10.850s] INFO:colcon.colcon_core.shell:Creating package script '/home/kimjunsuk/ros2_ws/install/ssd_detection/share/ssd_detection/package.ps1'
[10.851s] INFO:colcon.colcon_core.shell:Creating package descriptor '/home/kimjunsuk/ros2_ws/install/ssd_detection/share/ssd_detection/package.dsv'
[10.851s] INFO:colcon.colcon_core.shell:Creating package script '/home/kimjunsuk/ros2_ws/install/ssd_detection/share/ssd_detection/package.sh'
[10.852s] INFO:colcon.colcon_core.shell:Creating package script '/home/kimjunsuk/ros2_ws/install/ssd_detection/share/ssd_detection/package.bash'
[10.853s] INFO:colcon.colcon_core.shell:Creating package script '/home/kimjunsuk/ros2_ws/install/ssd_detection/share/ssd_detection/package.zsh'
[10.853s] Level 1:colcon.colcon_core.environment:create_file_with_runtime_dependencies(/home/kimjunsuk/ros2_ws/install/ssd_detection/share/colcon-core/packages/ssd_detection)
[10.853s] DEBUG:colcon.colcon_parallel_executor.executor.parallel:closing loop
[10.854s] DEBUG:colcon.colcon_parallel_executor.executor.parallel:loop closed
[10.854s] DEBUG:colcon.colcon_parallel_executor.executor.parallel:run_until_complete finished with '0'
[10.854s] DEBUG:colcon.colcon_core.event_reactor:joining thread
[10.979s] INFO:colcon.colcon_core.plugin_system:Skipping extension 'colcon_notification.desktop_notification.terminal_notifier': Not used on non-Darwin systems
[10.979s] INFO:colcon.colcon_core.plugin_system:Skipping extension 'colcon_notification.desktop_notification.win32': Not used on non-Windows systems
[10.979s] INFO:colcon.colcon_notification.desktop_notification:Sending desktop notification using 'notify2'
[10.992s] DEBUG:colcon.colcon_core.event_reactor:joined thread
[11.119s] INFO:colcon.colcon_core.shell:Creating prefix script '/home/kimjunsuk/ros2_ws/install/local_setup.ps1'
[11.120s] INFO:colcon.colcon_core.shell:Creating prefix util module '/home/kimjunsuk/ros2_ws/install/_local_setup_util_ps1.py'
[11.121s] INFO:colcon.colcon_core.shell:Creating prefix chain script '/home/kimjunsuk/ros2_ws/install/setup.ps1'
[11.243s] INFO:colcon.colcon_core.shell:Creating prefix script '/home/kimjunsuk/ros2_ws/install/local_setup.sh'
[11.243s] INFO:colcon.colcon_core.shell:Creating prefix util module '/home/kimjunsuk/ros2_ws/install/_local_setup_util_sh.py'
[11.244s] INFO:colcon.colcon_core.shell:Creating prefix chain script '/home/kimjunsuk/ros2_ws/install/setup.sh'
[11.355s] INFO:colcon.colcon_core.shell:Creating prefix script '/home/kimjunsuk/ros2_ws/install/local_setup.bash'
[11.355s] INFO:colcon.colcon_core.shell:Creating prefix chain script '/home/kimjunsuk/ros2_ws/install/setup.bash'
[11.468s] INFO:colcon.colcon_core.shell:Creating prefix script '/home/kimjunsuk/ros2_ws/install/local_setup.zsh'
[11.468s] INFO:colcon.colcon_core.shell:Creating prefix chain script '/home/kimjunsuk/ros2_ws/install/setup.zsh'
