[0.000000] (-) TimerEvent: {}
[0.000802] (ssd_detection) JobQueued: {'identifier': 'ssd_detection', 'dependencies': OrderedDict()}
[0.000875] (topic_helloworld) JobQueued: {'identifier': 'topic_helloworld', 'dependencies': OrderedDict()}
[0.000919] (ssd_detection) JobStarted: {'identifier': 'ssd_detection'}
[0.100190] (-) TimerEvent: {}
[0.201409] (-) TimerEvent: {}
[0.302537] (-) TimerEvent: {}
[0.403601] (-) TimerEvent: {}
[0.507145] (-) TimerEvent: {}
[0.567197] (topic_helloworld) JobStarted: {'identifier': 'topic_helloworld'}
[0.607429] (-) TimerEvent: {}
[0.708759] (-) TimerEvent: {}
[0.809247] (-) TimerEvent: {}
[0.915393] (-) TimerEvent: {}
[1.016841] (-) TimerEvent: {}
[1.117688] (-) TimerEvent: {}
[1.218290] (-) TimerEvent: {}
[1.318634] (-) TimerEvent: {}
[1.419683] (-) TimerEvent: {}
[1.520715] (-) TimerEvent: {}
[1.622425] (-) TimerEvent: {}
[1.723061] (-) TimerEvent: {}
[1.824976] (-) TimerEvent: {}
[1.926240] (-) TimerEvent: {}
[2.026588] (-) TimerEvent: {}
[2.127642] (-) TimerEvent: {}
[2.228243] (-) TimerEvent: {}
[2.328568] (-) TimerEvent: {}
[2.429308] (-) TimerEvent: {}
[2.530060] (-) TimerEvent: {}
[2.631326] (-) TimerEvent: {}
[2.731653] (-) TimerEvent: {}
[2.831906] (-) TimerEvent: {}
[2.932163] (-) TimerEvent: {}
[3.032420] (-) TimerEvent: {}
[3.132678] (-) TimerEvent: {}
[3.223618] (topic_helloworld) Command: {'cmd': ['/usr/bin/python3', 'setup.py', 'egg_info', '--egg-base', '../../build/topic_helloworld', 'build', '--build-base', '/home/kimjunsuk/ros2_ws/build/topic_helloworld/build', 'install', '--record', '/home/kimjunsuk/ros2_ws/build/topic_helloworld/install.log', '--install-scripts', '$base/lib/topic_helloworld', '--single-version-externally-managed'], 'cwd': '/home/kimjunsuk/ros2_ws/src/topic_helloworld', 'env': {'GJS_DEBUG_TOPICS': 'JS ERROR;JS LOG', 'LANGUAGE': 'en_US:en', 'USER': 'kimjunsuk', 'LC_TIME': 'ko_KR.UTF-8', 'SSH_AGENT_PID': '1322', 'XDG_SESSION_TYPE': 'x11', 'SHLVL': '1', 'LD_LIBRARY_PATH': '/opt/ros/foxy/opt/yaml_cpp_vendor/lib:/opt/ros/foxy/opt/rviz_ogre_vendor/lib:/opt/ros/foxy/lib/x86_64-linux-gnu:/opt/ros/foxy/lib', 'HOME': '/home/kimjunsuk', 'OLDPWD': '/home/kimjunsuk', 'DESKTOP_SESSION': 'ubuntu', 'GIO_LAUNCHED_DESKTOP_FILE': '/usr/share/applications/terminator.desktop', 'ROS_PYTHON_VERSION': '3', 'GNOME_SHELL_SESSION_MODE': 'ubuntu', 'GTK_MODULES': 'gail:atk-bridge', 'LC_MONETARY': 'ko_KR.UTF-8', 'MANAGERPID': '905', 'DBUS_SESSION_BUS_ADDRESS': 'unix:path=/run/user/1000/bus', 'COLORTERM': 'truecolor', 'TERMINATOR_DBUS_NAME': 'net.tenshu.Terminator21a9d5db22c73a993ff0b42f64b396873', 'GIO_LAUNCHED_DESKTOP_FILE_PID': '128416', 'IM_CONFIG_PHASE': '1', 'COLCON_PREFIX_PATH': '/home/kimjunsuk/ros2_ws/install', 'ROS_DISTRO': 'foxy', 'LOGNAME': 'kimjunsuk', 'JOURNAL_STREAM': '8:40209', '_': '/usr/bin/colcon', 'ROS_VERSION': '2', 'XDG_SESSION_CLASS': 'user', 'USERNAME': 'kimjunsuk', 'TERM': 'xterm-256color', 'GNOME_DESKTOP_SESSION_ID': 'this-is-deprecated', 'ROS_LOCALHOST_ONLY': '0', 'WINDOWPATH': '2', 'PATH': '/opt/ros/foxy/bin:/home/kimjunsuk/.local/bin:/usr/local/sbin:/usr/local/bin:/usr/sbin:/usr/bin:/sbin:/bin:/usr/games:/usr/local/games:/snap/bin', 'SESSION_MANAGER': 'local/kimjunsuk-950XCJ-951XCJ-950XCR:@/tmp/.ICE-unix/1352,unix/kimjunsuk-950XCJ-951XCJ-950XCR:/tmp/.ICE-unix/1352', 'INVOCATION_ID': '6be6f5a59a0a4b84b9b55f187ffc9295', 'PAPERSIZE': 'a4', 'XDG_MENU_PREFIX': 'gnome-', 'LC_ADDRESS': 'ko_KR.UTF-8', 'XDG_RUNTIME_DIR': '/run/user/1000', 'DISPLAY': ':0', 'TERMINATOR_DBUS_PATH': '/net/tenshu/Terminator2', 'LANG': 'en_US.UTF-8', 'XDG_CURRENT_DESKTOP': 'ubuntu:GNOME', 'LC_TELEPHONE': 'ko_KR.UTF-8', 'XMODIFIERS': '@im=ibus', 'XDG_SESSION_DESKTOP': 'ubuntu', 'XAUTHORITY': '/run/user/1000/gdm/Xauthority', 'SSH_AUTH_SOCK': '/run/user/1000/keyring/ssh', 'AMENT_PREFIX_PATH': '/home/kimjunsuk/ros2_ws/install/topic_helloworld:/home/kimjunsuk/ros2_ws/install/ssd_detection:/opt/ros/foxy', 'LC_MESSAGES': 'POSIX', 'SHELL': '/bin/bash', 'LC_NAME': 'ko_KR.UTF-8', 'TERMINATOR_UUID': 'urn:uuid:2473a1b4-59f3-48b4-bbf6-ca6a77d78295', 'QT_ACCESSIBILITY': '1', 'GDMSESSION': 'ubuntu', 'LC_MEASUREMENT': 'ko_KR.UTF-8', 'GPG_AGENT_INFO': '/run/user/1000/gnupg/S.gpg-agent:0:1', 'GJS_DEBUG_OUTPUT': 'stderr', 'LC_IDENTIFICATION': 'ko_KR.UTF-8', 'QT_IM_MODULE': 'ibus', 'PWD': '/home/kimjunsuk/ros2_ws/build/topic_helloworld', 'XDG_CONFIG_DIRS': '/etc/xdg/xdg-ubuntu:/etc/xdg', 'XDG_DATA_DIRS': '/usr/share/ubuntu:/usr/local/share/:/usr/share/:/var/lib/snapd/desktop', 'PYTHONPATH': '/home/kimjunsuk/ros2_ws/build/topic_helloworld/prefix_override:/home/kimjunsuk/ros2_ws/install/topic_helloworld/lib/python3.8/site-packages:/home/kimjunsuk/ros2_ws/install/topic_helloworld/lib/python3.8/site-packages:/home/kimjunsuk/ros2_ws/install/ssd_detection/lib/python3.8/site-packages:/opt/ros/foxy/lib/python3.8/site-packages', 'LC_NUMERIC': 'ko_KR.UTF-8', 'LC_PAPER': 'ko_KR.UTF-8', 'COLCON': '1', 'VTE_VERSION': '6003'}, 'shell': False}
[3.231248] (ssd_detection) Command: {'cmd': ['/usr/bin/python3', 'setup.py', 'egg_info', '--egg-base', '../../build/ssd_detection', 'build', '--build-base', '/home/kimjunsuk/ros2_ws/build/ssd_detection/build', 'install', '--record', '/home/kimjunsuk/ros2_ws/build/ssd_detection/install.log', '--install-scripts', '$base/lib/ssd_detection', '--single-version-externally-managed'], 'cwd': '/home/kimjunsuk/ros2_ws/src/ssd_detection', 'env': {'GJS_DEBUG_TOPICS': 'JS ERROR;JS LOG', 'LANGUAGE': 'en_US:en', 'USER': 'kimjunsuk', 'LC_TIME': 'ko_KR.UTF-8', 'SSH_AGENT_PID': '1322', 'XDG_SESSION_TYPE': 'x11', 'SHLVL': '1', 'LD_LIBRARY_PATH': '/opt/ros/foxy/opt/yaml_cpp_vendor/lib:/opt/ros/foxy/opt/rviz_ogre_vendor/lib:/opt/ros/foxy/lib/x86_64-linux-gnu:/opt/ros/foxy/lib', 'HOME': '/home/kimjunsuk', 'OLDPWD': '/home/kimjunsuk', 'DESKTOP_SESSION': 'ubuntu', 'GIO_LAUNCHED_DESKTOP_FILE': '/usr/share/applications/terminator.desktop', 'ROS_PYTHON_VERSION': '3', 'GNOME_SHELL_SESSION_MODE': 'ubuntu', 'GTK_MODULES': 'gail:atk-bridge', 'LC_MONETARY': 'ko_KR.UTF-8', 'MANAGERPID': '905', 'DBUS_SESSION_BUS_ADDRESS': 'unix:path=/run/user/1000/bus', 'COLORTERM': 'truecolor', 'TERMINATOR_DBUS_NAME': 'net.tenshu.Terminator21a9d5db22c73a993ff0b42f64b396873', 'GIO_LAUNCHED_DESKTOP_FILE_PID': '128416', 'IM_CONFIG_PHASE': '1', 'COLCON_PREFIX_PATH': '/home/kimjunsuk/ros2_ws/install', 'ROS_DISTRO': 'foxy', 'LOGNAME': 'kimjunsuk', 'JOURNAL_STREAM': '8:40209', '_': '/usr/bin/colcon', 'ROS_VERSION': '2', 'XDG_SESSION_CLASS': 'user', 'USERNAME': 'kimjunsuk', 'TERM': 'xterm-256color', 'GNOME_DESKTOP_SESSION_ID': 'this-is-deprecated', 'ROS_LOCALHOST_ONLY': '0', 'WINDOWPATH': '2', 'PATH': '/opt/ros/foxy/bin:/home/kimjunsuk/.local/bin:/usr/local/sbin:/usr/local/bin:/usr/sbin:/usr/bin:/sbin:/bin:/usr/games:/usr/local/games:/snap/bin', 'SESSION_MANAGER': 'local/kimjunsuk-950XCJ-951XCJ-950XCR:@/tmp/.ICE-unix/1352,unix/kimjunsuk-950XCJ-951XCJ-950XCR:/tmp/.ICE-unix/1352', 'INVOCATION_ID': '6be6f5a59a0a4b84b9b55f187ffc9295', 'PAPERSIZE': 'a4', 'XDG_MENU_PREFIX': 'gnome-', 'LC_ADDRESS': 'ko_KR.UTF-8', 'XDG_RUNTIME_DIR': '/run/user/1000', 'DISPLAY': ':0', 'TERMINATOR_DBUS_PATH': '/net/tenshu/Terminator2', 'LANG': 'en_US.UTF-8', 'XDG_CURRENT_DESKTOP': 'ubuntu:GNOME', 'LC_TELEPHONE': 'ko_KR.UTF-8', 'XMODIFIERS': '@im=ibus', 'XDG_SESSION_DESKTOP': 'ubuntu', 'XAUTHORITY': '/run/user/1000/gdm/Xauthority', 'SSH_AUTH_SOCK': '/run/user/1000/keyring/ssh', 'AMENT_PREFIX_PATH': '/home/kimjunsuk/ros2_ws/install/topic_helloworld:/home/kimjunsuk/ros2_ws/install/ssd_detection:/opt/ros/foxy', 'LC_MESSAGES': 'POSIX', 'SHELL': '/bin/bash', 'LC_NAME': 'ko_KR.UTF-8', 'TERMINATOR_UUID': 'urn:uuid:2473a1b4-59f3-48b4-bbf6-ca6a77d78295', 'QT_ACCESSIBILITY': '1', 'GDMSESSION': 'ubuntu', 'LC_MEASUREMENT': 'ko_KR.UTF-8', 'GPG_AGENT_INFO': '/run/user/1000/gnupg/S.gpg-agent:0:1', 'GJS_DEBUG_OUTPUT': 'stderr', 'LC_IDENTIFICATION': 'ko_KR.UTF-8', 'QT_IM_MODULE': 'ibus', 'PWD': '/home/kimjunsuk/ros2_ws/build/ssd_detection', 'XDG_CONFIG_DIRS': '/etc/xdg/xdg-ubuntu:/etc/xdg', 'XDG_DATA_DIRS': '/usr/share/ubuntu:/usr/local/share/:/usr/share/:/var/lib/snapd/desktop', 'PYTHONPATH': '/home/kimjunsuk/ros2_ws/build/ssd_detection/prefix_override:/home/kimjunsuk/ros2_ws/install/ssd_detection/lib/python3.8/site-packages:/home/kimjunsuk/ros2_ws/install/topic_helloworld/lib/python3.8/site-packages:/home/kimjunsuk/ros2_ws/install/ssd_detection/lib/python3.8/site-packages:/opt/ros/foxy/lib/python3.8/site-packages', 'LC_NUMERIC': 'ko_KR.UTF-8', 'LC_PAPER': 'ko_KR.UTF-8', 'COLCON': '1', 'VTE_VERSION': '6003'}, 'shell': False}
[3.234423] (-) TimerEvent: {}
[3.334766] (-) TimerEvent: {}
[3.359680] (topic_helloworld) StderrLine: {'line': b'/usr/local/lib/python3.8/dist-packages/setuptools/dist.py:472: SetuptoolsDeprecationWarning: Invalid dash-separated options\n'}
[3.359858] (topic_helloworld) StderrLine: {'line': b'!!\n'}
[3.359931] (topic_helloworld) StderrLine: {'line': b'\n'}
[3.359993] (topic_helloworld) StderrLine: {'line': b'        ********************************************************************************\n'}
[3.360056] (topic_helloworld) StderrLine: {'line': b"        Usage of dash-separated 'script-dir' will not be supported in future\n"}
[3.360115] (topic_helloworld) StderrLine: {'line': b"        versions. Please use the underscore name 'script_dir' instead.\n"}
[3.360174] (topic_helloworld) StderrLine: {'line': b'\n'}
[3.360232] (topic_helloworld) StderrLine: {'line': b'        By 2024-Sep-26, you need to update your project and remove deprecated calls\n'}
[3.360291] (topic_helloworld) StderrLine: {'line': b'        or your builds will no longer be supported.\n'}
[3.360354] (topic_helloworld) StderrLine: {'line': b'\n'}
[3.360446] (topic_helloworld) StderrLine: {'line': b'        See https://setuptools.pypa.io/en/latest/userguide/declarative_config.html for details.\n'}
[3.360548] (topic_helloworld) StderrLine: {'line': b'        ********************************************************************************\n'}
[3.360649] (topic_helloworld) StderrLine: {'line': b'\n'}
[3.360714] (topic_helloworld) StderrLine: {'line': b'!!\n'}
[3.360773] (topic_helloworld) StderrLine: {'line': b'  opt = self.warn_dash_deprecation(opt, section)\n'}
[3.362912] (ssd_detection) StderrLine: {'line': b'/usr/local/lib/python3.8/dist-packages/setuptools/dist.py:472: SetuptoolsDeprecationWarning: Invalid dash-separated options\n'}
[3.363074] (ssd_detection) StderrLine: {'line': b'!!\n'}
[3.363147] (ssd_detection) StderrLine: {'line': b'\n'}
[3.363210] (ssd_detection) StderrLine: {'line': b'        ********************************************************************************\n'}
[3.363271] (ssd_detection) StderrLine: {'line': b"        Usage of dash-separated 'script-dir' will not be supported in future\n"}
[3.363330] (ssd_detection) StderrLine: {'line': b"        versions. Please use the underscore name 'script_dir' instead.\n"}
[3.363389] (ssd_detection) StderrLine: {'line': b'\n'}
[3.363447] (ssd_detection) StderrLine: {'line': b'        By 2024-Sep-26, you need to update your project and remove deprecated calls\n'}
[3.363505] (ssd_detection) StderrLine: {'line': b'        or your builds will no longer be supported.\n'}
[3.363564] (ssd_detection) StderrLine: {'line': b'\n'}
[3.363622] (ssd_detection) StderrLine: {'line': b'        See https://setuptools.pypa.io/en/latest/userguide/declarative_config.html for details.\n'}
[3.363681] (ssd_detection) StderrLine: {'line': b'        ********************************************************************************\n'}
[3.363739] (ssd_detection) StderrLine: {'line': b'\n'}
[3.363796] (ssd_detection) StderrLine: {'line': b'!!\n'}
[3.363853] (ssd_detection) StderrLine: {'line': b'  opt = self.warn_dash_deprecation(opt, section)\n'}
[3.434884] (-) TimerEvent: {}
[3.465020] (topic_helloworld) StdoutLine: {'line': b'running egg_info\n'}
[3.468670] (ssd_detection) StdoutLine: {'line': b'running egg_info\n'}
[3.534999] (-) TimerEvent: {}
[3.584471] (topic_helloworld) StdoutLine: {'line': b'writing ../../build/topic_helloworld/topic_helloworld.egg-info/PKG-INFO\n'}
[3.584864] (topic_helloworld) StdoutLine: {'line': b'writing dependency_links to ../../build/topic_helloworld/topic_helloworld.egg-info/dependency_links.txt\n'}
[3.585117] (topic_helloworld) StdoutLine: {'line': b'writing requirements to ../../build/topic_helloworld/topic_helloworld.egg-info/requires.txt\n'}
[3.585333] (topic_helloworld) StdoutLine: {'line': b'writing top-level names to ../../build/topic_helloworld/topic_helloworld.egg-info/top_level.txt\n'}
[3.588600] (ssd_detection) StdoutLine: {'line': b'writing ../../build/ssd_detection/ssd_detection.egg-info/PKG-INFO\n'}
[3.588985] (ssd_detection) StdoutLine: {'line': b'writing dependency_links to ../../build/ssd_detection/ssd_detection.egg-info/dependency_links.txt\n'}
[3.589192] (ssd_detection) StdoutLine: {'line': b'writing entry points to ../../build/ssd_detection/ssd_detection.egg-info/entry_points.txt\n'}
[3.589355] (ssd_detection) StdoutLine: {'line': b'writing requirements to ../../build/ssd_detection/ssd_detection.egg-info/requires.txt\n'}
[3.589467] (ssd_detection) StdoutLine: {'line': b'writing top-level names to ../../build/ssd_detection/ssd_detection.egg-info/top_level.txt\n'}
[3.619349] (topic_helloworld) StdoutLine: {'line': b"reading manifest file '../../build/topic_helloworld/topic_helloworld.egg-info/SOURCES.txt'\n"}
[3.620158] (topic_helloworld) StdoutLine: {'line': b"writing manifest file '../../build/topic_helloworld/topic_helloworld.egg-info/SOURCES.txt'\n"}
[3.620386] (topic_helloworld) StdoutLine: {'line': b'running build\n'}
[3.620487] (topic_helloworld) StdoutLine: {'line': b'running build_py\n'}
[3.620670] (topic_helloworld) StdoutLine: {'line': b'copying topic_helloworld/__init__.py -> /home/kimjunsuk/ros2_ws/build/topic_helloworld/build/lib/topic_helloworld\n'}
[3.620751] (topic_helloworld) StdoutLine: {'line': b'running install\n'}
[3.620886] (topic_helloworld) StderrLine: {'line': b'/usr/local/lib/python3.8/dist-packages/setuptools/_distutils/cmd.py:66: SetuptoolsDeprecationWarning: setup.py install is deprecated.\n'}
[3.620974] (topic_helloworld) StderrLine: {'line': b'!!\n'}
[3.621039] (topic_helloworld) StderrLine: {'line': b'\n'}
[3.621100] (topic_helloworld) StderrLine: {'line': b'        ********************************************************************************\n'}
[3.621160] (topic_helloworld) StderrLine: {'line': b'        Please avoid running ``setup.py`` directly.\n'}
[3.621219] (topic_helloworld) StderrLine: {'line': b'        Instead, use pypa/build, pypa/installer or other\n'}
[3.621278] (topic_helloworld) StderrLine: {'line': b'        standards-based tools.\n'}
[3.621336] (topic_helloworld) StderrLine: {'line': b'\n'}
[3.621394] (topic_helloworld) StderrLine: {'line': b'        See https://blog.ganssle.io/articles/2021/10/setup-py-deprecated.html for details.\n'}
[3.621454] (topic_helloworld) StderrLine: {'line': b'        ********************************************************************************\n'}
[3.621513] (topic_helloworld) StderrLine: {'line': b'\n'}
[3.621571] (topic_helloworld) StderrLine: {'line': b'!!\n'}
[3.621629] (topic_helloworld) StderrLine: {'line': b'  self.initialize_options()\n'}
[3.623713] (ssd_detection) StdoutLine: {'line': b"reading manifest file '../../build/ssd_detection/ssd_detection.egg-info/SOURCES.txt'\n"}
[3.624589] (ssd_detection) StdoutLine: {'line': b"writing manifest file '../../build/ssd_detection/ssd_detection.egg-info/SOURCES.txt'\n"}
[3.624759] (ssd_detection) StdoutLine: {'line': b'running build\n'}
[3.624835] (ssd_detection) StdoutLine: {'line': b'running build_py\n'}
[3.624949] (ssd_detection) StdoutLine: {'line': b'copying ssd_detection/video_publisher.py -> /home/kimjunsuk/ros2_ws/build/ssd_detection/build/lib/ssd_detection\n'}
[3.625109] (ssd_detection) StdoutLine: {'line': b'copying ssd_detection/__init__.py -> /home/kimjunsuk/ros2_ws/build/ssd_detection/build/lib/ssd_detection\n'}
[3.625268] (ssd_detection) StdoutLine: {'line': b'copying ssd_detection/ssd_detection.py -> /home/kimjunsuk/ros2_ws/build/ssd_detection/build/lib/ssd_detection\n'}
[3.625478] (ssd_detection) StdoutLine: {'line': b'copying ssd_detection/misc.py -> /home/kimjunsuk/ros2_ws/build/ssd_detection/build/lib/ssd_detection\n'}
[3.625679] (ssd_detection) StdoutLine: {'line': b'running install\n'}
[3.625876] (ssd_detection) StderrLine: {'line': b'/usr/local/lib/python3.8/dist-packages/setuptools/_distutils/cmd.py:66: SetuptoolsDeprecationWarning: setup.py install is deprecated.\n'}
[3.625982] (ssd_detection) StderrLine: {'line': b'!!\n'}
[3.626050] (ssd_detection) StderrLine: {'line': b'\n'}
[3.626112] (ssd_detection) StderrLine: {'line': b'        ********************************************************************************\n'}
[3.626172] (ssd_detection) StderrLine: {'line': b'        Please avoid running ``setup.py`` directly.\n'}
[3.626231] (ssd_detection) StderrLine: {'line': b'        Instead, use pypa/build, pypa/installer or other\n'}
[3.626289] (ssd_detection) StderrLine: {'line': b'        standards-based tools.\n'}
[3.626349] (ssd_detection) StderrLine: {'line': b'\n'}
[3.626407] (ssd_detection) StderrLine: {'line': b'        See https://blog.ganssle.io/articles/2021/10/setup-py-deprecated.html for details.\n'}
[3.626470] (ssd_detection) StderrLine: {'line': b'        ********************************************************************************\n'}
[3.626531] (ssd_detection) StderrLine: {'line': b'\n'}
[3.626623] (ssd_detection) StderrLine: {'line': b'!!\n'}
[3.626682] (ssd_detection) StderrLine: {'line': b'  self.initialize_options()\n'}
[3.626739] (topic_helloworld) StdoutLine: {'line': b'running install_lib\n'}
[3.631438] (ssd_detection) StdoutLine: {'line': b'running install_lib\n'}
[3.635099] (-) TimerEvent: {}
[3.643564] (topic_helloworld) StdoutLine: {'line': b'running install_data\n'}
[3.648384] (ssd_detection) StdoutLine: {'line': b'copying /home/kimjunsuk/ros2_ws/build/ssd_detection/build/lib/ssd_detection/ssd_detection.py -> /home/kimjunsuk/ros2_ws/install/ssd_detection/lib/python3.8/site-packages/ssd_detection\n'}
[3.648923] (ssd_detection) StdoutLine: {'line': b'byte-compiling /home/kimjunsuk/ros2_ws/install/ssd_detection/lib/python3.8/site-packages/ssd_detection/ssd_detection.py to ssd_detection.cpython-38.pyc\n'}
[3.650027] (ssd_detection) StdoutLine: {'line': b'running install_data\n'}
[3.660361] (topic_helloworld) StdoutLine: {'line': b'copying resource/topic_helloworld -> /home/kimjunsuk/ros2_ws/install/topic_helloworld/share/ament_index/resource_index/packages\n'}
[3.660547] (topic_helloworld) StdoutLine: {'line': b'copying package.xml -> /home/kimjunsuk/ros2_ws/install/topic_helloworld/share/topic_helloworld\n'}
[3.660671] (topic_helloworld) StdoutLine: {'line': b'running install_egg_info\n'}
[3.667106] (ssd_detection) StdoutLine: {'line': b'copying resource/ssd_detection -> /home/kimjunsuk/ros2_ws/install/ssd_detection/share/ament_index/resource_index/packages\n'}
[3.667371] (ssd_detection) StdoutLine: {'line': b'copying package.xml -> /home/kimjunsuk/ros2_ws/install/ssd_detection/share/ssd_detection\n'}
[3.667475] (ssd_detection) StdoutLine: {'line': b'running install_egg_info\n'}
[3.678211] (topic_helloworld) StdoutLine: {'line': b"removing '/home/kimjunsuk/ros2_ws/install/topic_helloworld/lib/python3.8/site-packages/topic_helloworld-0.0.0-py3.8.egg-info' (and everything under it)\n"}
[3.678436] (topic_helloworld) StdoutLine: {'line': b'Copying ../../build/topic_helloworld/topic_helloworld.egg-info to /home/kimjunsuk/ros2_ws/install/topic_helloworld/lib/python3.8/site-packages/topic_helloworld-0.0.0-py3.8.egg-info\n'}
[3.679061] (topic_helloworld) StdoutLine: {'line': b'running install_scripts\n'}
[3.684748] (ssd_detection) StdoutLine: {'line': b"removing '/home/kimjunsuk/ros2_ws/install/ssd_detection/lib/python3.8/site-packages/ssd_detection-0.0.0-py3.8.egg-info' (and everything under it)\n"}
[3.684992] (ssd_detection) StdoutLine: {'line': b'Copying ../../build/ssd_detection/ssd_detection.egg-info to /home/kimjunsuk/ros2_ws/install/ssd_detection/lib/python3.8/site-packages/ssd_detection-0.0.0-py3.8.egg-info\n'}
[3.685760] (ssd_detection) StdoutLine: {'line': b'running install_scripts\n'}
[3.728378] (topic_helloworld) StdoutLine: {'line': b"writing list of installed files to '/home/kimjunsuk/ros2_ws/build/topic_helloworld/install.log'\n"}
[3.735232] (-) TimerEvent: {}
[3.735463] (ssd_detection) StdoutLine: {'line': b'Installing detection_example script to /home/kimjunsuk/ros2_ws/install/ssd_detection/lib/ssd_detection\n'}
[3.735675] (ssd_detection) StdoutLine: {'line': b'Installing video_publisher script to /home/kimjunsuk/ros2_ws/install/ssd_detection/lib/ssd_detection\n'}
[3.735883] (ssd_detection) StdoutLine: {'line': b"writing list of installed files to '/home/kimjunsuk/ros2_ws/build/ssd_detection/install.log'\n"}
[3.756711] (topic_helloworld) CommandEnded: {'returncode': 0}
[3.835492] (-) TimerEvent: {}
[3.936187] (-) TimerEvent: {}
[4.038874] (-) TimerEvent: {}
[4.140603] (-) TimerEvent: {}
[4.143618] (topic_helloworld) JobEnded: {'identifier': 'topic_helloworld', 'rc': 0}
[4.144495] (ssd_detection) CommandEnded: {'returncode': 0}
[4.242204] (-) TimerEvent: {}
[4.343645] (-) TimerEvent: {}
[4.446949] (-) TimerEvent: {}
[4.526836] (ssd_detection) JobEnded: {'identifier': 'ssd_detection', 'rc': 0}
[4.527563] (-) EventReactorShutdown: {}
