[1.153s] DEBUG:colcon:Command line arguments: ['/usr/bin/colcon', 'build']
[1.153s] DEBUG:colcon:Parsed command line arguments: Namespace(allow_overriding=[], ament_cmake_args=None, base_paths=['.'], build_base='build', catkin_cmake_args=None, catkin_skip_building_tests=False, cmake_args=None, cmake_clean_cache=False, cmake_clean_first=False, cmake_force_configure=False, cmake_target=None, cmake_target_skip_unavailable=False, continue_on_error=False, event_handlers=None, executor='parallel', ignore_user_meta=False, install_base='install', log_base=None, log_level=None, main=<bound method BuildVerb.main of <colcon_core.verb.build.BuildVerb object at 0x7f29fb2188e0>>, merge_install=False, metas=['./colcon.meta'], mixin=None, mixin_files=None, mixin_verb=('build',), packages_above=None, packages_above_and_dependencies=None, packages_above_depth=None, packages_end=None, packages_ignore=None, packages_ignore_regex=None, packages_select=None, packages_select_build_failed=False, packages_select_by_dep=None, packages_select_regex=None, packages_select_test_failures=False, packages_skip=None, packages_skip_build_finished=False, packages_skip_by_dep=None, packages_skip_regex=None, packages_skip_test_passed=False, packages_skip_up_to=None, packages_start=None, packages_up_to=None, packages_up_to_regex=None, parallel_workers=22, paths=None, symlink_install=False, test_result_base=None, verb_extension=<colcon_core.verb.build.BuildVerb object at 0x7f29fb2188e0>, verb_name='build', verb_parser=<colcon_mixin.mixin.mixin_argument.MixinArgumentDecorator object at 0x7f29fb0fdb20>)
[1.328s] Level 1:colcon.colcon_core.package_discovery:discover_packages(colcon_meta) check parameters
[1.328s] Level 1:colcon.colcon_core.package_discovery:discover_packages(recursive) check parameters
[1.328s] Level 1:colcon.colcon_core.package_discovery:discover_packages(ignore) check parameters
[1.328s] Level 1:colcon.colcon_core.package_discovery:discover_packages(path) check parameters
[1.328s] Level 1:colcon.colcon_core.package_discovery:discover_packages(colcon_meta) discover
[1.328s] Level 1:colcon.colcon_core.package_discovery:discover_packages(recursive) discover
[1.328s] INFO:colcon.colcon_core.package_discovery:Crawling recursively for packages in '/home/kimjunsuk/ros2_ws'
[1.328s] Level 1:colcon.colcon_core.package_identification:_identify(.) by extensions ['ignore', 'ignore_ament_install']
[1.328s] Level 1:colcon.colcon_core.package_identification:_identify(.) by extension 'ignore'
[1.328s] Level 1:colcon.colcon_core.package_identification:_identify(.) by extension 'ignore_ament_install'
[1.329s] Level 1:colcon.colcon_core.package_identification:_identify(.) by extensions ['colcon_pkg']
[1.329s] Level 1:colcon.colcon_core.package_identification:_identify(.) by extension 'colcon_pkg'
[1.329s] Level 1:colcon.colcon_core.package_identification:_identify(.) by extensions ['colcon_meta']
[1.329s] Level 1:colcon.colcon_core.package_identification:_identify(.) by extension 'colcon_meta'
[1.329s] Level 1:colcon.colcon_core.package_identification:_identify(.) by extensions ['ros']
[1.329s] Level 1:colcon.colcon_core.package_identification:_identify(.) by extension 'ros'
[1.343s] Level 1:colcon.colcon_core.package_identification:_identify(.) by extensions ['cmake', 'python']
[1.343s] Level 1:colcon.colcon_core.package_identification:_identify(.) by extension 'cmake'
[1.343s] Level 1:colcon.colcon_core.package_identification:_identify(.) by extension 'python'
[1.343s] Level 1:colcon.colcon_core.package_identification:_identify(.) by extensions ['python_setup_py']
[1.343s] Level 1:colcon.colcon_core.package_identification:_identify(.) by extension 'python_setup_py'
[1.343s] Level 1:colcon.colcon_core.package_identification:_identify(build) by extensions ['ignore', 'ignore_ament_install']
[1.344s] Level 1:colcon.colcon_core.package_identification:_identify(build) by extension 'ignore'
[1.344s] Level 1:colcon.colcon_core.package_identification:_identify(build) ignored
[1.344s] Level 1:colcon.colcon_core.package_identification:_identify(install) by extensions ['ignore', 'ignore_ament_install']
[1.344s] Level 1:colcon.colcon_core.package_identification:_identify(install) by extension 'ignore'
[1.344s] Level 1:colcon.colcon_core.package_identification:_identify(install) ignored
[1.344s] Level 1:colcon.colcon_core.package_identification:_identify(log) by extensions ['ignore', 'ignore_ament_install']
[1.344s] Level 1:colcon.colcon_core.package_identification:_identify(log) by extension 'ignore'
[1.344s] Level 1:colcon.colcon_core.package_identification:_identify(log) ignored
[1.344s] Level 1:colcon.colcon_core.package_identification:_identify(src) by extensions ['ignore', 'ignore_ament_install']
[1.344s] Level 1:colcon.colcon_core.package_identification:_identify(src) by extension 'ignore'
[1.344s] Level 1:colcon.colcon_core.package_identification:_identify(src) by extension 'ignore_ament_install'
[1.344s] Level 1:colcon.colcon_core.package_identification:_identify(src) by extensions ['colcon_pkg']
[1.344s] Level 1:colcon.colcon_core.package_identification:_identify(src) by extension 'colcon_pkg'
[1.344s] Level 1:colcon.colcon_core.package_identification:_identify(src) by extensions ['colcon_meta']
[1.344s] Level 1:colcon.colcon_core.package_identification:_identify(src) by extension 'colcon_meta'
[1.344s] Level 1:colcon.colcon_core.package_identification:_identify(src) by extensions ['ros']
[1.344s] Level 1:colcon.colcon_core.package_identification:_identify(src) by extension 'ros'
[1.344s] Level 1:colcon.colcon_core.package_identification:_identify(src) by extensions ['cmake', 'python']
[1.344s] Level 1:colcon.colcon_core.package_identification:_identify(src) by extension 'cmake'
[1.344s] Level 1:colcon.colcon_core.package_identification:_identify(src) by extension 'python'
[1.344s] Level 1:colcon.colcon_core.package_identification:_identify(src) by extensions ['python_setup_py']
[1.344s] Level 1:colcon.colcon_core.package_identification:_identify(src) by extension 'python_setup_py'
[1.344s] Level 1:colcon.colcon_core.package_identification:_identify(src/ssd_detection) by extensions ['ignore', 'ignore_ament_install']
[1.344s] Level 1:colcon.colcon_core.package_identification:_identify(src/ssd_detection) by extension 'ignore'
[1.345s] Level 1:colcon.colcon_core.package_identification:_identify(src/ssd_detection) by extension 'ignore_ament_install'
[1.345s] Level 1:colcon.colcon_core.package_identification:_identify(src/ssd_detection) by extensions ['colcon_pkg']
[1.345s] Level 1:colcon.colcon_core.package_identification:_identify(src/ssd_detection) by extension 'colcon_pkg'
[1.345s] Level 1:colcon.colcon_core.package_identification:_identify(src/ssd_detection) by extensions ['colcon_meta']
[1.345s] Level 1:colcon.colcon_core.package_identification:_identify(src/ssd_detection) by extension 'colcon_meta'
[1.345s] Level 1:colcon.colcon_core.package_identification:_identify(src/ssd_detection) by extensions ['ros']
[1.345s] Level 1:colcon.colcon_core.package_identification:_identify(src/ssd_detection) by extension 'ros'
[1.348s] DEBUG:colcon.colcon_core.package_identification:Package 'src/ssd_detection' with type 'ros.ament_python' and name 'ssd_detection'
[1.348s] Level 1:colcon.colcon_core.package_discovery:discover_packages(recursive) using defaults
[1.348s] Level 1:colcon.colcon_core.package_discovery:discover_packages(ignore) discover
[1.348s] Level 1:colcon.colcon_core.package_discovery:discover_packages(ignore) using defaults
[1.348s] Level 1:colcon.colcon_core.package_discovery:discover_packages(path) discover
[1.348s] Level 1:colcon.colcon_core.package_discovery:discover_packages(path) using defaults
[1.382s] Level 1:colcon.colcon_core.package_discovery:discover_packages(prefix_path) check parameters
[1.382s] Level 1:colcon.colcon_core.package_discovery:discover_packages(prefix_path) discover
[1.386s] DEBUG:colcon.colcon_installed_package_information.package_discovery:Found 256 installed packages in /opt/ros/foxy
[1.386s] Level 1:colcon.colcon_core.package_discovery:discover_packages(prefix_path) using defaults
[1.451s] Level 5:colcon.colcon_core.verb:set package 'ssd_detection' build argument 'cmake_args' from command line to 'None'
[1.451s] Level 5:colcon.colcon_core.verb:set package 'ssd_detection' build argument 'cmake_target' from command line to 'None'
[1.451s] Level 5:colcon.colcon_core.verb:set package 'ssd_detection' build argument 'cmake_target_skip_unavailable' from command line to 'False'
[1.451s] Level 5:colcon.colcon_core.verb:set package 'ssd_detection' build argument 'cmake_clean_cache' from command line to 'False'
[1.451s] Level 5:colcon.colcon_core.verb:set package 'ssd_detection' build argument 'cmake_clean_first' from command line to 'False'
[1.451s] Level 5:colcon.colcon_core.verb:set package 'ssd_detection' build argument 'cmake_force_configure' from command line to 'False'
[1.451s] Level 5:colcon.colcon_core.verb:set package 'ssd_detection' build argument 'ament_cmake_args' from command line to 'None'
[1.451s] Level 5:colcon.colcon_core.verb:set package 'ssd_detection' build argument 'catkin_cmake_args' from command line to 'None'
[1.451s] Level 5:colcon.colcon_core.verb:set package 'ssd_detection' build argument 'catkin_skip_building_tests' from command line to 'False'
[1.451s] DEBUG:colcon.colcon_core.verb:Building package 'ssd_detection' with the following arguments: {'ament_cmake_args': None, 'build_base': '/home/kimjunsuk/ros2_ws/build/ssd_detection', 'catkin_cmake_args': None, 'catkin_skip_building_tests': False, 'cmake_args': None, 'cmake_clean_cache': False, 'cmake_clean_first': False, 'cmake_force_configure': False, 'cmake_target': None, 'cmake_target_skip_unavailable': False, 'install_base': '/home/kimjunsuk/ros2_ws/install/ssd_detection', 'merge_install': False, 'path': '/home/kimjunsuk/ros2_ws/src/ssd_detection', 'symlink_install': False, 'test_result_base': None}
[1.452s] INFO:colcon.colcon_core.executor:Executing jobs using 'parallel' executor
[1.453s] DEBUG:colcon.colcon_parallel_executor.executor.parallel:run_until_complete
[1.453s] INFO:colcon.colcon_ros.task.ament_python.build:Building ROS package in '/home/kimjunsuk/ros2_ws/src/ssd_detection' with build type 'ament_python'
[1.453s] Level 1:colcon.colcon_core.shell:create_environment_hook('ssd_detection', 'ament_prefix_path')
[1.459s] INFO:colcon.colcon_core.plugin_system:Skipping extension 'colcon_core.shell.bat': Not used on non-Windows systems
[1.460s] INFO:colcon.colcon_core.shell:Creating environment hook '/home/kimjunsuk/ros2_ws/install/ssd_detection/share/ssd_detection/hook/ament_prefix_path.ps1'
[1.462s] INFO:colcon.colcon_core.shell:Creating environment descriptor '/home/kimjunsuk/ros2_ws/install/ssd_detection/share/ssd_detection/hook/ament_prefix_path.dsv'
[1.462s] INFO:colcon.colcon_core.shell:Creating environment hook '/home/kimjunsuk/ros2_ws/install/ssd_detection/share/ssd_detection/hook/ament_prefix_path.sh'
[1.463s] INFO:colcon.colcon_core.shell:Skip shell extension 'powershell' for command environment: Not usable outside of PowerShell
[1.463s] DEBUG:colcon.colcon_core.shell:Skip shell extension 'dsv' for command environment
[1.684s] INFO:colcon.colcon_core.task.python.build:Building Python package in '/home/kimjunsuk/ros2_ws/src/ssd_detection'
[1.685s] INFO:colcon.colcon_core.shell:Skip shell extension 'powershell' for command environment: Not usable outside of PowerShell
[1.685s] DEBUG:colcon.colcon_core.shell:Skip shell extension 'dsv' for command environment
[2.274s] DEBUG:colcon.colcon_core.event_handler.log_command:Invoking command in '/home/kimjunsuk/ros2_ws/src/ssd_detection': PYTHONPATH=/home/kimjunsuk/ros2_ws/build/ssd_detection/prefix_override:/home/kimjunsuk/ros2_ws/install/ssd_detection/lib/python3.8/site-packages:${PYTHONPATH} /usr/bin/python3 -W ignore:setup.py install is deprecated setup.py egg_info --egg-base ../../build/ssd_detection build --build-base /home/kimjunsuk/ros2_ws/build/ssd_detection/build install --record /home/kimjunsuk/ros2_ws/build/ssd_detection/install.log --install-scripts $base/lib/ssd_detection --single-version-externally-managed install_data
[2.569s] DEBUG:colcon.colcon_core.event_handler.log_command:Invoked command in '/home/kimjunsuk/ros2_ws/src/ssd_detection' returned '0': PYTHONPATH=/home/kimjunsuk/ros2_ws/build/ssd_detection/prefix_override:/home/kimjunsuk/ros2_ws/install/ssd_detection/lib/python3.8/site-packages:${PYTHONPATH} /usr/bin/python3 -W ignore:setup.py install is deprecated setup.py egg_info --egg-base ../../build/ssd_detection build --build-base /home/kimjunsuk/ros2_ws/build/ssd_detection/build install --record /home/kimjunsuk/ros2_ws/build/ssd_detection/install.log --install-scripts $base/lib/ssd_detection --single-version-externally-managed install_data
[2.577s] Level 1:colcon.colcon_core.environment:checking '/home/kimjunsuk/ros2_ws/install/ssd_detection' for CMake module files
[2.578s] Level 1:colcon.colcon_core.environment:checking '/home/kimjunsuk/ros2_ws/install/ssd_detection' for CMake config files
[2.579s] Level 1:colcon.colcon_core.environment:checking '/home/kimjunsuk/ros2_ws/install/ssd_detection/lib'
[2.579s] Level 1:colcon.colcon_core.environment:checking '/home/kimjunsuk/ros2_ws/install/ssd_detection/bin'
[2.579s] Level 1:colcon.colcon_core.environment:checking '/home/kimjunsuk/ros2_ws/install/ssd_detection/lib/pkgconfig/ssd_detection.pc'
[2.580s] Level 1:colcon.colcon_core.environment:checking '/home/kimjunsuk/ros2_ws/install/ssd_detection/lib/python3.8/site-packages'
[2.580s] Level 1:colcon.colcon_core.shell:create_environment_hook('ssd_detection', 'pythonpath')
[2.580s] INFO:colcon.colcon_core.shell:Creating environment hook '/home/kimjunsuk/ros2_ws/install/ssd_detection/share/ssd_detection/hook/pythonpath.ps1'
[2.580s] INFO:colcon.colcon_core.shell:Creating environment descriptor '/home/kimjunsuk/ros2_ws/install/ssd_detection/share/ssd_detection/hook/pythonpath.dsv'
[2.581s] INFO:colcon.colcon_core.shell:Creating environment hook '/home/kimjunsuk/ros2_ws/install/ssd_detection/share/ssd_detection/hook/pythonpath.sh'
[2.581s] Level 1:colcon.colcon_core.environment:checking '/home/kimjunsuk/ros2_ws/install/ssd_detection/bin'
[2.581s] Level 1:colcon.colcon_core.environment:create_environment_scripts_only(ssd_detection)
[2.581s] INFO:colcon.colcon_core.shell:Creating package script '/home/kimjunsuk/ros2_ws/install/ssd_detection/share/ssd_detection/package.ps1'
[2.582s] INFO:colcon.colcon_core.shell:Creating package descriptor '/home/kimjunsuk/ros2_ws/install/ssd_detection/share/ssd_detection/package.dsv'
[2.583s] INFO:colcon.colcon_core.shell:Creating package script '/home/kimjunsuk/ros2_ws/install/ssd_detection/share/ssd_detection/package.sh'
[2.583s] INFO:colcon.colcon_core.shell:Creating package script '/home/kimjunsuk/ros2_ws/install/ssd_detection/share/ssd_detection/package.bash'
[2.584s] INFO:colcon.colcon_core.shell:Creating package script '/home/kimjunsuk/ros2_ws/install/ssd_detection/share/ssd_detection/package.zsh'
[2.585s] Level 1:colcon.colcon_core.environment:create_file_with_runtime_dependencies(/home/kimjunsuk/ros2_ws/install/ssd_detection/share/colcon-core/packages/ssd_detection)
[2.585s] DEBUG:colcon.colcon_parallel_executor.executor.parallel:closing loop
[2.585s] DEBUG:colcon.colcon_parallel_executor.executor.parallel:loop closed
[2.585s] DEBUG:colcon.colcon_parallel_executor.executor.parallel:run_until_complete finished with '0'
[2.586s] DEBUG:colcon.colcon_core.event_reactor:joining thread
[2.652s] INFO:colcon.colcon_core.plugin_system:Skipping extension 'colcon_notification.desktop_notification.notify_send': Could not find 'notify-send'
[2.652s] INFO:colcon.colcon_core.plugin_system:Skipping extension 'colcon_notification.desktop_notification.terminal_notifier': Not used on non-Darwin systems
[2.652s] INFO:colcon.colcon_core.plugin_system:Skipping extension 'colcon_notification.desktop_notification.win32': Not used on non-Windows systems
[2.652s] INFO:colcon.colcon_notification.desktop_notification:Sending desktop notification using 'notify2'
[2.658s] DEBUG:colcon.colcon_notification.desktop_notification.notify2:Failed to initialize notify2: org.freedesktop.DBus.Error.ServiceUnknown: The name org.freedesktop.Notifications was not provided by any .service files
[2.658s] DEBUG:colcon.colcon_core.event_reactor:joined thread
[2.658s] INFO:colcon.colcon_core.shell:Creating prefix script '/home/kimjunsuk/ros2_ws/install/local_setup.ps1'
[2.659s] INFO:colcon.colcon_core.shell:Creating prefix util module '/home/kimjunsuk/ros2_ws/install/_local_setup_util_ps1.py'
[2.660s] INFO:colcon.colcon_core.shell:Creating prefix chain script '/home/kimjunsuk/ros2_ws/install/setup.ps1'
[2.660s] INFO:colcon.colcon_core.shell:Creating prefix script '/home/kimjunsuk/ros2_ws/install/local_setup.sh'
[2.661s] INFO:colcon.colcon_core.shell:Creating prefix util module '/home/kimjunsuk/ros2_ws/install/_local_setup_util_sh.py'
[2.661s] INFO:colcon.colcon_core.shell:Creating prefix chain script '/home/kimjunsuk/ros2_ws/install/setup.sh'
[2.662s] INFO:colcon.colcon_core.shell:Creating prefix script '/home/kimjunsuk/ros2_ws/install/local_setup.bash'
[2.662s] INFO:colcon.colcon_core.shell:Creating prefix chain script '/home/kimjunsuk/ros2_ws/install/setup.bash'
[2.663s] INFO:colcon.colcon_core.shell:Creating prefix script '/home/kimjunsuk/ros2_ws/install/local_setup.zsh'
[2.664s] INFO:colcon.colcon_core.shell:Creating prefix chain script '/home/kimjunsuk/ros2_ws/install/setup.zsh'
