running egg_info
writing ../../build/topic_helloworld/topic_helloworld.egg-info/PKG-INFO
writing dependency_links to ../../build/topic_helloworld/topic_helloworld.egg-info/dependency_links.txt
writing requirements to ../../build/topic_helloworld/topic_helloworld.egg-info/requires.txt
writing top-level names to ../../build/topic_helloworld/topic_helloworld.egg-info/top_level.txt
reading manifest file '../../build/topic_helloworld/topic_helloworld.egg-info/SOURCES.txt'
writing manifest file '../../build/topic_helloworld/topic_helloworld.egg-info/SOURCES.txt'
running build
running build_py
copying topic_helloworld/__init__.py -> /home/kimjunsuk/ros2_ws/build/topic_helloworld/build/lib/topic_helloworld
running install
running install_lib
running install_data
copying resource/topic_helloworld -> /home/kimjunsuk/ros2_ws/install/topic_helloworld/share/ament_index/resource_index/packages
copying package.xml -> /home/kimjunsuk/ros2_ws/install/topic_helloworld/share/topic_helloworld
running install_egg_info
removing '/home/kimjunsuk/ros2_ws/install/topic_helloworld/lib/python3.8/site-packages/topic_helloworld-0.0.0-py3.8.egg-info' (and everything under it)
Copying ../../build/topic_helloworld/topic_helloworld.egg-info to /home/kimjunsuk/ros2_ws/install/topic_helloworld/lib/python3.8/site-packages/topic_helloworld-0.0.0-py3.8.egg-info
running install_scripts
writing list of installed files to '/home/kimjunsuk/ros2_ws/build/topic_helloworld/install.log'
