[6.932s] DEBUG:colcon:Command line arguments: ['/usr/bin/colcon', 'build']
[6.932s] DEBUG:colcon:Parsed command line arguments: Namespace(allow_overriding=[], ament_cmake_args=None, base_paths=['.'], build_base='build', catkin_cmake_args=None, catkin_skip_building_tests=False, cmake_args=None, cmake_clean_cache=False, cmake_clean_first=False, cmake_force_configure=False, cmake_target=None, cmake_target_skip_unavailable=False, continue_on_error=False, event_handlers=None, executor='parallel', ignore_user_meta=False, install_base='install', log_base=None, log_level=None, main=<bound method BuildVerb.main of <colcon_core.verb.build.BuildVerb object at 0x7fd624254340>>, merge_install=False, metas=['./colcon.meta'], packages_above=None, packages_above_and_dependencies=None, packages_above_depth=None, packages_end=None, packages_ignore=None, packages_ignore_regex=None, packages_select=None, packages_select_build_failed=False, packages_select_by_dep=None, packages_select_regex=None, packages_select_test_failures=False, packages_skip=None, packages_skip_build_finished=False, packages_skip_by_dep=None, packages_skip_regex=None, packages_skip_test_passed=False, packages_skip_up_to=None, packages_start=None, packages_up_to=None, packages_up_to_regex=None, parallel_workers=8, paths=None, symlink_install=False, test_result_base=None, verb_extension=<colcon_core.verb.build.BuildVerb object at 0x7fd624254340>, verb_name='build', verb_parser=<colcon_defaults.argument_parser.defaults.DefaultArgumentsDecorator object at 0x7fd624254820>)
[7.234s] Level 1:colcon.colcon_core.package_discovery:discover_packages(colcon_meta) check parameters
[7.234s] Level 1:colcon.colcon_core.package_discovery:discover_packages(recursive) check parameters
[7.234s] Level 1:colcon.colcon_core.package_discovery:discover_packages(ignore) check parameters
[7.234s] Level 1:colcon.colcon_core.package_discovery:discover_packages(path) check parameters
[7.234s] Level 1:colcon.colcon_core.package_discovery:discover_packages(colcon_meta) discover
[7.234s] Level 1:colcon.colcon_core.package_discovery:discover_packages(recursive) discover
[7.234s] INFO:colcon.colcon_core.package_discovery:Crawling recursively for packages in '/home/kimjunsuk/ros2_ws'
[7.234s] Level 1:colcon.colcon_core.package_identification:_identify(.) by extensions ['ignore', 'ignore_ament_install']
[7.234s] Level 1:colcon.colcon_core.package_identification:_identify(.) by extension 'ignore'
[7.234s] Level 1:colcon.colcon_core.package_identification:_identify(.) by extension 'ignore_ament_install'
[7.234s] Level 1:colcon.colcon_core.package_identification:_identify(.) by extensions ['colcon_pkg']
[7.234s] Level 1:colcon.colcon_core.package_identification:_identify(.) by extension 'colcon_pkg'
[7.234s] Level 1:colcon.colcon_core.package_identification:_identify(.) by extensions ['colcon_meta']
[7.234s] Level 1:colcon.colcon_core.package_identification:_identify(.) by extension 'colcon_meta'
[7.234s] Level 1:colcon.colcon_core.package_identification:_identify(.) by extensions ['ros']
[7.234s] Level 1:colcon.colcon_core.package_identification:_identify(.) by extension 'ros'
[7.250s] Level 1:colcon.colcon_core.package_identification:_identify(.) by extensions ['cmake', 'python']
[7.250s] Level 1:colcon.colcon_core.package_identification:_identify(.) by extension 'cmake'
[7.250s] Level 1:colcon.colcon_core.package_identification:_identify(.) by extension 'python'
[7.250s] Level 1:colcon.colcon_core.package_identification:_identify(.) by extensions ['python_setup_py']
[7.250s] Level 1:colcon.colcon_core.package_identification:_identify(.) by extension 'python_setup_py'
[7.250s] Level 1:colcon.colcon_core.package_identification:_identify(build) by extensions ['ignore', 'ignore_ament_install']
[7.250s] Level 1:colcon.colcon_core.package_identification:_identify(build) by extension 'ignore'
[7.250s] Level 1:colcon.colcon_core.package_identification:_identify(build) ignored
[7.250s] Level 1:colcon.colcon_core.package_identification:_identify(install) by extensions ['ignore', 'ignore_ament_install']
[7.250s] Level 1:colcon.colcon_core.package_identification:_identify(install) by extension 'ignore'
[7.250s] Level 1:colcon.colcon_core.package_identification:_identify(install) ignored
[7.250s] Level 1:colcon.colcon_core.package_identification:_identify(log) by extensions ['ignore', 'ignore_ament_install']
[7.250s] Level 1:colcon.colcon_core.package_identification:_identify(log) by extension 'ignore'
[7.251s] Level 1:colcon.colcon_core.package_identification:_identify(log) ignored
[7.251s] Level 1:colcon.colcon_core.package_identification:_identify(src) by extensions ['ignore', 'ignore_ament_install']
[7.251s] Level 1:colcon.colcon_core.package_identification:_identify(src) by extension 'ignore'
[7.251s] Level 1:colcon.colcon_core.package_identification:_identify(src) by extension 'ignore_ament_install'
[7.251s] Level 1:colcon.colcon_core.package_identification:_identify(src) by extensions ['colcon_pkg']
[7.251s] Level 1:colcon.colcon_core.package_identification:_identify(src) by extension 'colcon_pkg'
[7.251s] Level 1:colcon.colcon_core.package_identification:_identify(src) by extensions ['colcon_meta']
[7.251s] Level 1:colcon.colcon_core.package_identification:_identify(src) by extension 'colcon_meta'
[7.251s] Level 1:colcon.colcon_core.package_identification:_identify(src) by extensions ['ros']
[7.251s] Level 1:colcon.colcon_core.package_identification:_identify(src) by extension 'ros'
[7.251s] Level 1:colcon.colcon_core.package_identification:_identify(src) by extensions ['cmake', 'python']
[7.251s] Level 1:colcon.colcon_core.package_identification:_identify(src) by extension 'cmake'
[7.251s] Level 1:colcon.colcon_core.package_identification:_identify(src) by extension 'python'
[7.251s] Level 1:colcon.colcon_core.package_identification:_identify(src) by extensions ['python_setup_py']
[7.251s] Level 1:colcon.colcon_core.package_identification:_identify(src) by extension 'python_setup_py'
[7.251s] Level 1:colcon.colcon_core.package_identification:_identify(src/ssd_detection) by extensions ['ignore', 'ignore_ament_install']
[7.251s] Level 1:colcon.colcon_core.package_identification:_identify(src/ssd_detection) by extension 'ignore'
[7.251s] Level 1:colcon.colcon_core.package_identification:_identify(src/ssd_detection) by extension 'ignore_ament_install'
[7.251s] Level 1:colcon.colcon_core.package_identification:_identify(src/ssd_detection) by extensions ['colcon_pkg']
[7.252s] Level 1:colcon.colcon_core.package_identification:_identify(src/ssd_detection) by extension 'colcon_pkg'
[7.252s] Level 1:colcon.colcon_core.package_identification:_identify(src/ssd_detection) by extensions ['colcon_meta']
[7.252s] Level 1:colcon.colcon_core.package_identification:_identify(src/ssd_detection) by extension 'colcon_meta'
[7.252s] Level 1:colcon.colcon_core.package_identification:_identify(src/ssd_detection) by extensions ['ros']
[7.252s] Level 1:colcon.colcon_core.package_identification:_identify(src/ssd_detection) by extension 'ros'
[7.254s] DEBUG:colcon.colcon_core.package_identification:Package 'src/ssd_detection' with type 'ros.ament_python' and name 'ssd_detection'
[7.255s] Level 1:colcon.colcon_core.package_identification:_identify(src/topic_helloworld) by extensions ['ignore', 'ignore_ament_install']
[7.255s] Level 1:colcon.colcon_core.package_identification:_identify(src/topic_helloworld) by extension 'ignore'
[7.255s] Level 1:colcon.colcon_core.package_identification:_identify(src/topic_helloworld) by extension 'ignore_ament_install'
[7.255s] Level 1:colcon.colcon_core.package_identification:_identify(src/topic_helloworld) by extensions ['colcon_pkg']
[7.255s] Level 1:colcon.colcon_core.package_identification:_identify(src/topic_helloworld) by extension 'colcon_pkg'
[7.255s] Level 1:colcon.colcon_core.package_identification:_identify(src/topic_helloworld) by extensions ['colcon_meta']
[7.255s] Level 1:colcon.colcon_core.package_identification:_identify(src/topic_helloworld) by extension 'colcon_meta'
[7.255s] Level 1:colcon.colcon_core.package_identification:_identify(src/topic_helloworld) by extensions ['ros']
[7.255s] Level 1:colcon.colcon_core.package_identification:_identify(src/topic_helloworld) by extension 'ros'
[7.256s] DEBUG:colcon.colcon_core.package_identification:Package 'src/topic_helloworld' with type 'ros.ament_python' and name 'topic_helloworld'
[7.256s] Level 1:colcon.colcon_core.package_discovery:discover_packages(recursive) using defaults
[7.256s] Level 1:colcon.colcon_core.package_discovery:discover_packages(ignore) discover
[7.256s] Level 1:colcon.colcon_core.package_discovery:discover_packages(ignore) using defaults
[7.256s] Level 1:colcon.colcon_core.package_discovery:discover_packages(path) discover
[7.256s] Level 1:colcon.colcon_core.package_discovery:discover_packages(path) using defaults
[7.912s] Level 1:colcon.colcon_core.package_discovery:discover_packages(prefix_path) check parameters
[7.912s] Level 1:colcon.colcon_core.package_discovery:discover_packages(prefix_path) discover
[8.168s] DEBUG:colcon.colcon_installed_package_information.package_discovery:Found 2 installed packages in /home/kimjunsuk/ros2_ws/install
[8.299s] DEBUG:colcon.colcon_installed_package_information.package_discovery:Found 256 installed packages in /opt/ros/foxy
[8.300s] Level 1:colcon.colcon_core.package_discovery:discover_packages(prefix_path) using defaults
[8.603s] Level 5:colcon.colcon_core.verb:set package 'ssd_detection' build argument 'cmake_args' from command line to 'None'
[8.603s] Level 5:colcon.colcon_core.verb:set package 'ssd_detection' build argument 'cmake_target' from command line to 'None'
[8.603s] Level 5:colcon.colcon_core.verb:set package 'ssd_detection' build argument 'cmake_target_skip_unavailable' from command line to 'False'
[8.603s] Level 5:colcon.colcon_core.verb:set package 'ssd_detection' build argument 'cmake_clean_cache' from command line to 'False'
[8.603s] Level 5:colcon.colcon_core.verb:set package 'ssd_detection' build argument 'cmake_clean_first' from command line to 'False'
[8.603s] Level 5:colcon.colcon_core.verb:set package 'ssd_detection' build argument 'cmake_force_configure' from command line to 'False'
[8.603s] Level 5:colcon.colcon_core.verb:set package 'ssd_detection' build argument 'ament_cmake_args' from command line to 'None'
[8.603s] Level 5:colcon.colcon_core.verb:set package 'ssd_detection' build argument 'catkin_cmake_args' from command line to 'None'
[8.603s] Level 5:colcon.colcon_core.verb:set package 'ssd_detection' build argument 'catkin_skip_building_tests' from command line to 'False'
[8.603s] DEBUG:colcon.colcon_core.verb:Building package 'ssd_detection' with the following arguments: {'ament_cmake_args': None, 'build_base': '/home/kimjunsuk/ros2_ws/build/ssd_detection', 'catkin_cmake_args': None, 'catkin_skip_building_tests': False, 'cmake_args': None, 'cmake_clean_cache': False, 'cmake_clean_first': False, 'cmake_force_configure': False, 'cmake_target': None, 'cmake_target_skip_unavailable': False, 'install_base': '/home/kimjunsuk/ros2_ws/install/ssd_detection', 'merge_install': False, 'path': '/home/kimjunsuk/ros2_ws/src/ssd_detection', 'symlink_install': False, 'test_result_base': None}
[8.733s] Level 5:colcon.colcon_core.verb:set package 'topic_helloworld' build argument 'cmake_args' from command line to 'None'
[8.733s] Level 5:colcon.colcon_core.verb:set package 'topic_helloworld' build argument 'cmake_target' from command line to 'None'
[8.733s] Level 5:colcon.colcon_core.verb:set package 'topic_helloworld' build argument 'cmake_target_skip_unavailable' from command line to 'False'
[8.734s] Level 5:colcon.colcon_core.verb:set package 'topic_helloworld' build argument 'cmake_clean_cache' from command line to 'False'
[8.734s] Level 5:colcon.colcon_core.verb:set package 'topic_helloworld' build argument 'cmake_clean_first' from command line to 'False'
[8.734s] Level 5:colcon.colcon_core.verb:set package 'topic_helloworld' build argument 'cmake_force_configure' from command line to 'False'
[8.734s] Level 5:colcon.colcon_core.verb:set package 'topic_helloworld' build argument 'ament_cmake_args' from command line to 'None'
[8.734s] Level 5:colcon.colcon_core.verb:set package 'topic_helloworld' build argument 'catkin_cmake_args' from command line to 'None'
[8.734s] Level 5:colcon.colcon_core.verb:set package 'topic_helloworld' build argument 'catkin_skip_building_tests' from command line to 'False'
[8.734s] DEBUG:colcon.colcon_core.verb:Building package 'topic_helloworld' with the following arguments: {'ament_cmake_args': None, 'build_base': '/home/kimjunsuk/ros2_ws/build/topic_helloworld', 'catkin_cmake_args': None, 'catkin_skip_building_tests': False, 'cmake_args': None, 'cmake_clean_cache': False, 'cmake_clean_first': False, 'cmake_force_configure': False, 'cmake_target': None, 'cmake_target_skip_unavailable': False, 'install_base': '/home/kimjunsuk/ros2_ws/install/topic_helloworld', 'merge_install': False, 'path': '/home/kimjunsuk/ros2_ws/src/topic_helloworld', 'symlink_install': False, 'test_result_base': None}
[8.859s] INFO:colcon.colcon_core.executor:Executing jobs using 'parallel' executor
[8.985s] DEBUG:colcon.colcon_parallel_executor.executor.parallel:run_until_complete
[8.985s] INFO:colcon.colcon_ros.task.ament_python.build:Building ROS package in '/home/kimjunsuk/ros2_ws/src/ssd_detection' with build type 'ament_python'
[8.986s] Level 1:colcon.colcon_core.shell:create_environment_hook('ssd_detection', 'ament_prefix_path')
[9.114s] INFO:colcon.colcon_core.plugin_system:Skipping extension 'colcon_core.shell.bat': Not used on non-Windows systems
[9.114s] INFO:colcon.colcon_core.shell:Creating environment hook '/home/kimjunsuk/ros2_ws/install/ssd_detection/share/ssd_detection/hook/ament_prefix_path.ps1'
[9.114s] INFO:colcon.colcon_core.shell:Creating environment descriptor '/home/kimjunsuk/ros2_ws/install/ssd_detection/share/ssd_detection/hook/ament_prefix_path.dsv'
[9.115s] INFO:colcon.colcon_core.shell:Creating environment hook '/home/kimjunsuk/ros2_ws/install/ssd_detection/share/ssd_detection/hook/ament_prefix_path.sh'
[9.243s] INFO:colcon.colcon_core.shell:Skip shell extension 'powershell' for command environment: Not usable outside of PowerShell
[9.244s] DEBUG:colcon.colcon_core.shell:Skip shell extension 'dsv' for command environment
[9.652s] INFO:colcon.colcon_ros.task.ament_python.build:Building ROS package in '/home/kimjunsuk/ros2_ws/src/topic_helloworld' with build type 'ament_python'
[9.652s] Level 1:colcon.colcon_core.shell:create_environment_hook('topic_helloworld', 'ament_prefix_path')
[9.783s] INFO:colcon.colcon_core.shell:Creating environment hook '/home/kimjunsuk/ros2_ws/install/topic_helloworld/share/topic_helloworld/hook/ament_prefix_path.ps1'
[9.783s] INFO:colcon.colcon_core.shell:Creating environment descriptor '/home/kimjunsuk/ros2_ws/install/topic_helloworld/share/topic_helloworld/hook/ament_prefix_path.dsv'
[9.783s] INFO:colcon.colcon_core.shell:Creating environment hook '/home/kimjunsuk/ros2_ws/install/topic_helloworld/share/topic_helloworld/hook/ament_prefix_path.sh'
[9.911s] INFO:colcon.colcon_core.shell:Skip shell extension 'powershell' for command environment: Not usable outside of PowerShell
[9.911s] DEBUG:colcon.colcon_core.shell:Skip shell extension 'dsv' for command environment
[10.491s] INFO:colcon.colcon_core.task.python.build:Building Python package in '/home/kimjunsuk/ros2_ws/src/ssd_detection'
[10.620s] INFO:colcon.colcon_core.shell:Skip shell extension 'powershell' for command environment: Not usable outside of PowerShell
[10.621s] DEBUG:colcon.colcon_core.shell:Skip shell extension 'dsv' for command environment
[11.202s] INFO:colcon.colcon_core.task.python.build:Building Python package in '/home/kimjunsuk/ros2_ws/src/topic_helloworld'
[11.330s] INFO:colcon.colcon_core.shell:Skip shell extension 'powershell' for command environment: Not usable outside of PowerShell
[11.330s] DEBUG:colcon.colcon_core.shell:Skip shell extension 'dsv' for command environment
[12.367s] DEBUG:colcon.colcon_core.event_handler.log_command:Invoking command in '/home/kimjunsuk/ros2_ws/src/ssd_detection': PYTHONPATH=/home/kimjunsuk/ros2_ws/build/ssd_detection/prefix_override:/home/kimjunsuk/ros2_ws/install/ssd_detection/lib/python3.8/site-packages:${PYTHONPATH} /usr/bin/python3 setup.py egg_info --egg-base ../../build/ssd_detection build --build-base /home/kimjunsuk/ros2_ws/build/ssd_detection/build install --record /home/kimjunsuk/ros2_ws/build/ssd_detection/install.log --install-scripts $base/lib/ssd_detection --single-version-externally-managed
[12.372s] DEBUG:colcon.colcon_core.event_handler.log_command:Invoking command in '/home/kimjunsuk/ros2_ws/src/topic_helloworld': PYTHONPATH=/home/kimjunsuk/ros2_ws/build/topic_helloworld/prefix_override:/home/kimjunsuk/ros2_ws/install/topic_helloworld/lib/python3.8/site-packages:${PYTHONPATH} /usr/bin/python3 setup.py egg_info --egg-base ../../build/topic_helloworld build --build-base /home/kimjunsuk/ros2_ws/build/topic_helloworld/build install --record /home/kimjunsuk/ros2_ws/build/topic_helloworld/install.log --install-scripts $base/lib/topic_helloworld --single-version-externally-managed
[12.909s] DEBUG:colcon.colcon_core.event_handler.log_command:Invoked command in '/home/kimjunsuk/ros2_ws/src/ssd_detection' returned '0': PYTHONPATH=/home/kimjunsuk/ros2_ws/build/ssd_detection/prefix_override:/home/kimjunsuk/ros2_ws/install/ssd_detection/lib/python3.8/site-packages:${PYTHONPATH} /usr/bin/python3 setup.py egg_info --egg-base ../../build/ssd_detection build --build-base /home/kimjunsuk/ros2_ws/build/ssd_detection/build install --record /home/kimjunsuk/ros2_ws/build/ssd_detection/install.log --install-scripts $base/lib/ssd_detection --single-version-externally-managed
[13.042s] Level 1:colcon.colcon_core.environment:checking '/home/kimjunsuk/ros2_ws/install/ssd_detection' for CMake module files
[13.042s] Level 1:colcon.colcon_core.environment:checking '/home/kimjunsuk/ros2_ws/install/ssd_detection' for CMake config files
[13.043s] Level 1:colcon.colcon_core.environment:checking '/home/kimjunsuk/ros2_ws/install/ssd_detection/lib'
[13.043s] Level 1:colcon.colcon_core.environment:checking '/home/kimjunsuk/ros2_ws/install/ssd_detection/bin'
[13.043s] Level 1:colcon.colcon_core.environment:checking '/home/kimjunsuk/ros2_ws/install/ssd_detection/lib/pkgconfig/ssd_detection.pc'
[13.043s] Level 1:colcon.colcon_core.environment:checking '/home/kimjunsuk/ros2_ws/install/ssd_detection/lib/python3.8/site-packages'
[13.043s] Level 1:colcon.colcon_core.shell:create_environment_hook('ssd_detection', 'pythonpath')
[13.169s] INFO:colcon.colcon_core.shell:Creating environment hook '/home/kimjunsuk/ros2_ws/install/ssd_detection/share/ssd_detection/hook/pythonpath.ps1'
[13.170s] INFO:colcon.colcon_core.shell:Creating environment descriptor '/home/kimjunsuk/ros2_ws/install/ssd_detection/share/ssd_detection/hook/pythonpath.dsv'
[13.170s] INFO:colcon.colcon_core.shell:Creating environment hook '/home/kimjunsuk/ros2_ws/install/ssd_detection/share/ssd_detection/hook/pythonpath.sh'
[13.170s] Level 1:colcon.colcon_core.environment:checking '/home/kimjunsuk/ros2_ws/install/ssd_detection/bin'
[13.170s] Level 1:colcon.colcon_core.environment:create_environment_scripts_only(ssd_detection)
[13.296s] INFO:colcon.colcon_core.shell:Creating package script '/home/kimjunsuk/ros2_ws/install/ssd_detection/share/ssd_detection/package.ps1'
[13.297s] INFO:colcon.colcon_core.shell:Creating package descriptor '/home/kimjunsuk/ros2_ws/install/ssd_detection/share/ssd_detection/package.dsv'
[13.297s] INFO:colcon.colcon_core.shell:Creating package script '/home/kimjunsuk/ros2_ws/install/ssd_detection/share/ssd_detection/package.sh'
[13.298s] INFO:colcon.colcon_core.shell:Creating package script '/home/kimjunsuk/ros2_ws/install/ssd_detection/share/ssd_detection/package.bash'
[13.298s] INFO:colcon.colcon_core.shell:Creating package script '/home/kimjunsuk/ros2_ws/install/ssd_detection/share/ssd_detection/package.zsh'
[13.299s] Level 1:colcon.colcon_core.environment:create_file_with_runtime_dependencies(/home/kimjunsuk/ros2_ws/install/ssd_detection/share/colcon-core/packages/ssd_detection)
[13.301s] DEBUG:colcon.colcon_core.event_handler.log_command:Invoked command in '/home/kimjunsuk/ros2_ws/src/topic_helloworld' returned '0': PYTHONPATH=/home/kimjunsuk/ros2_ws/build/topic_helloworld/prefix_override:/home/kimjunsuk/ros2_ws/install/topic_helloworld/lib/python3.8/site-packages:${PYTHONPATH} /usr/bin/python3 setup.py egg_info --egg-base ../../build/topic_helloworld build --build-base /home/kimjunsuk/ros2_ws/build/topic_helloworld/build install --record /home/kimjunsuk/ros2_ws/build/topic_helloworld/install.log --install-scripts $base/lib/topic_helloworld --single-version-externally-managed
[13.431s] Level 1:colcon.colcon_core.environment:checking '/home/kimjunsuk/ros2_ws/install/topic_helloworld' for CMake module files
[13.431s] Level 1:colcon.colcon_core.environment:checking '/home/kimjunsuk/ros2_ws/install/topic_helloworld' for CMake config files
[13.432s] Level 1:colcon.colcon_core.environment:checking '/home/kimjunsuk/ros2_ws/install/topic_helloworld/lib'
[13.432s] Level 1:colcon.colcon_core.environment:checking '/home/kimjunsuk/ros2_ws/install/topic_helloworld/bin'
[13.432s] Level 1:colcon.colcon_core.environment:checking '/home/kimjunsuk/ros2_ws/install/topic_helloworld/lib/pkgconfig/topic_helloworld.pc'
[13.432s] Level 1:colcon.colcon_core.environment:checking '/home/kimjunsuk/ros2_ws/install/topic_helloworld/lib/python3.8/site-packages'
[13.432s] Level 1:colcon.colcon_core.shell:create_environment_hook('topic_helloworld', 'pythonpath')
[13.556s] INFO:colcon.colcon_core.shell:Creating environment hook '/home/kimjunsuk/ros2_ws/install/topic_helloworld/share/topic_helloworld/hook/pythonpath.ps1'
[13.556s] INFO:colcon.colcon_core.shell:Creating environment descriptor '/home/kimjunsuk/ros2_ws/install/topic_helloworld/share/topic_helloworld/hook/pythonpath.dsv'
[13.557s] INFO:colcon.colcon_core.shell:Creating environment hook '/home/kimjunsuk/ros2_ws/install/topic_helloworld/share/topic_helloworld/hook/pythonpath.sh'
[13.557s] Level 1:colcon.colcon_core.environment:checking '/home/kimjunsuk/ros2_ws/install/topic_helloworld/bin'
[13.557s] Level 1:colcon.colcon_core.environment:create_environment_scripts_only(topic_helloworld)
[13.683s] INFO:colcon.colcon_core.shell:Creating package script '/home/kimjunsuk/ros2_ws/install/topic_helloworld/share/topic_helloworld/package.ps1'
[13.683s] INFO:colcon.colcon_core.shell:Creating package descriptor '/home/kimjunsuk/ros2_ws/install/topic_helloworld/share/topic_helloworld/package.dsv'
[13.684s] INFO:colcon.colcon_core.shell:Creating package script '/home/kimjunsuk/ros2_ws/install/topic_helloworld/share/topic_helloworld/package.sh'
[13.684s] INFO:colcon.colcon_core.shell:Creating package script '/home/kimjunsuk/ros2_ws/install/topic_helloworld/share/topic_helloworld/package.bash'
[13.684s] INFO:colcon.colcon_core.shell:Creating package script '/home/kimjunsuk/ros2_ws/install/topic_helloworld/share/topic_helloworld/package.zsh'
[13.685s] Level 1:colcon.colcon_core.environment:create_file_with_runtime_dependencies(/home/kimjunsuk/ros2_ws/install/topic_helloworld/share/colcon-core/packages/topic_helloworld)
[13.685s] DEBUG:colcon.colcon_parallel_executor.executor.parallel:closing loop
[13.685s] DEBUG:colcon.colcon_parallel_executor.executor.parallel:loop closed
[13.685s] DEBUG:colcon.colcon_parallel_executor.executor.parallel:run_until_complete finished with '0'
[13.685s] DEBUG:colcon.colcon_core.event_reactor:joining thread
[13.816s] INFO:colcon.colcon_core.plugin_system:Skipping extension 'colcon_notification.desktop_notification.terminal_notifier': Not used on non-Darwin systems
[13.816s] INFO:colcon.colcon_core.plugin_system:Skipping extension 'colcon_notification.desktop_notification.win32': Not used on non-Windows systems
[13.816s] INFO:colcon.colcon_notification.desktop_notification:Sending desktop notification using 'notify2'
[13.827s] DEBUG:colcon.colcon_core.event_reactor:joined thread
[13.954s] INFO:colcon.colcon_core.shell:Creating prefix script '/home/kimjunsuk/ros2_ws/install/local_setup.ps1'
[13.955s] INFO:colcon.colcon_core.shell:Creating prefix util module '/home/kimjunsuk/ros2_ws/install/_local_setup_util_ps1.py'
[13.956s] INFO:colcon.colcon_core.shell:Creating prefix chain script '/home/kimjunsuk/ros2_ws/install/setup.ps1'
[14.082s] INFO:colcon.colcon_core.shell:Creating prefix script '/home/kimjunsuk/ros2_ws/install/local_setup.sh'
[14.082s] INFO:colcon.colcon_core.shell:Creating prefix util module '/home/kimjunsuk/ros2_ws/install/_local_setup_util_sh.py'
[14.082s] INFO:colcon.colcon_core.shell:Creating prefix chain script '/home/kimjunsuk/ros2_ws/install/setup.sh'
[14.206s] INFO:colcon.colcon_core.shell:Creating prefix script '/home/kimjunsuk/ros2_ws/install/local_setup.bash'
[14.207s] INFO:colcon.colcon_core.shell:Creating prefix chain script '/home/kimjunsuk/ros2_ws/install/setup.bash'
[14.335s] INFO:colcon.colcon_core.shell:Creating prefix script '/home/kimjunsuk/ros2_ws/install/local_setup.zsh'
[14.336s] INFO:colcon.colcon_core.shell:Creating prefix chain script '/home/kimjunsuk/ros2_ws/install/setup.zsh'
