[0.000000] (-) TimerEvent: {}
[0.000117] (ssd_detection) JobQueued: {'identifier': 'ssd_detection', 'dependencies': OrderedDict()}
[0.000705] (topic_helloworld) JobQueued: {'identifier': 'topic_helloworld', 'dependencies': OrderedDict()}
[0.000740] (ssd_detection) JobStarted: {'identifier': 'ssd_detection'}
[0.100450] (-) TimerEvent: {}
[0.201737] (-) TimerEvent: {}
[0.302898] (-) TimerEvent: {}
[0.403137] (-) TimerEvent: {}
[0.503756] (-) TimerEvent: {}
[0.507298] (topic_helloworld) JobStarted: {'identifier': 'topic_helloworld'}
[0.604435] (-) TimerEvent: {}
[0.706062] (-) TimerEvent: {}
[0.807203] (-) TimerEvent: {}
[0.910863] (-) TimerEvent: {}
[1.011440] (-) TimerEvent: {}
[1.111885] (-) TimerEvent: {}
[1.212326] (-) TimerEvent: {}
[1.312596] (-) TimerEvent: {}
[1.413237] (-) TimerEvent: {}
[1.516017] (-) TimerEvent: {}
[1.616307] (-) TimerEvent: {}
[1.716663] (-) TimerEvent: {}
[1.817441] (-) TimerEvent: {}
[1.918005] (-) TimerEvent: {}
[2.019001] (-) TimerEvent: {}
[2.124546] (-) TimerEvent: {}
[2.224870] (-) TimerEvent: {}
[2.325196] (-) TimerEvent: {}
[2.425447] (-) TimerEvent: {}
[2.525698] (-) TimerEvent: {}
[2.625945] (-) TimerEvent: {}
[2.726191] (-) TimerEvent: {}
[2.824594] (topic_helloworld) Command: {'cmd': ['/usr/bin/python3', 'setup.py', 'egg_info', '--egg-base', '../../build/topic_helloworld', 'build', '--build-base', '/home/kimjunsuk/ros2_ws/build/topic_helloworld/build', 'install', '--record', '/home/kimjunsuk/ros2_ws/build/topic_helloworld/install.log', '--install-scripts', '$base/lib/topic_helloworld', '--single-version-externally-managed'], 'cwd': '/home/kimjunsuk/ros2_ws/src/topic_helloworld', 'env': {'GJS_DEBUG_TOPICS': 'JS ERROR;JS LOG', 'LANGUAGE': 'en_US:en', 'USER': 'kimjunsuk', 'LC_TIME': 'ko_KR.UTF-8', 'SSH_AGENT_PID': '1322', 'XDG_SESSION_TYPE': 'x11', 'SHLVL': '1', 'LD_LIBRARY_PATH': '/opt/ros/foxy/opt/yaml_cpp_vendor/lib:/opt/ros/foxy/opt/rviz_ogre_vendor/lib:/opt/ros/foxy/lib/x86_64-linux-gnu:/opt/ros/foxy/lib', 'HOME': '/home/kimjunsuk', 'OLDPWD': '/home/kimjunsuk/ros2_ws/src/ssd_detection/ssd_detection', 'DESKTOP_SESSION': 'ubuntu', 'GIO_LAUNCHED_DESKTOP_FILE': '/usr/share/applications/terminator.desktop', 'ROS_PYTHON_VERSION': '3', 'GNOME_SHELL_SESSION_MODE': 'ubuntu', 'GTK_MODULES': 'gail:atk-bridge', 'LC_MONETARY': 'ko_KR.UTF-8', 'MANAGERPID': '905', 'DBUS_SESSION_BUS_ADDRESS': 'unix:path=/run/user/1000/bus', 'COLORTERM': 'truecolor', 'TERMINATOR_DBUS_NAME': 'net.tenshu.Terminator21a9d5db22c73a993ff0b42f64b396873', 'GIO_LAUNCHED_DESKTOP_FILE_PID': '77445', 'IM_CONFIG_PHASE': '1', 'ROS_DISTRO': 'foxy', 'LOGNAME': 'kimjunsuk', 'JOURNAL_STREAM': '8:40209', '_': '/usr/bin/colcon', 'ROS_VERSION': '2', 'XDG_SESSION_CLASS': 'user', 'USERNAME': 'kimjunsuk', 'TERM': 'xterm-256color', 'GNOME_DESKTOP_SESSION_ID': 'this-is-deprecated', 'ROS_LOCALHOST_ONLY': '0', 'WINDOWPATH': '2', 'PATH': '/opt/ros/foxy/bin:/home/kimjunsuk/.local/bin:/usr/local/sbin:/usr/local/bin:/usr/sbin:/usr/bin:/sbin:/bin:/usr/games:/usr/local/games:/snap/bin', 'SESSION_MANAGER': 'local/kimjunsuk-950XCJ-951XCJ-950XCR:@/tmp/.ICE-unix/1352,unix/kimjunsuk-950XCJ-951XCJ-950XCR:/tmp/.ICE-unix/1352', 'INVOCATION_ID': '6be6f5a59a0a4b84b9b55f187ffc9295', 'PAPERSIZE': 'a4', 'XDG_MENU_PREFIX': 'gnome-', 'LC_ADDRESS': 'ko_KR.UTF-8', 'XDG_RUNTIME_DIR': '/run/user/1000', 'DISPLAY': ':0', 'TERMINATOR_DBUS_PATH': '/net/tenshu/Terminator2', 'LANG': 'en_US.UTF-8', 'XDG_CURRENT_DESKTOP': 'ubuntu:GNOME', 'LC_TELEPHONE': 'ko_KR.UTF-8', 'XMODIFIERS': '@im=ibus', 'XDG_SESSION_DESKTOP': 'ubuntu', 'XAUTHORITY': '/run/user/1000/gdm/Xauthority', 'SSH_AUTH_SOCK': '/run/user/1000/keyring/ssh', 'AMENT_PREFIX_PATH': '/opt/ros/foxy', 'LC_MESSAGES': 'POSIX', 'SHELL': '/bin/bash', 'LC_NAME': 'ko_KR.UTF-8', 'TERMINATOR_UUID': 'urn:uuid:52894528-7df4-4d4d-ae20-c6062ef8d35c', 'QT_ACCESSIBILITY': '1', 'GDMSESSION': 'ubuntu', 'LC_MEASUREMENT': 'ko_KR.UTF-8', 'GPG_AGENT_INFO': '/run/user/1000/gnupg/S.gpg-agent:0:1', 'GJS_DEBUG_OUTPUT': 'stderr', 'LC_IDENTIFICATION': 'ko_KR.UTF-8', 'QT_IM_MODULE': 'ibus', 'PWD': '/home/kimjunsuk/ros2_ws/build/topic_helloworld', 'XDG_CONFIG_DIRS': '/etc/xdg/xdg-ubuntu:/etc/xdg', 'XDG_DATA_DIRS': '/usr/share/ubuntu:/usr/local/share/:/usr/share/:/var/lib/snapd/desktop', 'PYTHONPATH': '/home/kimjunsuk/ros2_ws/build/topic_helloworld/prefix_override:/home/kimjunsuk/ros2_ws/install/topic_helloworld/lib/python3.8/site-packages:/opt/ros/foxy/lib/python3.8/site-packages', 'LC_NUMERIC': 'ko_KR.UTF-8', 'LC_PAPER': 'ko_KR.UTF-8', 'COLCON': '1', 'VTE_VERSION': '6003'}, 'shell': False}
[2.826266] (-) TimerEvent: {}
[2.831358] (ssd_detection) Command: {'cmd': ['/usr/bin/python3', 'setup.py', 'egg_info', '--egg-base', '../../build/ssd_detection', 'build', '--build-base', '/home/kimjunsuk/ros2_ws/build/ssd_detection/build', 'install', '--record', '/home/kimjunsuk/ros2_ws/build/ssd_detection/install.log', '--install-scripts', '$base/lib/ssd_detection', '--single-version-externally-managed'], 'cwd': '/home/kimjunsuk/ros2_ws/src/ssd_detection', 'env': {'GJS_DEBUG_TOPICS': 'JS ERROR;JS LOG', 'LANGUAGE': 'en_US:en', 'USER': 'kimjunsuk', 'LC_TIME': 'ko_KR.UTF-8', 'SSH_AGENT_PID': '1322', 'XDG_SESSION_TYPE': 'x11', 'SHLVL': '1', 'LD_LIBRARY_PATH': '/opt/ros/foxy/opt/yaml_cpp_vendor/lib:/opt/ros/foxy/opt/rviz_ogre_vendor/lib:/opt/ros/foxy/lib/x86_64-linux-gnu:/opt/ros/foxy/lib', 'HOME': '/home/kimjunsuk', 'OLDPWD': '/home/kimjunsuk/ros2_ws/src/ssd_detection/ssd_detection', 'DESKTOP_SESSION': 'ubuntu', 'GIO_LAUNCHED_DESKTOP_FILE': '/usr/share/applications/terminator.desktop', 'ROS_PYTHON_VERSION': '3', 'GNOME_SHELL_SESSION_MODE': 'ubuntu', 'GTK_MODULES': 'gail:atk-bridge', 'LC_MONETARY': 'ko_KR.UTF-8', 'MANAGERPID': '905', 'DBUS_SESSION_BUS_ADDRESS': 'unix:path=/run/user/1000/bus', 'COLORTERM': 'truecolor', 'TERMINATOR_DBUS_NAME': 'net.tenshu.Terminator21a9d5db22c73a993ff0b42f64b396873', 'GIO_LAUNCHED_DESKTOP_FILE_PID': '77445', 'IM_CONFIG_PHASE': '1', 'ROS_DISTRO': 'foxy', 'LOGNAME': 'kimjunsuk', 'JOURNAL_STREAM': '8:40209', '_': '/usr/bin/colcon', 'ROS_VERSION': '2', 'XDG_SESSION_CLASS': 'user', 'USERNAME': 'kimjunsuk', 'TERM': 'xterm-256color', 'GNOME_DESKTOP_SESSION_ID': 'this-is-deprecated', 'ROS_LOCALHOST_ONLY': '0', 'WINDOWPATH': '2', 'PATH': '/opt/ros/foxy/bin:/home/kimjunsuk/.local/bin:/usr/local/sbin:/usr/local/bin:/usr/sbin:/usr/bin:/sbin:/bin:/usr/games:/usr/local/games:/snap/bin', 'SESSION_MANAGER': 'local/kimjunsuk-950XCJ-951XCJ-950XCR:@/tmp/.ICE-unix/1352,unix/kimjunsuk-950XCJ-951XCJ-950XCR:/tmp/.ICE-unix/1352', 'INVOCATION_ID': '6be6f5a59a0a4b84b9b55f187ffc9295', 'PAPERSIZE': 'a4', 'XDG_MENU_PREFIX': 'gnome-', 'LC_ADDRESS': 'ko_KR.UTF-8', 'XDG_RUNTIME_DIR': '/run/user/1000', 'DISPLAY': ':0', 'TERMINATOR_DBUS_PATH': '/net/tenshu/Terminator2', 'LANG': 'en_US.UTF-8', 'XDG_CURRENT_DESKTOP': 'ubuntu:GNOME', 'LC_TELEPHONE': 'ko_KR.UTF-8', 'XMODIFIERS': '@im=ibus', 'XDG_SESSION_DESKTOP': 'ubuntu', 'XAUTHORITY': '/run/user/1000/gdm/Xauthority', 'SSH_AUTH_SOCK': '/run/user/1000/keyring/ssh', 'AMENT_PREFIX_PATH': '/opt/ros/foxy', 'LC_MESSAGES': 'POSIX', 'SHELL': '/bin/bash', 'LC_NAME': 'ko_KR.UTF-8', 'TERMINATOR_UUID': 'urn:uuid:52894528-7df4-4d4d-ae20-c6062ef8d35c', 'QT_ACCESSIBILITY': '1', 'GDMSESSION': 'ubuntu', 'LC_MEASUREMENT': 'ko_KR.UTF-8', 'GPG_AGENT_INFO': '/run/user/1000/gnupg/S.gpg-agent:0:1', 'GJS_DEBUG_OUTPUT': 'stderr', 'LC_IDENTIFICATION': 'ko_KR.UTF-8', 'QT_IM_MODULE': 'ibus', 'PWD': '/home/kimjunsuk/ros2_ws/build/ssd_detection', 'XDG_CONFIG_DIRS': '/etc/xdg/xdg-ubuntu:/etc/xdg', 'XDG_DATA_DIRS': '/usr/share/ubuntu:/usr/local/share/:/usr/share/:/var/lib/snapd/desktop', 'PYTHONPATH': '/home/kimjunsuk/ros2_ws/build/ssd_detection/prefix_override:/home/kimjunsuk/ros2_ws/install/ssd_detection/lib/python3.8/site-packages:/opt/ros/foxy/lib/python3.8/site-packages', 'LC_NUMERIC': 'ko_KR.UTF-8', 'LC_PAPER': 'ko_KR.UTF-8', 'COLCON': '1', 'VTE_VERSION': '6003'}, 'shell': False}
[2.926372] (-) TimerEvent: {}
[2.953253] (topic_helloworld) StderrLine: {'line': b'/usr/local/lib/python3.8/dist-packages/setuptools/dist.py:472: SetuptoolsDeprecationWarning: Invalid dash-separated options\n'}
[2.953501] (topic_helloworld) StderrLine: {'line': b'!!\n'}
[2.953633] (topic_helloworld) StderrLine: {'line': b'\n'}
[2.953762] (topic_helloworld) StderrLine: {'line': b'        ********************************************************************************\n'}
[2.953880] (topic_helloworld) StderrLine: {'line': b"        Usage of dash-separated 'script-dir' will not be supported in future\n"}
[2.953996] (topic_helloworld) StderrLine: {'line': b"        versions. Please use the underscore name 'script_dir' instead.\n"}
[2.954110] (topic_helloworld) StderrLine: {'line': b'\n'}
[2.954233] (topic_helloworld) StderrLine: {'line': b'        By 2024-Sep-26, you need to update your project and remove deprecated calls\n'}
[2.954346] (topic_helloworld) StderrLine: {'line': b'        or your builds will no longer be supported.\n'}
[2.954457] (topic_helloworld) StderrLine: {'line': b'\n'}
[2.954567] (topic_helloworld) StderrLine: {'line': b'        See https://setuptools.pypa.io/en/latest/userguide/declarative_config.html for details.\n'}
[2.954680] (topic_helloworld) StderrLine: {'line': b'        ********************************************************************************\n'}
[2.954794] (topic_helloworld) StderrLine: {'line': b'\n'}
[2.954961] (topic_helloworld) StderrLine: {'line': b'!!\n'}
[2.955080] (topic_helloworld) StderrLine: {'line': b'  opt = self.warn_dash_deprecation(opt, section)\n'}
[2.955905] (ssd_detection) StderrLine: {'line': b'/usr/local/lib/python3.8/dist-packages/setuptools/dist.py:472: SetuptoolsDeprecationWarning: Invalid dash-separated options\n'}
[2.956065] (ssd_detection) StderrLine: {'line': b'!!\n'}
[2.956184] (ssd_detection) StderrLine: {'line': b'\n'}
[2.956301] (ssd_detection) StderrLine: {'line': b'        ********************************************************************************\n'}
[2.956417] (ssd_detection) StderrLine: {'line': b"        Usage of dash-separated 'script-dir' will not be supported in future\n"}
[2.956531] (ssd_detection) StderrLine: {'line': b"        versions. Please use the underscore name 'script_dir' instead.\n"}
[2.956648] (ssd_detection) StderrLine: {'line': b'\n'}
[2.956746] (ssd_detection) StderrLine: {'line': b'        By 2024-Sep-26, you need to update your project and remove deprecated calls\n'}
[2.956847] (ssd_detection) StderrLine: {'line': b'        or your builds will no longer be supported.\n'}
[2.956947] (ssd_detection) StderrLine: {'line': b'\n'}
[2.957053] (ssd_detection) StderrLine: {'line': b'        See https://setuptools.pypa.io/en/latest/userguide/declarative_config.html for details.\n'}
[2.957165] (ssd_detection) StderrLine: {'line': b'        ********************************************************************************\n'}
[2.957277] (ssd_detection) StderrLine: {'line': b'\n'}
[2.957384] (ssd_detection) StderrLine: {'line': b'!!\n'}
[2.957501] (ssd_detection) StderrLine: {'line': b'  opt = self.warn_dash_deprecation(opt, section)\n'}
[3.026460] (-) TimerEvent: {}
[3.059426] (topic_helloworld) StdoutLine: {'line': b'running egg_info\n'}
[3.059831] (topic_helloworld) StdoutLine: {'line': b'creating ../../build/topic_helloworld/topic_helloworld.egg-info\n'}
[3.060712] (ssd_detection) StdoutLine: {'line': b'running egg_info\n'}
[3.061069] (ssd_detection) StdoutLine: {'line': b'creating ../../build/ssd_detection/ssd_detection.egg-info\n'}
[3.126581] (-) TimerEvent: {}
[3.205495] (topic_helloworld) StdoutLine: {'line': b'writing ../../build/topic_helloworld/topic_helloworld.egg-info/PKG-INFO\n'}
[3.205639] (ssd_detection) StdoutLine: {'line': b'writing ../../build/ssd_detection/ssd_detection.egg-info/PKG-INFO\n'}
[3.205817] (ssd_detection) StdoutLine: {'line': b'writing dependency_links to ../../build/ssd_detection/ssd_detection.egg-info/dependency_links.txt\n'}
[3.206011] (topic_helloworld) StdoutLine: {'line': b'writing dependency_links to ../../build/topic_helloworld/topic_helloworld.egg-info/dependency_links.txt\n'}
[3.206130] (topic_helloworld) StdoutLine: {'line': b'writing requirements to ../../build/topic_helloworld/topic_helloworld.egg-info/requires.txt\n'}
[3.206290] (ssd_detection) StdoutLine: {'line': b'writing entry points to ../../build/ssd_detection/ssd_detection.egg-info/entry_points.txt\n'}
[3.206393] (topic_helloworld) StdoutLine: {'line': b'writing top-level names to ../../build/topic_helloworld/topic_helloworld.egg-info/top_level.txt\n'}
[3.206460] (ssd_detection) StdoutLine: {'line': b'writing requirements to ../../build/ssd_detection/ssd_detection.egg-info/requires.txt\n'}
[3.206524] (ssd_detection) StdoutLine: {'line': b'writing top-level names to ../../build/ssd_detection/ssd_detection.egg-info/top_level.txt\n'}
[3.206585] (topic_helloworld) StdoutLine: {'line': b"writing manifest file '../../build/topic_helloworld/topic_helloworld.egg-info/SOURCES.txt'\n"}
[3.206645] (ssd_detection) StdoutLine: {'line': b"writing manifest file '../../build/ssd_detection/ssd_detection.egg-info/SOURCES.txt'\n"}
[3.226693] (-) TimerEvent: {}
[3.239924] (topic_helloworld) StdoutLine: {'line': b"reading manifest file '../../build/topic_helloworld/topic_helloworld.egg-info/SOURCES.txt'\n"}
[3.240224] (ssd_detection) StdoutLine: {'line': b"reading manifest file '../../build/ssd_detection/ssd_detection.egg-info/SOURCES.txt'\n"}
[3.240646] (topic_helloworld) StdoutLine: {'line': b"writing manifest file '../../build/topic_helloworld/topic_helloworld.egg-info/SOURCES.txt'\n"}
[3.240801] (topic_helloworld) StdoutLine: {'line': b'running build\n'}
[3.240989] (topic_helloworld) StdoutLine: {'line': b'running build_py\n'}
[3.241200] (topic_helloworld) StdoutLine: {'line': b'creating /home/kimjunsuk/ros2_ws/build/topic_helloworld/build\n'}
[3.241354] (topic_helloworld) StdoutLine: {'line': b'creating /home/kimjunsuk/ros2_ws/build/topic_helloworld/build/lib\n'}
[3.241423] (topic_helloworld) StdoutLine: {'line': b'creating /home/kimjunsuk/ros2_ws/build/topic_helloworld/build/lib/topic_helloworld\n'}
[3.241488] (topic_helloworld) StdoutLine: {'line': b'copying topic_helloworld/__init__.py -> /home/kimjunsuk/ros2_ws/build/topic_helloworld/build/lib/topic_helloworld\n'}
[3.241552] (ssd_detection) StdoutLine: {'line': b"writing manifest file '../../build/ssd_detection/ssd_detection.egg-info/SOURCES.txt'\n"}
[3.241640] (ssd_detection) StdoutLine: {'line': b'running build\n'}
[3.241789] (ssd_detection) StdoutLine: {'line': b'running build_py\n'}
[3.241853] (ssd_detection) StdoutLine: {'line': b'creating /home/kimjunsuk/ros2_ws/build/ssd_detection/build\n'}
[3.241973] (ssd_detection) StdoutLine: {'line': b'creating /home/kimjunsuk/ros2_ws/build/ssd_detection/build/lib\n'}
[3.242044] (topic_helloworld) StdoutLine: {'line': b'running install\n'}
[3.242105] (ssd_detection) StdoutLine: {'line': b'creating /home/kimjunsuk/ros2_ws/build/ssd_detection/build/lib/ssd_detection\n'}
[3.242186] (ssd_detection) StdoutLine: {'line': b'copying ssd_detection/__init__.py -> /home/kimjunsuk/ros2_ws/build/ssd_detection/build/lib/ssd_detection\n'}
[3.242248] (ssd_detection) StdoutLine: {'line': b'copying ssd_detection/ssd_detection.py -> /home/kimjunsuk/ros2_ws/build/ssd_detection/build/lib/ssd_detection\n'}
[3.242308] (topic_helloworld) StderrLine: {'line': b'/usr/local/lib/python3.8/dist-packages/setuptools/_distutils/cmd.py:66: SetuptoolsDeprecationWarning: setup.py install is deprecated.\n'}
[3.242372] (topic_helloworld) StderrLine: {'line': b'!!\n'}
[3.242431] (topic_helloworld) StderrLine: {'line': b'\n'}
[3.242490] (topic_helloworld) StderrLine: {'line': b'        ********************************************************************************\n'}
[3.242548] (topic_helloworld) StderrLine: {'line': b'        Please avoid running ``setup.py`` directly.\n'}
[3.242606] (topic_helloworld) StderrLine: {'line': b'        Instead, use pypa/build, pypa/installer or other\n'}
[3.242663] (topic_helloworld) StderrLine: {'line': b'        standards-based tools.\n'}
[3.242720] (topic_helloworld) StderrLine: {'line': b'\n'}
[3.242776] (topic_helloworld) StderrLine: {'line': b'        See https://blog.ganssle.io/articles/2021/10/setup-py-deprecated.html for details.\n'}
[3.242833] (topic_helloworld) StderrLine: {'line': b'        ********************************************************************************\n'}
[3.242897] (topic_helloworld) StderrLine: {'line': b'\n'}
[3.242955] (topic_helloworld) StderrLine: {'line': b'!!\n'}
[3.243012] (topic_helloworld) StderrLine: {'line': b'  self.initialize_options()\n'}
[3.243070] (ssd_detection) StdoutLine: {'line': b'running install\n'}
[3.243129] (ssd_detection) StderrLine: {'line': b'/usr/local/lib/python3.8/dist-packages/setuptools/_distutils/cmd.py:66: SetuptoolsDeprecationWarning: setup.py install is deprecated.\n'}
[3.243188] (ssd_detection) StderrLine: {'line': b'!!\n'}
[3.243245] (ssd_detection) StderrLine: {'line': b'\n'}
[3.243301] (ssd_detection) StderrLine: {'line': b'        ********************************************************************************\n'}
[3.243358] (ssd_detection) StderrLine: {'line': b'        Please avoid running ``setup.py`` directly.\n'}
[3.243415] (ssd_detection) StderrLine: {'line': b'        Instead, use pypa/build, pypa/installer or other\n'}
[3.243472] (ssd_detection) StderrLine: {'line': b'        standards-based tools.\n'}
[3.243529] (ssd_detection) StderrLine: {'line': b'\n'}
[3.243586] (ssd_detection) StderrLine: {'line': b'        See https://blog.ganssle.io/articles/2021/10/setup-py-deprecated.html for details.\n'}
[3.243642] (ssd_detection) StderrLine: {'line': b'        ********************************************************************************\n'}
[3.243699] (ssd_detection) StderrLine: {'line': b'\n'}
[3.243755] (ssd_detection) StderrLine: {'line': b'!!\n'}
[3.243811] (ssd_detection) StderrLine: {'line': b'  self.initialize_options()\n'}
[3.247239] (topic_helloworld) StdoutLine: {'line': b'running install_lib\n'}
[3.247531] (ssd_detection) StdoutLine: {'line': b'running install_lib\n'}
[3.264042] (topic_helloworld) StdoutLine: {'line': b'creating /home/kimjunsuk/ros2_ws/install/topic_helloworld/lib/python3.8/site-packages/topic_helloworld\n'}
[3.264232] (topic_helloworld) StdoutLine: {'line': b'copying /home/kimjunsuk/ros2_ws/build/topic_helloworld/build/lib/topic_helloworld/__init__.py -> /home/kimjunsuk/ros2_ws/install/topic_helloworld/lib/python3.8/site-packages/topic_helloworld\n'}
[3.264578] (topic_helloworld) StdoutLine: {'line': b'byte-compiling /home/kimjunsuk/ros2_ws/install/topic_helloworld/lib/python3.8/site-packages/topic_helloworld/__init__.py to __init__.cpython-38.pyc\n'}
[3.264748] (ssd_detection) StdoutLine: {'line': b'creating /home/kimjunsuk/ros2_ws/install/ssd_detection/lib/python3.8/site-packages/ssd_detection\n'}
[3.264949] (ssd_detection) StdoutLine: {'line': b'copying /home/kimjunsuk/ros2_ws/build/ssd_detection/build/lib/ssd_detection/__init__.py -> /home/kimjunsuk/ros2_ws/install/ssd_detection/lib/python3.8/site-packages/ssd_detection\n'}
[3.265039] (topic_helloworld) StdoutLine: {'line': b'running install_data\n'}
[3.265194] (ssd_detection) StdoutLine: {'line': b'copying /home/kimjunsuk/ros2_ws/build/ssd_detection/build/lib/ssd_detection/ssd_detection.py -> /home/kimjunsuk/ros2_ws/install/ssd_detection/lib/python3.8/site-packages/ssd_detection\n'}
[3.265364] (ssd_detection) StdoutLine: {'line': b'byte-compiling /home/kimjunsuk/ros2_ws/install/ssd_detection/lib/python3.8/site-packages/ssd_detection/__init__.py to __init__.cpython-38.pyc\n'}
[3.265562] (ssd_detection) StdoutLine: {'line': b'byte-compiling /home/kimjunsuk/ros2_ws/install/ssd_detection/lib/python3.8/site-packages/ssd_detection/ssd_detection.py to ssd_detection.cpython-38.pyc\n'}
[3.266514] (ssd_detection) StdoutLine: {'line': b'running install_data\n'}
[3.281155] (topic_helloworld) StdoutLine: {'line': b'creating /home/kimjunsuk/ros2_ws/install/topic_helloworld/share/ament_index\n'}
[3.281358] (topic_helloworld) StdoutLine: {'line': b'creating /home/kimjunsuk/ros2_ws/install/topic_helloworld/share/ament_index/resource_index\n'}
[3.281453] (topic_helloworld) StdoutLine: {'line': b'creating /home/kimjunsuk/ros2_ws/install/topic_helloworld/share/ament_index/resource_index/packages\n'}
[3.281577] (topic_helloworld) StdoutLine: {'line': b'copying resource/topic_helloworld -> /home/kimjunsuk/ros2_ws/install/topic_helloworld/share/ament_index/resource_index/packages\n'}
[3.281657] (topic_helloworld) StdoutLine: {'line': b'copying package.xml -> /home/kimjunsuk/ros2_ws/install/topic_helloworld/share/topic_helloworld\n'}
[3.281722] (topic_helloworld) StdoutLine: {'line': b'running install_egg_info\n'}
[3.282965] (ssd_detection) StdoutLine: {'line': b'creating /home/kimjunsuk/ros2_ws/install/ssd_detection/share/ament_index\n'}
[3.283082] (ssd_detection) StdoutLine: {'line': b'creating /home/kimjunsuk/ros2_ws/install/ssd_detection/share/ament_index/resource_index\n'}
[3.283228] (ssd_detection) StdoutLine: {'line': b'creating /home/kimjunsuk/ros2_ws/install/ssd_detection/share/ament_index/resource_index/packages\n'}
[3.283340] (ssd_detection) StdoutLine: {'line': b'copying resource/ssd_detection -> /home/kimjunsuk/ros2_ws/install/ssd_detection/share/ament_index/resource_index/packages\n'}
[3.283436] (ssd_detection) StdoutLine: {'line': b'copying package.xml -> /home/kimjunsuk/ros2_ws/install/ssd_detection/share/ssd_detection\n'}
[3.283501] (ssd_detection) StdoutLine: {'line': b'running install_egg_info\n'}
[3.299029] (topic_helloworld) StdoutLine: {'line': b'Copying ../../build/topic_helloworld/topic_helloworld.egg-info to /home/kimjunsuk/ros2_ws/install/topic_helloworld/lib/python3.8/site-packages/topic_helloworld-0.0.0-py3.8.egg-info\n'}
[3.299648] (topic_helloworld) StdoutLine: {'line': b'running install_scripts\n'}
[3.300935] (ssd_detection) StdoutLine: {'line': b'Copying ../../build/ssd_detection/ssd_detection.egg-info to /home/kimjunsuk/ros2_ws/install/ssd_detection/lib/python3.8/site-packages/ssd_detection-0.0.0-py3.8.egg-info\n'}
[3.301649] (ssd_detection) StdoutLine: {'line': b'running install_scripts\n'}
[3.326815] (-) TimerEvent: {}
[3.348539] (topic_helloworld) StdoutLine: {'line': b"writing list of installed files to '/home/kimjunsuk/ros2_ws/build/topic_helloworld/install.log'\n"}
[3.350660] (ssd_detection) StdoutLine: {'line': b'Installing detection_system script to /home/kimjunsuk/ros2_ws/install/ssd_detection/lib/ssd_detection\n'}
[3.350998] (ssd_detection) StdoutLine: {'line': b"writing list of installed files to '/home/kimjunsuk/ros2_ws/build/ssd_detection/install.log'\n"}
[3.379655] (topic_helloworld) CommandEnded: {'returncode': 0}
[3.428207] (-) TimerEvent: {}
[3.529336] (-) TimerEvent: {}
[3.631461] (-) TimerEvent: {}
[3.732366] (-) TimerEvent: {}
[3.764488] (topic_helloworld) JobEnded: {'identifier': 'topic_helloworld', 'rc': 0}
[3.765333] (ssd_detection) CommandEnded: {'returncode': 0}
[3.832826] (-) TimerEvent: {}
[3.934156] (-) TimerEvent: {}
[4.034349] (-) TimerEvent: {}
[4.135830] (-) TimerEvent: {}
[4.141553] (ssd_detection) JobEnded: {'identifier': 'ssd_detection', 'rc': 0}
[4.142206] (-) EventReactorShutdown: {}
