[1.861s] Invoking command in '/home/kimjunsuk/ros2_ws/build/ssd_detection': PYTHONPATH=/home/kimjunsuk/ros2_ws/build/ssd_detection/prefix_override:/home/kimjunsuk/ros2_ws/install/ssd_detection/lib/python3.8/site-packages:${PYTHONPATH} /usr/bin/python3 setup.py develop --editable --build-directory /home/kimjunsuk/ros2_ws/build/ssd_detection/build --no-deps install_data
[1.987s] /usr/local/lib/python3.8/dist-packages/setuptools/dist.py:472: SetuptoolsDeprecationWarning: Invalid dash-separated options
[1.987s] !!
[1.987s] 
[1.987s]         ********************************************************************************
[1.987s]         Usage of dash-separated 'script-dir' will not be supported in future
[1.987s]         versions. Please use the underscore name 'script_dir' instead.
[1.987s] 
[1.987s]         By 2024-Sep-26, you need to update your project and remove deprecated calls
[1.988s]         or your builds will no longer be supported.
[1.988s] 
[1.988s]         See https://setuptools.pypa.io/en/latest/userguide/declarative_config.html for details.
[1.988s]         ********************************************************************************
[1.988s] 
[1.988s] !!
[1.988s]   opt = self.warn_dash_deprecation(opt, section)
[2.186s] running develop
[2.193s] /usr/local/lib/python3.8/dist-packages/setuptools/command/develop.py:39: EasyInstallDeprecationWarning: easy_install command is deprecated.
[2.194s] !!
[2.194s] 
[2.194s]         ********************************************************************************
[2.194s]         Please avoid running ``setup.py`` and ``easy_install``.
[2.194s]         Instead, use pypa/build, pypa/installer or other
[2.194s]         standards-based tools.
[2.194s] 
[2.194s]         See https://github.com/pypa/setuptools/issues/917 for details.
[2.194s]         ********************************************************************************
[2.194s] 
[2.194s] !!
[2.194s]   easy_install.initialize_options(self)
[2.227s] /usr/local/lib/python3.8/dist-packages/setuptools/_distutils/cmd.py:66: SetuptoolsDeprecationWarning: setup.py install is deprecated.
[2.227s] !!
[2.227s] 
[2.227s]         ********************************************************************************
[2.228s]         Please avoid running ``setup.py`` directly.
[2.228s]         Instead, use pypa/build, pypa/installer or other
[2.228s]         standards-based tools.
[2.228s] 
[2.228s]         See https://blog.ganssle.io/articles/2021/10/setup-py-deprecated.html for details.
[2.228s]         ********************************************************************************
[2.228s] 
[2.228s] !!
[2.228s]   self.initialize_options()
[2.396s] running egg_info
[2.412s] writing ssd_detection.egg-info/PKG-INFO
[2.412s] writing dependency_links to ssd_detection.egg-info/dependency_links.txt
[2.412s] writing entry points to ssd_detection.egg-info/entry_points.txt
[2.413s] writing requirements to ssd_detection.egg-info/requires.txt
[2.413s] writing top-level names to ssd_detection.egg-info/top_level.txt
[2.444s] reading manifest file 'ssd_detection.egg-info/SOURCES.txt'
[2.445s] writing manifest file 'ssd_detection.egg-info/SOURCES.txt'
[2.497s] running build_ext
[2.497s] Creating /home/kimjunsuk/ros2_ws/install/ssd_detection/lib/python3.8/site-packages/ssd_detection.egg-link (link to .)
[2.498s] Installing detection_example script to /home/kimjunsuk/ros2_ws/install/ssd_detection/lib/ssd_detection
[2.498s] Installing video_publisher script to /home/kimjunsuk/ros2_ws/install/ssd_detection/lib/ssd_detection
[2.498s] 
[2.498s] Installed /home/kimjunsuk/ros2_ws/build/ssd_detection
[2.498s] running install_data
[2.498s] copying resource/ssd_detection -> /home/kimjunsuk/ros2_ws/install/ssd_detection/share/ament_index/resource_index/packages
[2.498s] copying package.xml -> /home/kimjunsuk/ros2_ws/install/ssd_detection/share/ssd_detection
[2.529s] Invoked command in '/home/kimjunsuk/ros2_ws/build/ssd_detection' returned '0': PYTHONPATH=/home/kimjunsuk/ros2_ws/build/ssd_detection/prefix_override:/home/kimjunsuk/ros2_ws/install/ssd_detection/lib/python3.8/site-packages:${PYTHONPATH} /usr/bin/python3 setup.py develop --editable --build-directory /home/kimjunsuk/ros2_ws/build/ssd_detection/build --no-deps install_data
