[0.499s] Invoking command in '/home/kimjunsuk/ros2_ws/src/topic_helloworld': PYTHONPATH=/home/kimjunsuk/ros2_ws/build/topic_helloworld/prefix_override:/home/kimjunsuk/ros2_ws/install/topic_helloworld/lib/python3.8/site-packages:${PYTHONPATH} /usr/bin/python3 -W ignore:setup.py install is deprecated setup.py egg_info --egg-base ../../build/topic_helloworld build --build-base /home/kimjunsuk/ros2_ws/build/topic_helloworld/build install --record /home/kimjunsuk/ros2_ws/build/topic_helloworld/install.log --install-scripts $base/lib/topic_helloworld --single-version-externally-managed install_data
[0.633s] running egg_info
[0.634s] writing ../../build/topic_helloworld/topic_helloworld.egg-info/PKG-INFO
[0.634s] writing dependency_links to ../../build/topic_helloworld/topic_helloworld.egg-info/dependency_links.txt
[0.634s] writing entry points to ../../build/topic_helloworld/topic_helloworld.egg-info/entry_points.txt
[0.634s] writing requirements to ../../build/topic_helloworld/topic_helloworld.egg-info/requires.txt
[0.635s] writing top-level names to ../../build/topic_helloworld/topic_helloworld.egg-info/top_level.txt
[0.659s] reading manifest file '../../build/topic_helloworld/topic_helloworld.egg-info/SOURCES.txt'
[0.659s] writing manifest file '../../build/topic_helloworld/topic_helloworld.egg-info/SOURCES.txt'
[0.659s] running build
[0.659s] running build_py
[0.659s] running install
[0.660s] running install_lib
[0.661s] running install_data
[0.661s] running install_egg_info
[0.662s] removing '/home/kimjunsuk/ros2_ws/install/topic_helloworld/lib/python3.8/site-packages/topic_helloworld-0.0.0-py3.8.egg-info' (and everything under it)
[0.662s] Copying ../../build/topic_helloworld/topic_helloworld.egg-info to /home/kimjunsuk/ros2_ws/install/topic_helloworld/lib/python3.8/site-packages/topic_helloworld-0.0.0-py3.8.egg-info
[0.663s] running install_scripts
[0.675s] writing list of installed files to '/home/kimjunsuk/ros2_ws/build/topic_helloworld/install.log'
[0.691s] Invoked command in '/home/kimjunsuk/ros2_ws/src/topic_helloworld' returned '0': PYTHONPATH=/home/kimjunsuk/ros2_ws/build/topic_helloworld/prefix_override:/home/kimjunsuk/ros2_ws/install/topic_helloworld/lib/python3.8/site-packages:${PYTHONPATH} /usr/bin/python3 -W ignore:setup.py install is deprecated setup.py egg_info --egg-base ../../build/topic_helloworld build --build-base /home/kimjunsuk/ros2_ws/build/topic_helloworld/build install --record /home/kimjunsuk/ros2_ws/build/topic_helloworld/install.log --install-scripts $base/lib/topic_helloworld --single-version-externally-managed install_data
