[2.595s] Invoking command in '/home/kimjunsuk/ros2_ws/src/topic_helloworld': PYTHONPATH=/home/kimjunsuk/ros2_ws/build/topic_helloworld/prefix_override:/home/kimjunsuk/ros2_ws/install/topic_helloworld/lib/python3.8/site-packages:${PYTHONPATH} /usr/bin/python3 setup.py egg_info --egg-base ../../build/topic_helloworld build --build-base /home/kimjunsuk/ros2_ws/build/topic_helloworld/build install --record /home/kimjunsuk/ros2_ws/build/topic_helloworld/install.log --install-scripts $base/lib/topic_helloworld --single-version-externally-managed
[2.721s] /usr/local/lib/python3.8/dist-packages/setuptools/dist.py:472: SetuptoolsDeprecationWarning: Invalid dash-separated options
[2.722s] !!
[2.722s] 
[2.722s]         ********************************************************************************
[2.722s]         Usage of dash-separated 'script-dir' will not be supported in future
[2.722s]         versions. Please use the underscore name 'script_dir' instead.
[2.722s] 
[2.722s]         By 2024-Sep-26, you need to update your project and remove deprecated calls
[2.722s]         or your builds will no longer be supported.
[2.722s] 
[2.722s]         See https://setuptools.pypa.io/en/latest/userguide/declarative_config.html for details.
[2.722s]         ********************************************************************************
[2.722s] 
[2.722s] !!
[2.722s]   opt = self.warn_dash_deprecation(opt, section)
[2.829s] running egg_info
[2.951s] writing ../../build/topic_helloworld/topic_helloworld.egg-info/PKG-INFO
[2.951s] writing dependency_links to ../../build/topic_helloworld/topic_helloworld.egg-info/dependency_links.txt
[2.951s] writing requirements to ../../build/topic_helloworld/topic_helloworld.egg-info/requires.txt
[2.952s] writing top-level names to ../../build/topic_helloworld/topic_helloworld.egg-info/top_level.txt
[2.986s] reading manifest file '../../build/topic_helloworld/topic_helloworld.egg-info/SOURCES.txt'
[2.987s] writing manifest file '../../build/topic_helloworld/topic_helloworld.egg-info/SOURCES.txt'
[2.987s] running build
[2.988s] running build_py
[2.988s] copying topic_helloworld/__init__.py -> /home/kimjunsuk/ros2_ws/build/topic_helloworld/build/lib/topic_helloworld
[2.988s] running install
[2.988s] /usr/local/lib/python3.8/dist-packages/setuptools/_distutils/cmd.py:66: SetuptoolsDeprecationWarning: setup.py install is deprecated.
[2.988s] !!
[2.988s] 
[2.988s]         ********************************************************************************
[2.988s]         Please avoid running ``setup.py`` directly.
[2.988s]         Instead, use pypa/build, pypa/installer or other
[2.988s]         standards-based tools.
[2.988s] 
[2.989s]         See https://blog.ganssle.io/articles/2021/10/setup-py-deprecated.html for details.
[2.989s]         ********************************************************************************
[2.989s] 
[2.989s] !!
[2.989s]   self.initialize_options()
[2.994s] running install_lib
[3.011s] running install_data
[3.028s] copying resource/topic_helloworld -> /home/kimjunsuk/ros2_ws/install/topic_helloworld/share/ament_index/resource_index/packages
[3.029s] copying package.xml -> /home/kimjunsuk/ros2_ws/install/topic_helloworld/share/topic_helloworld
[3.029s] running install_egg_info
[3.046s] removing '/home/kimjunsuk/ros2_ws/install/topic_helloworld/lib/python3.8/site-packages/topic_helloworld-0.0.0-py3.8.egg-info' (and everything under it)
[3.047s] Copying ../../build/topic_helloworld/topic_helloworld.egg-info to /home/kimjunsuk/ros2_ws/install/topic_helloworld/lib/python3.8/site-packages/topic_helloworld-0.0.0-py3.8.egg-info
[3.047s] running install_scripts
[3.098s] writing list of installed files to '/home/kimjunsuk/ros2_ws/build/topic_helloworld/install.log'
[3.508s] Invoked command in '/home/kimjunsuk/ros2_ws/src/topic_helloworld' returned '0': PYTHONPATH=/home/kimjunsuk/ros2_ws/build/topic_helloworld/prefix_override:/home/kimjunsuk/ros2_ws/install/topic_helloworld/lib/python3.8/site-packages:${PYTHONPATH} /usr/bin/python3 setup.py egg_info --egg-base ../../build/topic_helloworld build --build-base /home/kimjunsuk/ros2_ws/build/topic_helloworld/build install --record /home/kimjunsuk/ros2_ws/build/topic_helloworld/install.log --install-scripts $base/lib/topic_helloworld --single-version-externally-managed
