[2.662s] Invoking command in '/home/kimjunsuk/ros2_ws/src/topic_helloworld': PYTHONPATH=/home/kimjunsuk/ros2_ws/build/topic_helloworld/prefix_override:/home/kimjunsuk/ros2_ws/install/topic_helloworld/lib/python3.8/site-packages:${PYTHONPATH} /usr/bin/python3 setup.py egg_info --egg-base ../../build/topic_helloworld build --build-base /home/kimjunsuk/ros2_ws/build/topic_helloworld/build install --record /home/kimjunsuk/ros2_ws/build/topic_helloworld/install.log --install-scripts $base/lib/topic_helloworld --single-version-externally-managed
[2.788s] /usr/local/lib/python3.8/dist-packages/setuptools/dist.py:472: SetuptoolsDeprecationWarning: Invalid dash-separated options
[2.788s] !!
[2.788s] 
[2.788s]         ********************************************************************************
[2.788s]         Usage of dash-separated 'script-dir' will not be supported in future
[2.788s]         versions. Please use the underscore name 'script_dir' instead.
[2.788s] 
[2.789s]         By 2024-Sep-26, you need to update your project and remove deprecated calls
[2.789s]         or your builds will no longer be supported.
[2.789s] 
[2.789s]         See https://setuptools.pypa.io/en/latest/userguide/declarative_config.html for details.
[2.789s]         ********************************************************************************
[2.789s] 
[2.789s] !!
[2.789s]   opt = self.warn_dash_deprecation(opt, section)
[2.895s] running egg_info
[3.017s] writing ../../build/topic_helloworld/topic_helloworld.egg-info/PKG-INFO
[3.017s] writing dependency_links to ../../build/topic_helloworld/topic_helloworld.egg-info/dependency_links.txt
[3.018s] writing requirements to ../../build/topic_helloworld/topic_helloworld.egg-info/requires.txt
[3.018s] writing top-level names to ../../build/topic_helloworld/topic_helloworld.egg-info/top_level.txt
[3.052s] reading manifest file '../../build/topic_helloworld/topic_helloworld.egg-info/SOURCES.txt'
[3.053s] writing manifest file '../../build/topic_helloworld/topic_helloworld.egg-info/SOURCES.txt'
[3.053s] running build
[3.053s] running build_py
[3.054s] copying topic_helloworld/__init__.py -> /home/kimjunsuk/ros2_ws/build/topic_helloworld/build/lib/topic_helloworld
[3.054s] running install
[3.054s] /usr/local/lib/python3.8/dist-packages/setuptools/_distutils/cmd.py:66: SetuptoolsDeprecationWarning: setup.py install is deprecated.
[3.054s] !!
[3.054s] 
[3.054s]         ********************************************************************************
[3.054s]         Please avoid running ``setup.py`` directly.
[3.054s]         Instead, use pypa/build, pypa/installer or other
[3.054s]         standards-based tools.
[3.054s] 
[3.054s]         See https://blog.ganssle.io/articles/2021/10/setup-py-deprecated.html for details.
[3.054s]         ********************************************************************************
[3.054s] 
[3.054s] !!
[3.055s]   self.initialize_options()
[3.059s] running install_lib
[3.077s] running install_data
[3.093s] copying resource/topic_helloworld -> /home/kimjunsuk/ros2_ws/install/topic_helloworld/share/ament_index/resource_index/packages
[3.094s] copying package.xml -> /home/kimjunsuk/ros2_ws/install/topic_helloworld/share/topic_helloworld
[3.094s] running install_egg_info
[3.111s] removing '/home/kimjunsuk/ros2_ws/install/topic_helloworld/lib/python3.8/site-packages/topic_helloworld-0.0.0-py3.8.egg-info' (and everything under it)
[3.111s] Copying ../../build/topic_helloworld/topic_helloworld.egg-info to /home/kimjunsuk/ros2_ws/install/topic_helloworld/lib/python3.8/site-packages/topic_helloworld-0.0.0-py3.8.egg-info
[3.112s] running install_scripts
[3.161s] writing list of installed files to '/home/kimjunsuk/ros2_ws/build/topic_helloworld/install.log'
[3.186s] Invoked command in '/home/kimjunsuk/ros2_ws/src/topic_helloworld' returned '0': PYTHONPATH=/home/kimjunsuk/ros2_ws/build/topic_helloworld/prefix_override:/home/kimjunsuk/ros2_ws/install/topic_helloworld/lib/python3.8/site-packages:${PYTHONPATH} /usr/bin/python3 setup.py egg_info --egg-base ../../build/topic_helloworld build --build-base /home/kimjunsuk/ros2_ws/build/topic_helloworld/build install --record /home/kimjunsuk/ros2_ws/build/topic_helloworld/install.log --install-scripts $base/lib/topic_helloworld --single-version-externally-managed
