[0.356s] Invoking command in '/home/kimjunsuk/ros2_ws/src/ssd_detection': PYTHONPATH=/home/kimjunsuk/ros2_ws/build/ssd_detection/prefix_override:/home/kimjunsuk/ros2_ws/install/ssd_detection/lib/python3.8/site-packages:${PYTHONPATH} /usr/bin/python3 -W ignore:setup.py install is deprecated setup.py egg_info --egg-base ../../build/ssd_detection build --build-base /home/kimjunsuk/ros2_ws/build/ssd_detection/build install --record /home/kimjunsuk/ros2_ws/build/ssd_detection/install.log --install-scripts $base/lib/ssd_detection --single-version-externally-managed install_data
[0.472s] running egg_info
[0.473s] writing ../../build/ssd_detection/ssd_detection.egg-info/PKG-INFO
[0.473s] writing dependency_links to ../../build/ssd_detection/ssd_detection.egg-info/dependency_links.txt
[0.473s] writing entry points to ../../build/ssd_detection/ssd_detection.egg-info/entry_points.txt
[0.473s] writing requirements to ../../build/ssd_detection/ssd_detection.egg-info/requires.txt
[0.473s] writing top-level names to ../../build/ssd_detection/ssd_detection.egg-info/top_level.txt
[0.493s] reading manifest file '../../build/ssd_detection/ssd_detection.egg-info/SOURCES.txt'
[0.493s] writing manifest file '../../build/ssd_detection/ssd_detection.egg-info/SOURCES.txt'
[0.494s] running build
[0.494s] running build_py
[0.494s] copying ssd_detection/video_publisher.py -> /home/kimjunsuk/ros2_ws/build/ssd_detection/build/lib/ssd_detection
[0.494s] running install
[0.494s] running install_lib
[0.495s] copying /home/kimjunsuk/ros2_ws/build/ssd_detection/build/lib/ssd_detection/video_publisher.py -> /home/kimjunsuk/ros2_ws/install/ssd_detection/lib/python3.8/site-packages/ssd_detection
[0.495s] byte-compiling /home/kimjunsuk/ros2_ws/install/ssd_detection/lib/python3.8/site-packages/ssd_detection/video_publisher.py to video_publisher.cpython-38.pyc
[0.497s] running install_data
[0.497s] running install_egg_info
[0.498s] removing '/home/kimjunsuk/ros2_ws/install/ssd_detection/lib/python3.8/site-packages/ssd_detection-0.0.0-py3.8.egg-info' (and everything under it)
[0.498s] Copying ../../build/ssd_detection/ssd_detection.egg-info to /home/kimjunsuk/ros2_ws/install/ssd_detection/lib/python3.8/site-packages/ssd_detection-0.0.0-py3.8.egg-info
[0.499s] running install_scripts
[0.509s] Installing detection_example script to /home/kimjunsuk/ros2_ws/install/ssd_detection/lib/ssd_detection
[0.509s] Installing gui_display script to /home/kimjunsuk/ros2_ws/install/ssd_detection/lib/ssd_detection
[0.509s] Installing video_publisher script to /home/kimjunsuk/ros2_ws/install/ssd_detection/lib/ssd_detection
[0.509s] writing list of installed files to '/home/kimjunsuk/ros2_ws/build/ssd_detection/install.log'
[0.521s] Invoked command in '/home/kimjunsuk/ros2_ws/src/ssd_detection' returned '0': PYTHONPATH=/home/kimjunsuk/ros2_ws/build/ssd_detection/prefix_override:/home/kimjunsuk/ros2_ws/install/ssd_detection/lib/python3.8/site-packages:${PYTHONPATH} /usr/bin/python3 -W ignore:setup.py install is deprecated setup.py egg_info --egg-base ../../build/ssd_detection build --build-base /home/kimjunsuk/ros2_ws/build/ssd_detection/build install --record /home/kimjunsuk/ros2_ws/build/ssd_detection/install.log --install-scripts $base/lib/ssd_detection --single-version-externally-managed install_data
