[0.412s] Invoking command in '/home/kimjunsuk/ros2_ws/src/ssd_detection': PYTHONPATH=/home/kimjunsuk/ros2_ws/build/ssd_detection/prefix_override:/home/kimjunsuk/ros2_ws/install/ssd_detection/lib/python3.8/site-packages:${PYTHONPATH} /usr/bin/python3 -W ignore:setup.py install is deprecated setup.py egg_info --egg-base ../../build/ssd_detection build --build-base /home/kimjunsuk/ros2_ws/build/ssd_detection/build install --record /home/kimjunsuk/ros2_ws/build/ssd_detection/install.log --install-scripts $base/lib/ssd_detection --single-version-externally-managed install_data
[0.523s] running egg_info
[0.523s] writing ../../build/ssd_detection/ssd_detection.egg-info/PKG-INFO
[0.523s] writing dependency_links to ../../build/ssd_detection/ssd_detection.egg-info/dependency_links.txt
[0.523s] writing entry points to ../../build/ssd_detection/ssd_detection.egg-info/entry_points.txt
[0.523s] writing requirements to ../../build/ssd_detection/ssd_detection.egg-info/requires.txt
[0.524s] writing top-level names to ../../build/ssd_detection/ssd_detection.egg-info/top_level.txt
[0.543s] reading manifest file '../../build/ssd_detection/ssd_detection.egg-info/SOURCES.txt'
[0.544s] writing manifest file '../../build/ssd_detection/ssd_detection.egg-info/SOURCES.txt'
[0.544s] running build
[0.544s] running build_py
[0.544s] copying ssd_detection/ssd_detection.py -> /home/kimjunsuk/ros2_ws/build/ssd_detection/build/lib/ssd_detection
[0.545s] running install
[0.545s] running install_lib
[0.546s] copying /home/kimjunsuk/ros2_ws/build/ssd_detection/build/lib/ssd_detection/ssd_detection.py -> /home/kimjunsuk/ros2_ws/install/ssd_detection/lib/python3.8/site-packages/ssd_detection
[0.547s] byte-compiling /home/kimjunsuk/ros2_ws/install/ssd_detection/lib/python3.8/site-packages/ssd_detection/ssd_detection.py to ssd_detection.cpython-38.pyc
[0.549s] running install_data
[0.549s] running install_egg_info
[0.550s] removing '/home/kimjunsuk/ros2_ws/install/ssd_detection/lib/python3.8/site-packages/ssd_detection-0.0.0-py3.8.egg-info' (and everything under it)
[0.551s] Copying ../../build/ssd_detection/ssd_detection.egg-info to /home/kimjunsuk/ros2_ws/install/ssd_detection/lib/python3.8/site-packages/ssd_detection-0.0.0-py3.8.egg-info
[0.553s] running install_scripts
[0.565s] Installing detection_example script to /home/kimjunsuk/ros2_ws/install/ssd_detection/lib/ssd_detection
[0.566s] Installing video_publisher script to /home/kimjunsuk/ros2_ws/install/ssd_detection/lib/ssd_detection
[0.566s] writing list of installed files to '/home/kimjunsuk/ros2_ws/build/ssd_detection/install.log'
[0.577s] Invoked command in '/home/kimjunsuk/ros2_ws/src/ssd_detection' returned '0': PYTHONPATH=/home/kimjunsuk/ros2_ws/build/ssd_detection/prefix_override:/home/kimjunsuk/ros2_ws/install/ssd_detection/lib/python3.8/site-packages:${PYTHONPATH} /usr/bin/python3 -W ignore:setup.py install is deprecated setup.py egg_info --egg-base ../../build/ssd_detection build --build-base /home/kimjunsuk/ros2_ws/build/ssd_detection/build install --record /home/kimjunsuk/ros2_ws/build/ssd_detection/install.log --install-scripts $base/lib/ssd_detection --single-version-externally-managed install_data
