[3.240s] Invoking command in '/home/kimjunsuk/ros2_ws/build/ssd_detection': PYTHONPATH=/home/kimjunsuk/ros2_ws/build/ssd_detection/prefix_override:/home/kimjunsuk/ros2_ws/install/ssd_detection/lib/python3.8/site-packages:${PYTHONPATH} /usr/bin/python3 setup.py develop --uninstall --editable --build-directory /home/kimjunsuk/ros2_ws/build/ssd_detection/build
[3.368s] /usr/local/lib/python3.8/dist-packages/setuptools/dist.py:472: SetuptoolsDeprecationWarning: Invalid dash-separated options
[3.368s] !!
[3.369s] 
[3.369s]         ********************************************************************************
[3.369s]         Usage of dash-separated 'script-dir' will not be supported in future
[3.369s]         versions. Please use the underscore name 'script_dir' instead.
[3.369s] 
[3.369s]         By 2024-Sep-26, you need to update your project and remove deprecated calls
[3.369s]         or your builds will no longer be supported.
[3.369s] 
[3.369s]         See https://setuptools.pypa.io/en/latest/userguide/declarative_config.html for details.
[3.369s]         ********************************************************************************
[3.370s] 
[3.370s] !!
[3.370s]   opt = self.warn_dash_deprecation(opt, section)
[3.562s] running develop
[3.562s] /usr/local/lib/python3.8/dist-packages/setuptools/command/develop.py:39: EasyInstallDeprecationWarning: easy_install command is deprecated.
[3.562s] !!
[3.562s] 
[3.562s]         ********************************************************************************
[3.562s]         Please avoid running ``setup.py`` and ``easy_install``.
[3.563s]         Instead, use pypa/build, pypa/installer or other
[3.563s]         standards-based tools.
[3.563s] 
[3.563s]         See https://github.com/pypa/setuptools/issues/917 for details.
[3.563s]         ********************************************************************************
[3.563s] 
[3.563s] !!
[3.563s]   easy_install.initialize_options(self)
[3.596s] /usr/local/lib/python3.8/dist-packages/setuptools/_distutils/cmd.py:66: SetuptoolsDeprecationWarning: setup.py install is deprecated.
[3.596s] !!
[3.596s] 
[3.596s]         ********************************************************************************
[3.596s]         Please avoid running ``setup.py`` directly.
[3.597s]         Instead, use pypa/build, pypa/installer or other
[3.597s]         standards-based tools.
[3.597s] 
[3.597s]         See https://blog.ganssle.io/articles/2021/10/setup-py-deprecated.html for details.
[3.597s]         ********************************************************************************
[3.597s] 
[3.597s] !!
[3.597s]   self.initialize_options()
[3.796s] Removing /home/kimjunsuk/ros2_ws/install/ssd_detection/lib/python3.8/site-packages/ssd_detection.egg-link (link to .)
[4.149s] Invoked command in '/home/kimjunsuk/ros2_ws/build/ssd_detection' returned '0': PYTHONPATH=/home/kimjunsuk/ros2_ws/build/ssd_detection/prefix_override:/home/kimjunsuk/ros2_ws/install/ssd_detection/lib/python3.8/site-packages:${PYTHONPATH} /usr/bin/python3 setup.py develop --uninstall --editable --build-directory /home/kimjunsuk/ros2_ws/build/ssd_detection/build
[4.150s] Invoking command in '/home/kimjunsuk/ros2_ws/src/ssd_detection': PYTHONPATH=/home/kimjunsuk/ros2_ws/build/ssd_detection/prefix_override:/home/kimjunsuk/ros2_ws/install/ssd_detection/lib/python3.8/site-packages:${PYTHONPATH} /usr/bin/python3 setup.py egg_info --egg-base ../../build/ssd_detection build --build-base /home/kimjunsuk/ros2_ws/build/ssd_detection/build install --record /home/kimjunsuk/ros2_ws/build/ssd_detection/install.log --install-scripts $base/lib/ssd_detection --single-version-externally-managed
[4.279s] /usr/local/lib/python3.8/dist-packages/setuptools/dist.py:472: SetuptoolsDeprecationWarning: Invalid dash-separated options
[4.279s] !!
[4.279s] 
[4.279s]         ********************************************************************************
[4.279s]         Usage of dash-separated 'script-dir' will not be supported in future
[4.279s]         versions. Please use the underscore name 'script_dir' instead.
[4.279s] 
[4.280s]         By 2024-Sep-26, you need to update your project and remove deprecated calls
[4.280s]         or your builds will no longer be supported.
[4.280s] 
[4.280s]         See https://setuptools.pypa.io/en/latest/userguide/declarative_config.html for details.
[4.280s]         ********************************************************************************
[4.280s] 
[4.280s] !!
[4.280s]   opt = self.warn_dash_deprecation(opt, section)
[4.386s] running egg_info
[4.507s] writing ../../build/ssd_detection/ssd_detection.egg-info/PKG-INFO
[4.507s] writing dependency_links to ../../build/ssd_detection/ssd_detection.egg-info/dependency_links.txt
[4.507s] writing entry points to ../../build/ssd_detection/ssd_detection.egg-info/entry_points.txt
[4.507s] writing requirements to ../../build/ssd_detection/ssd_detection.egg-info/requires.txt
[4.508s] writing top-level names to ../../build/ssd_detection/ssd_detection.egg-info/top_level.txt
[4.542s] reading manifest file '../../build/ssd_detection/ssd_detection.egg-info/SOURCES.txt'
[4.543s] writing manifest file '../../build/ssd_detection/ssd_detection.egg-info/SOURCES.txt'
[4.543s] running build
[4.543s] running build_py
[4.543s] copying ssd_detection/video_publisher.py -> /home/kimjunsuk/ros2_ws/build/ssd_detection/build/lib/ssd_detection
[4.543s] copying ssd_detection/__init__.py -> /home/kimjunsuk/ros2_ws/build/ssd_detection/build/lib/ssd_detection
[4.543s] copying ssd_detection/ssd_detection.py -> /home/kimjunsuk/ros2_ws/build/ssd_detection/build/lib/ssd_detection
[4.543s] running install
[4.544s] /usr/local/lib/python3.8/dist-packages/setuptools/_distutils/cmd.py:66: SetuptoolsDeprecationWarning: setup.py install is deprecated.
[4.544s] !!
[4.544s] 
[4.544s]         ********************************************************************************
[4.544s]         Please avoid running ``setup.py`` directly.
[4.544s]         Instead, use pypa/build, pypa/installer or other
[4.544s]         standards-based tools.
[4.544s] 
[4.544s]         See https://blog.ganssle.io/articles/2021/10/setup-py-deprecated.html for details.
[4.544s]         ********************************************************************************
[4.544s] 
[4.544s] !!
[4.544s]   self.initialize_options()
[4.549s] running install_lib
[4.566s] creating /home/kimjunsuk/ros2_ws/install/ssd_detection/lib/python3.8/site-packages/ssd_detection
[4.566s] copying /home/kimjunsuk/ros2_ws/build/ssd_detection/build/lib/ssd_detection/video_publisher.py -> /home/kimjunsuk/ros2_ws/install/ssd_detection/lib/python3.8/site-packages/ssd_detection
[4.566s] copying /home/kimjunsuk/ros2_ws/build/ssd_detection/build/lib/ssd_detection/__init__.py -> /home/kimjunsuk/ros2_ws/install/ssd_detection/lib/python3.8/site-packages/ssd_detection
[4.566s] copying /home/kimjunsuk/ros2_ws/build/ssd_detection/build/lib/ssd_detection/ssd_detection.py -> /home/kimjunsuk/ros2_ws/install/ssd_detection/lib/python3.8/site-packages/ssd_detection
[4.567s] byte-compiling /home/kimjunsuk/ros2_ws/install/ssd_detection/lib/python3.8/site-packages/ssd_detection/video_publisher.py to video_publisher.cpython-38.pyc
[4.567s] byte-compiling /home/kimjunsuk/ros2_ws/install/ssd_detection/lib/python3.8/site-packages/ssd_detection/__init__.py to __init__.cpython-38.pyc
[4.567s] byte-compiling /home/kimjunsuk/ros2_ws/install/ssd_detection/lib/python3.8/site-packages/ssd_detection/ssd_detection.py to ssd_detection.cpython-38.pyc
[4.568s] running install_data
[4.585s] copying resource/ssd_detection -> /home/kimjunsuk/ros2_ws/install/ssd_detection/share/ament_index/resource_index/packages
[4.585s] copying package.xml -> /home/kimjunsuk/ros2_ws/install/ssd_detection/share/ssd_detection
[4.586s] running install_egg_info
[4.603s] Copying ../../build/ssd_detection/ssd_detection.egg-info to /home/kimjunsuk/ros2_ws/install/ssd_detection/lib/python3.8/site-packages/ssd_detection-0.0.0-py3.8.egg-info
[4.604s] running install_scripts
[4.652s] Installing detection_system script to /home/kimjunsuk/ros2_ws/install/ssd_detection/lib/ssd_detection
[4.653s] Installing video_publisher script to /home/kimjunsuk/ros2_ws/install/ssd_detection/lib/ssd_detection
[4.653s] writing list of installed files to '/home/kimjunsuk/ros2_ws/build/ssd_detection/install.log'
[4.677s] Invoked command in '/home/kimjunsuk/ros2_ws/src/ssd_detection' returned '0': PYTHONPATH=/home/kimjunsuk/ros2_ws/build/ssd_detection/prefix_override:/home/kimjunsuk/ros2_ws/install/ssd_detection/lib/python3.8/site-packages:${PYTHONPATH} /usr/bin/python3 setup.py egg_info --egg-base ../../build/ssd_detection build --build-base /home/kimjunsuk/ros2_ws/build/ssd_detection/build install --record /home/kimjunsuk/ros2_ws/build/ssd_detection/install.log --install-scripts $base/lib/ssd_detection --single-version-externally-managed
