[0.503s] Invoking command in '/home/kimjunsuk/ros2_ws/src/topic_helloworld': PYTHONPATH=/home/kimjunsuk/ros2_ws/build/topic_helloworld/prefix_override:/home/kimjunsuk/ros2_ws/install/topic_helloworld/lib/python3.8/site-packages:${PYTHONPATH} /usr/bin/python3 -W ignore:setup.py install is deprecated setup.py egg_info --egg-base ../../build/topic_helloworld build --build-base /home/kimjunsuk/ros2_ws/build/topic_helloworld/build install --record /home/kimjunsuk/ros2_ws/build/topic_helloworld/install.log --install-scripts $base/lib/topic_helloworld --single-version-externally-managed install_data
[0.614s] running egg_info
[0.614s] writing ../../build/topic_helloworld/topic_helloworld.egg-info/PKG-INFO
[0.614s] writing dependency_links to ../../build/topic_helloworld/topic_helloworld.egg-info/dependency_links.txt
[0.614s] writing entry points to ../../build/topic_helloworld/topic_helloworld.egg-info/entry_points.txt
[0.615s] writing requirements to ../../build/topic_helloworld/topic_helloworld.egg-info/requires.txt
[0.615s] writing top-level names to ../../build/topic_helloworld/topic_helloworld.egg-info/top_level.txt
[0.634s] reading manifest file '../../build/topic_helloworld/topic_helloworld.egg-info/SOURCES.txt'
[0.634s] writing manifest file '../../build/topic_helloworld/topic_helloworld.egg-info/SOURCES.txt'
[0.634s] running build
[0.634s] running build_py
[0.635s] running install
[0.635s] running install_lib
[0.636s] running install_data
[0.637s] running install_egg_info
[0.638s] removing '/home/kimjunsuk/ros2_ws/install/topic_helloworld/lib/python3.8/site-packages/topic_helloworld-0.0.0-py3.8.egg-info' (and everything under it)
[0.638s] Copying ../../build/topic_helloworld/topic_helloworld.egg-info to /home/kimjunsuk/ros2_ws/install/topic_helloworld/lib/python3.8/site-packages/topic_helloworld-0.0.0-py3.8.egg-info
[0.639s] running install_scripts
[0.649s] writing list of installed files to '/home/kimjunsuk/ros2_ws/build/topic_helloworld/install.log'
[0.669s] Invoked command in '/home/kimjunsuk/ros2_ws/src/topic_helloworld' returned '0': PYTHONPATH=/home/kimjunsuk/ros2_ws/build/topic_helloworld/prefix_override:/home/kimjunsuk/ros2_ws/install/topic_helloworld/lib/python3.8/site-packages:${PYTHONPATH} /usr/bin/python3 -W ignore:setup.py install is deprecated setup.py egg_info --egg-base ../../build/topic_helloworld build --build-base /home/kimjunsuk/ros2_ws/build/topic_helloworld/build install --record /home/kimjunsuk/ros2_ws/build/topic_helloworld/install.log --install-scripts $base/lib/topic_helloworld --single-version-externally-managed install_data
