[0.000000] (-) TimerEvent: {}
[0.000144] (ssd_detection) JobQueued: {'identifier': 'ssd_detection', 'dependencies': OrderedDict()}
[0.000190] (topic_helloworld) JobQueued: {'identifier': 'topic_helloworld', 'dependencies': OrderedDict()}
[0.000225] (ssd_detection) JobStarted: {'identifier': 'ssd_detection'}
[0.099352] (-) TimerEvent: {}
[0.200375] (-) TimerEvent: {}
[0.301854] (-) TimerEvent: {}
[0.403652] (-) TimerEvent: {}
[0.504875] (-) TimerEvent: {}
[0.581838] (topic_helloworld) JobStarted: {'identifier': 'topic_helloworld'}
[0.606508] (-) TimerEvent: {}
[0.707029] (-) TimerEvent: {}
[0.810328] (-) TimerEvent: {}
[0.911086] (-) TimerEvent: {}
[1.013424] (-) TimerEvent: {}
[1.116448] (-) TimerEvent: {}
[1.216778] (-) TimerEvent: {}
[1.317134] (-) TimerEvent: {}
[1.418134] (-) TimerEvent: {}
[1.518961] (-) TimerEvent: {}
[1.619661] (-) TimerEvent: {}
[1.720292] (-) TimerEvent: {}
[1.821269] (-) TimerEvent: {}
[1.921873] (-) TimerEvent: {}
[2.022296] (-) TimerEvent: {}
[2.124006] (-) TimerEvent: {}
[2.225833] (-) TimerEvent: {}
[2.326541] (-) TimerEvent: {}
[2.427977] (-) TimerEvent: {}
[2.528659] (-) TimerEvent: {}
[2.632823] (-) TimerEvent: {}
[2.733167] (-) TimerEvent: {}
[2.833420] (-) TimerEvent: {}
[2.933648] (-) TimerEvent: {}
[3.033944] (-) TimerEvent: {}
[3.134246] (-) TimerEvent: {}
[3.234540] (-) TimerEvent: {}
[3.242965] (ssd_detection) Command: {'cmd': ['/usr/bin/python3', 'setup.py', 'egg_info', '--egg-base', '../../build/ssd_detection', 'build', '--build-base', '/home/kimjunsuk/ros2_ws/build/ssd_detection/build', 'install', '--record', '/home/kimjunsuk/ros2_ws/build/ssd_detection/install.log', '--install-scripts', '$base/lib/ssd_detection', '--single-version-externally-managed'], 'cwd': '/home/kimjunsuk/ros2_ws/src/ssd_detection', 'env': {'GJS_DEBUG_TOPICS': 'JS ERROR;JS LOG', 'LANGUAGE': 'en_US:en', 'USER': 'kimjunsuk', 'LC_TIME': 'ko_KR.UTF-8', 'SSH_AGENT_PID': '1322', 'XDG_SESSION_TYPE': 'x11', 'SHLVL': '1', 'LD_LIBRARY_PATH': '/opt/ros/foxy/opt/yaml_cpp_vendor/lib:/opt/ros/foxy/opt/rviz_ogre_vendor/lib:/opt/ros/foxy/lib/x86_64-linux-gnu:/opt/ros/foxy/lib', 'HOME': '/home/kimjunsuk', 'OLDPWD': '/home/kimjunsuk', 'DESKTOP_SESSION': 'ubuntu', 'GIO_LAUNCHED_DESKTOP_FILE': '/usr/share/applications/terminator.desktop', 'ROS_PYTHON_VERSION': '3', 'GNOME_SHELL_SESSION_MODE': 'ubuntu', 'GTK_MODULES': 'gail:atk-bridge', 'LC_MONETARY': 'ko_KR.UTF-8', 'MANAGERPID': '905', 'DBUS_SESSION_BUS_ADDRESS': 'unix:path=/run/user/1000/bus', 'COLORTERM': 'truecolor', 'TERMINATOR_DBUS_NAME': 'net.tenshu.Terminator21a9d5db22c73a993ff0b42f64b396873', 'GIO_LAUNCHED_DESKTOP_FILE_PID': '144351', 'IM_CONFIG_PHASE': '1', 'COLCON_PREFIX_PATH': '/home/kimjunsuk/ros2_ws/install', 'ROS_DISTRO': 'foxy', 'LOGNAME': 'kimjunsuk', 'JOURNAL_STREAM': '8:40209', '_': '/usr/bin/colcon', 'ROS_VERSION': '2', 'XDG_SESSION_CLASS': 'user', 'USERNAME': 'kimjunsuk', 'TERM': 'xterm-256color', 'GNOME_DESKTOP_SESSION_ID': 'this-is-deprecated', 'ROS_LOCALHOST_ONLY': '0', 'WINDOWPATH': '2', 'PATH': '/opt/ros/foxy/bin:/home/kimjunsuk/.local/bin:/usr/local/sbin:/usr/local/bin:/usr/sbin:/usr/bin:/sbin:/bin:/usr/games:/usr/local/games:/snap/bin', 'SESSION_MANAGER': 'local/kimjunsuk-950XCJ-951XCJ-950XCR:@/tmp/.ICE-unix/1352,unix/kimjunsuk-950XCJ-951XCJ-950XCR:/tmp/.ICE-unix/1352', 'INVOCATION_ID': '6be6f5a59a0a4b84b9b55f187ffc9295', 'PAPERSIZE': 'a4', 'XDG_MENU_PREFIX': 'gnome-', 'LC_ADDRESS': 'ko_KR.UTF-8', 'XDG_RUNTIME_DIR': '/run/user/1000', 'DISPLAY': ':0', 'TERMINATOR_DBUS_PATH': '/net/tenshu/Terminator2', 'LANG': 'en_US.UTF-8', 'XDG_CURRENT_DESKTOP': 'ubuntu:GNOME', 'LC_TELEPHONE': 'ko_KR.UTF-8', 'XMODIFIERS': '@im=ibus', 'XDG_SESSION_DESKTOP': 'ubuntu', 'XAUTHORITY': '/run/user/1000/gdm/Xauthority', 'SSH_AUTH_SOCK': '/run/user/1000/keyring/ssh', 'AMENT_PREFIX_PATH': '/home/kimjunsuk/ros2_ws/install/topic_helloworld:/home/kimjunsuk/ros2_ws/install/ssd_detection:/opt/ros/foxy', 'LC_MESSAGES': 'POSIX', 'SHELL': '/bin/bash', 'LC_NAME': 'ko_KR.UTF-8', 'TERMINATOR_UUID': 'urn:uuid:a1373ba9-c697-430e-b936-b94823e430ce', 'QT_ACCESSIBILITY': '1', 'GDMSESSION': 'ubuntu', 'LC_MEASUREMENT': 'ko_KR.UTF-8', 'GPG_AGENT_INFO': '/run/user/1000/gnupg/S.gpg-agent:0:1', 'GJS_DEBUG_OUTPUT': 'stderr', 'LC_IDENTIFICATION': 'ko_KR.UTF-8', 'QT_IM_MODULE': 'ibus', 'PWD': '/home/kimjunsuk/ros2_ws/build/ssd_detection', 'XDG_CONFIG_DIRS': '/etc/xdg/xdg-ubuntu:/etc/xdg', 'XDG_DATA_DIRS': '/usr/share/ubuntu:/usr/local/share/:/usr/share/:/var/lib/snapd/desktop', 'PYTHONPATH': '/home/kimjunsuk/ros2_ws/build/ssd_detection/prefix_override:/home/kimjunsuk/ros2_ws/install/ssd_detection/lib/python3.8/site-packages:/home/kimjunsuk/ros2_ws/install/topic_helloworld/lib/python3.8/site-packages:/home/kimjunsuk/ros2_ws/install/ssd_detection/lib/python3.8/site-packages:/opt/ros/foxy/lib/python3.8/site-packages', 'LC_NUMERIC': 'ko_KR.UTF-8', 'LC_PAPER': 'ko_KR.UTF-8', 'COLCON': '1', 'VTE_VERSION': '6003'}, 'shell': False}
[3.249812] (topic_helloworld) Command: {'cmd': ['/usr/bin/python3', 'setup.py', 'egg_info', '--egg-base', '../../build/topic_helloworld', 'build', '--build-base', '/home/kimjunsuk/ros2_ws/build/topic_helloworld/build', 'install', '--record', '/home/kimjunsuk/ros2_ws/build/topic_helloworld/install.log', '--install-scripts', '$base/lib/topic_helloworld', '--single-version-externally-managed'], 'cwd': '/home/kimjunsuk/ros2_ws/src/topic_helloworld', 'env': {'GJS_DEBUG_TOPICS': 'JS ERROR;JS LOG', 'LANGUAGE': 'en_US:en', 'USER': 'kimjunsuk', 'LC_TIME': 'ko_KR.UTF-8', 'SSH_AGENT_PID': '1322', 'XDG_SESSION_TYPE': 'x11', 'SHLVL': '1', 'LD_LIBRARY_PATH': '/opt/ros/foxy/opt/yaml_cpp_vendor/lib:/opt/ros/foxy/opt/rviz_ogre_vendor/lib:/opt/ros/foxy/lib/x86_64-linux-gnu:/opt/ros/foxy/lib', 'HOME': '/home/kimjunsuk', 'OLDPWD': '/home/kimjunsuk', 'DESKTOP_SESSION': 'ubuntu', 'GIO_LAUNCHED_DESKTOP_FILE': '/usr/share/applications/terminator.desktop', 'ROS_PYTHON_VERSION': '3', 'GNOME_SHELL_SESSION_MODE': 'ubuntu', 'GTK_MODULES': 'gail:atk-bridge', 'LC_MONETARY': 'ko_KR.UTF-8', 'MANAGERPID': '905', 'DBUS_SESSION_BUS_ADDRESS': 'unix:path=/run/user/1000/bus', 'COLORTERM': 'truecolor', 'TERMINATOR_DBUS_NAME': 'net.tenshu.Terminator21a9d5db22c73a993ff0b42f64b396873', 'GIO_LAUNCHED_DESKTOP_FILE_PID': '144351', 'IM_CONFIG_PHASE': '1', 'COLCON_PREFIX_PATH': '/home/kimjunsuk/ros2_ws/install', 'ROS_DISTRO': 'foxy', 'LOGNAME': 'kimjunsuk', 'JOURNAL_STREAM': '8:40209', '_': '/usr/bin/colcon', 'ROS_VERSION': '2', 'XDG_SESSION_CLASS': 'user', 'USERNAME': 'kimjunsuk', 'TERM': 'xterm-256color', 'GNOME_DESKTOP_SESSION_ID': 'this-is-deprecated', 'ROS_LOCALHOST_ONLY': '0', 'WINDOWPATH': '2', 'PATH': '/opt/ros/foxy/bin:/home/kimjunsuk/.local/bin:/usr/local/sbin:/usr/local/bin:/usr/sbin:/usr/bin:/sbin:/bin:/usr/games:/usr/local/games:/snap/bin', 'SESSION_MANAGER': 'local/kimjunsuk-950XCJ-951XCJ-950XCR:@/tmp/.ICE-unix/1352,unix/kimjunsuk-950XCJ-951XCJ-950XCR:/tmp/.ICE-unix/1352', 'INVOCATION_ID': '6be6f5a59a0a4b84b9b55f187ffc9295', 'PAPERSIZE': 'a4', 'XDG_MENU_PREFIX': 'gnome-', 'LC_ADDRESS': 'ko_KR.UTF-8', 'XDG_RUNTIME_DIR': '/run/user/1000', 'DISPLAY': ':0', 'TERMINATOR_DBUS_PATH': '/net/tenshu/Terminator2', 'LANG': 'en_US.UTF-8', 'XDG_CURRENT_DESKTOP': 'ubuntu:GNOME', 'LC_TELEPHONE': 'ko_KR.UTF-8', 'XMODIFIERS': '@im=ibus', 'XDG_SESSION_DESKTOP': 'ubuntu', 'XAUTHORITY': '/run/user/1000/gdm/Xauthority', 'SSH_AUTH_SOCK': '/run/user/1000/keyring/ssh', 'AMENT_PREFIX_PATH': '/home/kimjunsuk/ros2_ws/install/topic_helloworld:/home/kimjunsuk/ros2_ws/install/ssd_detection:/opt/ros/foxy', 'LC_MESSAGES': 'POSIX', 'SHELL': '/bin/bash', 'LC_NAME': 'ko_KR.UTF-8', 'TERMINATOR_UUID': 'urn:uuid:a1373ba9-c697-430e-b936-b94823e430ce', 'QT_ACCESSIBILITY': '1', 'GDMSESSION': 'ubuntu', 'LC_MEASUREMENT': 'ko_KR.UTF-8', 'GPG_AGENT_INFO': '/run/user/1000/gnupg/S.gpg-agent:0:1', 'GJS_DEBUG_OUTPUT': 'stderr', 'LC_IDENTIFICATION': 'ko_KR.UTF-8', 'QT_IM_MODULE': 'ibus', 'PWD': '/home/kimjunsuk/ros2_ws/build/topic_helloworld', 'XDG_CONFIG_DIRS': '/etc/xdg/xdg-ubuntu:/etc/xdg', 'XDG_DATA_DIRS': '/usr/share/ubuntu:/usr/local/share/:/usr/share/:/var/lib/snapd/desktop', 'PYTHONPATH': '/home/kimjunsuk/ros2_ws/build/topic_helloworld/prefix_override:/home/kimjunsuk/ros2_ws/install/topic_helloworld/lib/python3.8/site-packages:/home/kimjunsuk/ros2_ws/install/topic_helloworld/lib/python3.8/site-packages:/home/kimjunsuk/ros2_ws/install/ssd_detection/lib/python3.8/site-packages:/opt/ros/foxy/lib/python3.8/site-packages', 'LC_NUMERIC': 'ko_KR.UTF-8', 'LC_PAPER': 'ko_KR.UTF-8', 'COLCON': '1', 'VTE_VERSION': '6003'}, 'shell': False}
[3.334658] (-) TimerEvent: {}
[3.372789] (ssd_detection) StderrLine: {'line': b'/usr/local/lib/python3.8/dist-packages/setuptools/dist.py:472: SetuptoolsDeprecationWarning: Invalid dash-separated options\n'}
[3.372972] (ssd_detection) StderrLine: {'line': b'!!\n'}
[3.373043] (ssd_detection) StderrLine: {'line': b'\n'}
[3.373105] (ssd_detection) StderrLine: {'line': b'        ********************************************************************************\n'}
[3.373168] (ssd_detection) StderrLine: {'line': b"        Usage of dash-separated 'script-dir' will not be supported in future\n"}
[3.373228] (ssd_detection) StderrLine: {'line': b"        versions. Please use the underscore name 'script_dir' instead.\n"}
[3.373286] (ssd_detection) StderrLine: {'line': b'\n'}
[3.373343] (ssd_detection) StderrLine: {'line': b'        By 2024-Sep-26, you need to update your project and remove deprecated calls\n'}
[3.373401] (ssd_detection) StderrLine: {'line': b'        or your builds will no longer be supported.\n'}
[3.373459] (ssd_detection) StderrLine: {'line': b'\n'}
[3.373517] (ssd_detection) StderrLine: {'line': b'        See https://setuptools.pypa.io/en/latest/userguide/declarative_config.html for details.\n'}
[3.373575] (ssd_detection) StderrLine: {'line': b'        ********************************************************************************\n'}
[3.373632] (ssd_detection) StderrLine: {'line': b'\n'}
[3.373689] (ssd_detection) StderrLine: {'line': b'!!\n'}
[3.373745] (ssd_detection) StderrLine: {'line': b'  opt = self.warn_dash_deprecation(opt, section)\n'}
[3.375738] (topic_helloworld) StderrLine: {'line': b'/usr/local/lib/python3.8/dist-packages/setuptools/dist.py:472: SetuptoolsDeprecationWarning: Invalid dash-separated options\n'}
[3.375872] (topic_helloworld) StderrLine: {'line': b'!!\n'}
[3.375942] (topic_helloworld) StderrLine: {'line': b'\n'}
[3.376003] (topic_helloworld) StderrLine: {'line': b'        ********************************************************************************\n'}
[3.376067] (topic_helloworld) StderrLine: {'line': b"        Usage of dash-separated 'script-dir' will not be supported in future\n"}
[3.376159] (topic_helloworld) StderrLine: {'line': b"        versions. Please use the underscore name 'script_dir' instead.\n"}
[3.376227] (topic_helloworld) StderrLine: {'line': b'\n'}
[3.376285] (topic_helloworld) StderrLine: {'line': b'        By 2024-Sep-26, you need to update your project and remove deprecated calls\n'}
[3.376343] (topic_helloworld) StderrLine: {'line': b'        or your builds will no longer be supported.\n'}
[3.376402] (topic_helloworld) StderrLine: {'line': b'\n'}
[3.376459] (topic_helloworld) StderrLine: {'line': b'        See https://setuptools.pypa.io/en/latest/userguide/declarative_config.html for details.\n'}
[3.376518] (topic_helloworld) StderrLine: {'line': b'        ********************************************************************************\n'}
[3.376575] (topic_helloworld) StderrLine: {'line': b'\n'}
[3.376632] (topic_helloworld) StderrLine: {'line': b'!!\n'}
[3.376688] (topic_helloworld) StderrLine: {'line': b'  opt = self.warn_dash_deprecation(opt, section)\n'}
[3.434772] (-) TimerEvent: {}
[3.480827] (topic_helloworld) StdoutLine: {'line': b'running egg_info\n'}
[3.481021] (ssd_detection) StdoutLine: {'line': b'running egg_info\n'}
[3.534899] (-) TimerEvent: {}
[3.599796] (topic_helloworld) StdoutLine: {'line': b'writing ../../build/topic_helloworld/topic_helloworld.egg-info/PKG-INFO\n'}
[3.599943] (ssd_detection) StdoutLine: {'line': b'writing ../../build/ssd_detection/ssd_detection.egg-info/PKG-INFO\n'}
[3.600104] (ssd_detection) StdoutLine: {'line': b'writing dependency_links to ../../build/ssd_detection/ssd_detection.egg-info/dependency_links.txt\n'}
[3.600290] (topic_helloworld) StdoutLine: {'line': b'writing dependency_links to ../../build/topic_helloworld/topic_helloworld.egg-info/dependency_links.txt\n'}
[3.600447] (ssd_detection) StdoutLine: {'line': b'writing entry points to ../../build/ssd_detection/ssd_detection.egg-info/entry_points.txt\n'}
[3.600531] (topic_helloworld) StdoutLine: {'line': b'writing requirements to ../../build/topic_helloworld/topic_helloworld.egg-info/requires.txt\n'}
[3.600650] (ssd_detection) StdoutLine: {'line': b'writing requirements to ../../build/ssd_detection/ssd_detection.egg-info/requires.txt\n'}
[3.600767] (topic_helloworld) StdoutLine: {'line': b'writing top-level names to ../../build/topic_helloworld/topic_helloworld.egg-info/top_level.txt\n'}
[3.600881] (ssd_detection) StdoutLine: {'line': b'writing top-level names to ../../build/ssd_detection/ssd_detection.egg-info/top_level.txt\n'}
[3.634822] (topic_helloworld) StdoutLine: {'line': b"reading manifest file '../../build/topic_helloworld/topic_helloworld.egg-info/SOURCES.txt'\n"}
[3.634970] (-) TimerEvent: {}
[3.635113] (ssd_detection) StdoutLine: {'line': b"reading manifest file '../../build/ssd_detection/ssd_detection.egg-info/SOURCES.txt'\n"}
[3.635635] (topic_helloworld) StdoutLine: {'line': b"writing manifest file '../../build/topic_helloworld/topic_helloworld.egg-info/SOURCES.txt'\n"}
[3.635888] (topic_helloworld) StdoutLine: {'line': b'running build\n'}
[3.635983] (topic_helloworld) StdoutLine: {'line': b'running build_py\n'}
[3.636124] (topic_helloworld) StdoutLine: {'line': b'copying topic_helloworld/__init__.py -> /home/kimjunsuk/ros2_ws/build/topic_helloworld/build/lib/topic_helloworld\n'}
[3.636257] (topic_helloworld) StdoutLine: {'line': b'running install\n'}
[3.636354] (ssd_detection) StdoutLine: {'line': b"writing manifest file '../../build/ssd_detection/ssd_detection.egg-info/SOURCES.txt'\n"}
[3.636555] (ssd_detection) StdoutLine: {'line': b'running build\n'}
[3.636622] (ssd_detection) StdoutLine: {'line': b'running build_py\n'}
[3.636712] (ssd_detection) StdoutLine: {'line': b'copying ssd_detection/video_publisher.py -> /home/kimjunsuk/ros2_ws/build/ssd_detection/build/lib/ssd_detection\n'}
[3.636775] (topic_helloworld) StderrLine: {'line': b'/usr/local/lib/python3.8/dist-packages/setuptools/_distutils/cmd.py:66: SetuptoolsDeprecationWarning: setup.py install is deprecated.\n'}
[3.636838] (topic_helloworld) StderrLine: {'line': b'!!\n'}
[3.636897] (topic_helloworld) StderrLine: {'line': b'\n'}
[3.636973] (topic_helloworld) StderrLine: {'line': b'        ********************************************************************************\n'}
[3.637050] (topic_helloworld) StderrLine: {'line': b'        Please avoid running ``setup.py`` directly.\n'}
[3.637206] (topic_helloworld) StderrLine: {'line': b'        Instead, use pypa/build, pypa/installer or other\n'}
[3.637271] (topic_helloworld) StderrLine: {'line': b'        standards-based tools.\n'}
[3.637330] (topic_helloworld) StderrLine: {'line': b'\n'}
[3.637388] (topic_helloworld) StderrLine: {'line': b'        See https://blog.ganssle.io/articles/2021/10/setup-py-deprecated.html for details.\n'}
[3.637445] (topic_helloworld) StderrLine: {'line': b'        ********************************************************************************\n'}
[3.637502] (topic_helloworld) StderrLine: {'line': b'\n'}
[3.637558] (topic_helloworld) StderrLine: {'line': b'!!\n'}
[3.637615] (topic_helloworld) StderrLine: {'line': b'  self.initialize_options()\n'}
[3.637672] (ssd_detection) StdoutLine: {'line': b'copying ssd_detection/__init__.py -> /home/kimjunsuk/ros2_ws/build/ssd_detection/build/lib/ssd_detection\n'}
[3.637734] (ssd_detection) StdoutLine: {'line': b'copying ssd_detection/ssd_detection.py -> /home/kimjunsuk/ros2_ws/build/ssd_detection/build/lib/ssd_detection\n'}
[3.637793] (ssd_detection) StdoutLine: {'line': b'copying ssd_detection/misc.py -> /home/kimjunsuk/ros2_ws/build/ssd_detection/build/lib/ssd_detection\n'}
[3.637852] (ssd_detection) StderrLine: {'line': b'/usr/local/lib/python3.8/dist-packages/setuptools/_distutils/cmd.py:66: SetuptoolsDeprecationWarning: setup.py install is deprecated.\n'}
[3.637919] (ssd_detection) StderrLine: {'line': b'!!\n'}
[3.637976] (ssd_detection) StderrLine: {'line': b'\n'}
[3.638032] (ssd_detection) StderrLine: {'line': b'        ********************************************************************************\n'}
[3.638088] (ssd_detection) StderrLine: {'line': b'        Please avoid running ``setup.py`` directly.\n'}
[3.638145] (ssd_detection) StderrLine: {'line': b'        Instead, use pypa/build, pypa/installer or other\n'}
[3.638201] (ssd_detection) StderrLine: {'line': b'        standards-based tools.\n'}
[3.638258] (ssd_detection) StderrLine: {'line': b'\n'}
[3.638314] (ssd_detection) StderrLine: {'line': b'        See https://blog.ganssle.io/articles/2021/10/setup-py-deprecated.html for details.\n'}
[3.638371] (ssd_detection) StderrLine: {'line': b'        ********************************************************************************\n'}
[3.638428] (ssd_detection) StderrLine: {'line': b'\n'}
[3.638484] (ssd_detection) StderrLine: {'line': b'!!\n'}
[3.638541] (ssd_detection) StderrLine: {'line': b'  self.initialize_options()\n'}
[3.638597] (ssd_detection) StdoutLine: {'line': b'running install\n'}
[3.641928] (topic_helloworld) StdoutLine: {'line': b'running install_lib\n'}
[3.642688] (ssd_detection) StdoutLine: {'line': b'running install_lib\n'}
[3.658959] (topic_helloworld) StdoutLine: {'line': b'running install_data\n'}
[3.659412] (ssd_detection) StdoutLine: {'line': b'copying /home/kimjunsuk/ros2_ws/build/ssd_detection/build/lib/ssd_detection/ssd_detection.py -> /home/kimjunsuk/ros2_ws/install/ssd_detection/lib/python3.8/site-packages/ssd_detection\n'}
[3.659949] (ssd_detection) StdoutLine: {'line': b'byte-compiling /home/kimjunsuk/ros2_ws/install/ssd_detection/lib/python3.8/site-packages/ssd_detection/ssd_detection.py to ssd_detection.cpython-38.pyc\n'}
[3.661063] (ssd_detection) StdoutLine: {'line': b'running install_data\n'}
[3.675704] (topic_helloworld) StdoutLine: {'line': b'copying resource/topic_helloworld -> /home/kimjunsuk/ros2_ws/install/topic_helloworld/share/ament_index/resource_index/packages\n'}
[3.675972] (topic_helloworld) StdoutLine: {'line': b'copying package.xml -> /home/kimjunsuk/ros2_ws/install/topic_helloworld/share/topic_helloworld\n'}
[3.676046] (topic_helloworld) StdoutLine: {'line': b'running install_egg_info\n'}
[3.678053] (ssd_detection) StdoutLine: {'line': b'copying resource/ssd_detection -> /home/kimjunsuk/ros2_ws/install/ssd_detection/share/ament_index/resource_index/packages\n'}
[3.678278] (ssd_detection) StdoutLine: {'line': b'copying package.xml -> /home/kimjunsuk/ros2_ws/install/ssd_detection/share/ssd_detection\n'}
[3.678378] (ssd_detection) StdoutLine: {'line': b'running install_egg_info\n'}
[3.693261] (topic_helloworld) StdoutLine: {'line': b"removing '/home/kimjunsuk/ros2_ws/install/topic_helloworld/lib/python3.8/site-packages/topic_helloworld-0.0.0-py3.8.egg-info' (and everything under it)\n"}
[3.693490] (topic_helloworld) StdoutLine: {'line': b'Copying ../../build/topic_helloworld/topic_helloworld.egg-info to /home/kimjunsuk/ros2_ws/install/topic_helloworld/lib/python3.8/site-packages/topic_helloworld-0.0.0-py3.8.egg-info\n'}
[3.694101] (topic_helloworld) StdoutLine: {'line': b'running install_scripts\n'}
[3.695675] (ssd_detection) StdoutLine: {'line': b"removing '/home/kimjunsuk/ros2_ws/install/ssd_detection/lib/python3.8/site-packages/ssd_detection-0.0.0-py3.8.egg-info' (and everything under it)\n"}
[3.695898] (ssd_detection) StdoutLine: {'line': b'Copying ../../build/ssd_detection/ssd_detection.egg-info to /home/kimjunsuk/ros2_ws/install/ssd_detection/lib/python3.8/site-packages/ssd_detection-0.0.0-py3.8.egg-info\n'}
[3.696695] (ssd_detection) StdoutLine: {'line': b'running install_scripts\n'}
[3.735091] (-) TimerEvent: {}
[3.743406] (topic_helloworld) StdoutLine: {'line': b"writing list of installed files to '/home/kimjunsuk/ros2_ws/build/topic_helloworld/install.log'\n"}
[3.746046] (ssd_detection) StdoutLine: {'line': b'Installing detection_example script to /home/kimjunsuk/ros2_ws/install/ssd_detection/lib/ssd_detection\n'}
[3.746317] (ssd_detection) StdoutLine: {'line': b'Installing video_publisher script to /home/kimjunsuk/ros2_ws/install/ssd_detection/lib/ssd_detection\n'}
[3.746539] (ssd_detection) StdoutLine: {'line': b"writing list of installed files to '/home/kimjunsuk/ros2_ws/build/ssd_detection/install.log'\n"}
[3.774597] (topic_helloworld) CommandEnded: {'returncode': 0}
[3.835979] (-) TimerEvent: {}
[3.937403] (-) TimerEvent: {}
[4.040001] (-) TimerEvent: {}
[4.140547] (-) TimerEvent: {}
[4.165031] (topic_helloworld) JobEnded: {'identifier': 'topic_helloworld', 'rc': 0}
[4.165899] (ssd_detection) CommandEnded: {'returncode': 0}
[4.240916] (-) TimerEvent: {}
[4.343679] (-) TimerEvent: {}
[4.444520] (-) TimerEvent: {}
[4.549096] (-) TimerEvent: {}
[4.553372] (ssd_detection) JobEnded: {'identifier': 'ssd_detection', 'rc': 0}
[4.554033] (-) EventReactorShutdown: {}
