[3.145s] Invoking command in '/home/kimjunsuk/ros2_ws/build/ssd_detection': PYTHONPATH=/home/kimjunsuk/ros2_ws/build/ssd_detection/prefix_override:/home/kimjunsuk/ros2_ws/install/ssd_detection/lib/python3.8/site-packages:${PYTHONPATH} /usr/bin/python3 setup.py develop --uninstall --editable --build-directory /home/kimjunsuk/ros2_ws/build/ssd_detection/build
[3.272s] /usr/local/lib/python3.8/dist-packages/setuptools/dist.py:472: SetuptoolsDeprecationWarning: Invalid dash-separated options
[3.272s] !!
[3.272s] 
[3.272s]         ********************************************************************************
[3.272s]         Usage of dash-separated 'script-dir' will not be supported in future
[3.272s]         versions. Please use the underscore name 'script_dir' instead.
[3.272s] 
[3.272s]         By 2024-Sep-26, you need to update your project and remove deprecated calls
[3.273s]         or your builds will no longer be supported.
[3.273s] 
[3.273s]         See https://setuptools.pypa.io/en/latest/userguide/declarative_config.html for details.
[3.273s]         ********************************************************************************
[3.273s] 
[3.273s] !!
[3.273s]   opt = self.warn_dash_deprecation(opt, section)
[3.464s] running develop
[3.464s] /usr/local/lib/python3.8/dist-packages/setuptools/command/develop.py:39: EasyInstallDeprecationWarning: easy_install command is deprecated.
[3.465s] !!
[3.465s] 
[3.465s]         ********************************************************************************
[3.465s]         Please avoid running ``setup.py`` and ``easy_install``.
[3.465s]         Instead, use pypa/build, pypa/installer or other
[3.465s]         standards-based tools.
[3.465s] 
[3.465s]         See https://github.com/pypa/setuptools/issues/917 for details.
[3.466s]         ********************************************************************************
[3.466s] 
[3.466s] !!
[3.466s]   easy_install.initialize_options(self)
[3.500s] /usr/local/lib/python3.8/dist-packages/setuptools/_distutils/cmd.py:66: SetuptoolsDeprecationWarning: setup.py install is deprecated.
[3.500s] !!
[3.500s] 
[3.500s]         ********************************************************************************
[3.500s]         Please avoid running ``setup.py`` directly.
[3.500s]         Instead, use pypa/build, pypa/installer or other
[3.500s]         standards-based tools.
[3.500s] 
[3.500s]         See https://blog.ganssle.io/articles/2021/10/setup-py-deprecated.html for details.
[3.500s]         ********************************************************************************
[3.501s] 
[3.501s] !!
[3.501s]   self.initialize_options()
[3.693s] Removing /home/kimjunsuk/ros2_ws/install/ssd_detection/lib/python3.8/site-packages/ssd_detection.egg-link (link to .)
[4.057s] Invoked command in '/home/kimjunsuk/ros2_ws/build/ssd_detection' returned '0': PYTHONPATH=/home/kimjunsuk/ros2_ws/build/ssd_detection/prefix_override:/home/kimjunsuk/ros2_ws/install/ssd_detection/lib/python3.8/site-packages:${PYTHONPATH} /usr/bin/python3 setup.py develop --uninstall --editable --build-directory /home/kimjunsuk/ros2_ws/build/ssd_detection/build
[4.059s] Invoking command in '/home/kimjunsuk/ros2_ws/src/ssd_detection': PYTHONPATH=/home/kimjunsuk/ros2_ws/build/ssd_detection/prefix_override:/home/kimjunsuk/ros2_ws/install/ssd_detection/lib/python3.8/site-packages:${PYTHONPATH} /usr/bin/python3 setup.py egg_info --egg-base ../../build/ssd_detection build --build-base /home/kimjunsuk/ros2_ws/build/ssd_detection/build install --record /home/kimjunsuk/ros2_ws/build/ssd_detection/install.log --install-scripts $base/lib/ssd_detection --single-version-externally-managed
[4.185s] /usr/local/lib/python3.8/dist-packages/setuptools/dist.py:472: SetuptoolsDeprecationWarning: Invalid dash-separated options
[4.185s] !!
[4.185s] 
[4.185s]         ********************************************************************************
[4.185s]         Usage of dash-separated 'script-dir' will not be supported in future
[4.185s]         versions. Please use the underscore name 'script_dir' instead.
[4.185s] 
[4.185s]         By 2024-Sep-26, you need to update your project and remove deprecated calls
[4.186s]         or your builds will no longer be supported.
[4.186s] 
[4.186s]         See https://setuptools.pypa.io/en/latest/userguide/declarative_config.html for details.
[4.186s]         ********************************************************************************
[4.186s] 
[4.186s] !!
[4.186s]   opt = self.warn_dash_deprecation(opt, section)
[4.290s] running egg_info
[4.410s] writing ../../build/ssd_detection/ssd_detection.egg-info/PKG-INFO
[4.411s] writing dependency_links to ../../build/ssd_detection/ssd_detection.egg-info/dependency_links.txt
[4.411s] writing entry points to ../../build/ssd_detection/ssd_detection.egg-info/entry_points.txt
[4.411s] writing requirements to ../../build/ssd_detection/ssd_detection.egg-info/requires.txt
[4.411s] writing top-level names to ../../build/ssd_detection/ssd_detection.egg-info/top_level.txt
[4.445s] reading manifest file '../../build/ssd_detection/ssd_detection.egg-info/SOURCES.txt'
[4.446s] writing manifest file '../../build/ssd_detection/ssd_detection.egg-info/SOURCES.txt'
[4.446s] running build
[4.446s] running build_py
[4.446s] copying ssd_detection/video_publisher.py -> /home/kimjunsuk/ros2_ws/build/ssd_detection/build/lib/ssd_detection
[4.446s] copying ssd_detection/__init__.py -> /home/kimjunsuk/ros2_ws/build/ssd_detection/build/lib/ssd_detection
[4.446s] copying ssd_detection/ssd_detection.py -> /home/kimjunsuk/ros2_ws/build/ssd_detection/build/lib/ssd_detection
[4.447s] copying ssd_detection/misc.py -> /home/kimjunsuk/ros2_ws/build/ssd_detection/build/lib/ssd_detection
[4.447s] running install
[4.447s] /usr/local/lib/python3.8/dist-packages/setuptools/_distutils/cmd.py:66: SetuptoolsDeprecationWarning: setup.py install is deprecated.
[4.447s] !!
[4.447s] 
[4.447s]         ********************************************************************************
[4.447s]         Please avoid running ``setup.py`` directly.
[4.447s]         Instead, use pypa/build, pypa/installer or other
[4.447s]         standards-based tools.
[4.447s] 
[4.447s]         See https://blog.ganssle.io/articles/2021/10/setup-py-deprecated.html for details.
[4.448s]         ********************************************************************************
[4.448s] 
[4.448s] !!
[4.448s]   self.initialize_options()
[4.452s] running install_lib
[4.469s] creating /home/kimjunsuk/ros2_ws/install/ssd_detection/lib/python3.8/site-packages/ssd_detection
[4.469s] copying /home/kimjunsuk/ros2_ws/build/ssd_detection/build/lib/ssd_detection/video_publisher.py -> /home/kimjunsuk/ros2_ws/install/ssd_detection/lib/python3.8/site-packages/ssd_detection
[4.470s] copying /home/kimjunsuk/ros2_ws/build/ssd_detection/build/lib/ssd_detection/__init__.py -> /home/kimjunsuk/ros2_ws/install/ssd_detection/lib/python3.8/site-packages/ssd_detection
[4.470s] copying /home/kimjunsuk/ros2_ws/build/ssd_detection/build/lib/ssd_detection/ssd_detection.py -> /home/kimjunsuk/ros2_ws/install/ssd_detection/lib/python3.8/site-packages/ssd_detection
[4.470s] copying /home/kimjunsuk/ros2_ws/build/ssd_detection/build/lib/ssd_detection/misc.py -> /home/kimjunsuk/ros2_ws/install/ssd_detection/lib/python3.8/site-packages/ssd_detection
[4.470s] byte-compiling /home/kimjunsuk/ros2_ws/install/ssd_detection/lib/python3.8/site-packages/ssd_detection/video_publisher.py to video_publisher.cpython-38.pyc
[4.471s] byte-compiling /home/kimjunsuk/ros2_ws/install/ssd_detection/lib/python3.8/site-packages/ssd_detection/__init__.py to __init__.cpython-38.pyc
[4.471s] byte-compiling /home/kimjunsuk/ros2_ws/install/ssd_detection/lib/python3.8/site-packages/ssd_detection/ssd_detection.py to ssd_detection.cpython-38.pyc
[4.472s] byte-compiling /home/kimjunsuk/ros2_ws/install/ssd_detection/lib/python3.8/site-packages/ssd_detection/misc.py to misc.cpython-38.pyc
[4.472s] running install_data
[4.489s] copying resource/ssd_detection -> /home/kimjunsuk/ros2_ws/install/ssd_detection/share/ament_index/resource_index/packages
[4.489s] copying package.xml -> /home/kimjunsuk/ros2_ws/install/ssd_detection/share/ssd_detection
[4.489s] running install_egg_info
[4.506s] Copying ../../build/ssd_detection/ssd_detection.egg-info to /home/kimjunsuk/ros2_ws/install/ssd_detection/lib/python3.8/site-packages/ssd_detection-0.0.0-py3.8.egg-info
[4.507s] running install_scripts
[4.556s] Installing detection_example script to /home/kimjunsuk/ros2_ws/install/ssd_detection/lib/ssd_detection
[4.556s] Installing video_publisher script to /home/kimjunsuk/ros2_ws/install/ssd_detection/lib/ssd_detection
[4.556s] writing list of installed files to '/home/kimjunsuk/ros2_ws/build/ssd_detection/install.log'
[4.580s] Invoked command in '/home/kimjunsuk/ros2_ws/src/ssd_detection' returned '0': PYTHONPATH=/home/kimjunsuk/ros2_ws/build/ssd_detection/prefix_override:/home/kimjunsuk/ros2_ws/install/ssd_detection/lib/python3.8/site-packages:${PYTHONPATH} /usr/bin/python3 setup.py egg_info --egg-base ../../build/ssd_detection build --build-base /home/kimjunsuk/ros2_ws/build/ssd_detection/build install --record /home/kimjunsuk/ros2_ws/build/ssd_detection/install.log --install-scripts $base/lib/ssd_detection --single-version-externally-managed
